<?xml version="1.0" encoding="UTF-8"?>
<testsuites name="F4_EmployStatus" time="173.895" tests="2" failures="1" errors="0">
   <testsuite name="F4_EmployStatus" tests="2" failures="1" errors="0" time="173.895" skipped="0" timestamp="2023-05-30 13:38:45" hostname="Aiman Hakim - DESKTOP-1FDN2RP" id="Test Suites/F4_EmployStatus">
      <properties>
         <property name="deviceName" value=""/>
         <property name="devicePlatform" value=""/>
         <property name="logFolder" value="C:\\Users\\Aiman Hakim\\Katalon Studio\\PROJECT WEB_ASSESSMENT PROTEGE\\Reports\\20230530_133833\\F4_EmployStatus\\20230530_133833"/>
         <property name="logFiles" value="C:\\Users\\Aiman Hakim\\Katalon Studio\\PROJECT WEB_ASSESSMENT PROTEGE\\Reports\\20230530_133833\\F4_EmployStatus\\20230530_133833\\execution0.log"/>
         <property name="attachments" value="C:\\Users\\Aiman Hakim\\Katalon Studio\\PROJECT WEB_ASSESSMENT PROTEGE\\Reports\\20230530_133833\\F4_EmployStatus\\20230530_133833\\1685425205220.png, C:\\Users\\Aiman Hakim\\Katalon Studio\\PROJECT WEB_ASSESSMENT PROTEGE\\Reports\\20230530_133833\\F4_EmployStatus\\20230530_133833\\1685425205600.png, C:\\Users\\Aiman Hakim\\Katalon Studio\\PROJECT WEB_ASSESSMENT PROTEGE\\Reports\\20230530_133833\\F4_EmployStatus\\20230530_133833\\1685425231785.png, C:\\Users\\Aiman Hakim\\Katalon Studio\\PROJECT WEB_ASSESSMENT PROTEGE\\Reports\\20230530_133833\\F4_EmployStatus\\20230530_133833\\1685425231997.png, C:\\Users\\Aiman Hakim\\Katalon Studio\\PROJECT WEB_ASSESSMENT PROTEGE\\Reports\\20230530_133833\\F4_EmployStatus\\20230530_133833\\1685425265094.png, C:\\Users\\Aiman Hakim\\Katalon Studio\\PROJECT WEB_ASSESSMENT PROTEGE\\Reports\\20230530_133833\\F4_EmployStatus\\20230530_133833\\1685425265270.png, C:\\Users\\Aiman Hakim\\Katalon Studio\\PROJECT WEB_ASSESSMENT PROTEGE\\Reports\\20230530_133833\\F4_EmployStatus\\20230530_133833\\1685425298577.png, C:\\Users\\Aiman Hakim\\Katalon Studio\\PROJECT WEB_ASSESSMENT PROTEGE\\Reports\\20230530_133833\\F4_EmployStatus\\20230530_133833\\1685425298785.png"/>
         <property name="hostName" value="Aiman Hakim - DESKTOP-1FDN2RP"/>
         <property name="os" value="Windows 10 64bit"/>
         <property name="katalonVersion" value="8.6.0.208"/>
         <property name="browser" value="Chrome 113.0.0.0"/>
         <property name="hostAddress" value="192.168.8.100"/>
         <property name="sessionId" value="5778dd7e4bace6f56c8346c0db008546"/>
         <property name="seleniumVersion" value="3.141.59"/>
         <property name="proxyInformation" value="ProxyInformation { proxyOption=NO_PROXY, proxyServerType=HTTP, username=, password=********, proxyServerAddress=, proxyServerPort=0, executionList=&quot;&quot;, isApplyToDesiredCapabilities=true }"/>
         <property name="platform" value="Windows 10"/>
      </properties>
      <testcase name="Test Cases/PROJECT WEB/F4_Employment Status/Add Employment Status/ES01_TC01_Add Employ Status-CustomKeywords (P)" time="34.369" classname="Test Cases/PROJECT WEB/F4_Employment Status/Add Employment Status/ES01_TC01_Add Employ Status-CustomKeywords (P)" status="PASSED">
         <system-out><![CDATA[2023-05-30 13:38:45 - [TEST_CASE][PASSED] - Test Cases/PROJECT WEB/F4_Employment Status/Add Employment Status/ES01_TC01_Add Employ Status-CustomKeywords (P): Test Cases/PROJECT WEB/F4_Employment Status/Add Employment Status/ES01_TC01_Add Employ Status-CustomKeywords (P)

2023-05-30 13:38:46 - [TEST_STEP][PASSED] - callTestCase(findTestCase("PROJECT WEB/Common/F1_LoginFeatures/LF1_TC1_SUCCESSFULY LOGIN (P)"), ["username":"Admin", "password":"hUKwJTbofgPU9eVlw/CnDQ=="], STOP_ON_FAILURE): Call Test Case 'Test Cases/PROJECT WEB/Common/F1_LoginFeatures/LF1_TC1_SUCCESSFULY LOGIN (P)' successfully

2023-05-30 13:38:46 - [TEST_CASE][PASSED] - Test Cases/PROJECT WEB/Common/F1_LoginFeatures/LF1_TC1_SUCCESSFULY LOGIN (P): Test Cases/PROJECT WEB/Common/F1_LoginFeatures/LF1_TC1_SUCCESSFULY LOGIN (P)

2023-05-30 13:38:47 - [TEST_STEP][PASSED] - openBrowser(""): Browser is opened with url: ''

2023-05-30 13:38:47 - [MESSAGE][INFO] - Starting 'Chrome' driver

2023-05-30 13:38:47 - [MESSAGE][INFO] - User set preference: ['--window-size=1920,1080', '0']

2023-05-30 13:38:47 - [MESSAGE][INFO] - Action delay is set to 0 milliseconds

2023-05-30 13:38:50 - [MESSAGE][PASSED] - Browser is opened with url: ''

2023-05-30 13:38:50 - [TEST_STEP][PASSED] - maximizeWindow(): Current window maximized

2023-05-30 13:38:50 - [MESSAGE][PASSED] - Current window maximized

2023-05-30 13:38:50 - [TEST_STEP][PASSED] - navigateToUrl("https://opensource-demo.orangehrmlive.com/web/index.php/auth/login"): Navigate to 'https://opensource-demo.orangehrmlive.com/web/index.php/auth/login' successfully

2023-05-30 13:38:59 - [MESSAGE][PASSED] - Navigate to 'https://opensource-demo.orangehrmlive.com/web/index.php/auth/login' successfully

2023-05-30 13:38:59 - [TEST_STEP][PASSED] - setText(findTestObject("PROJECT WEB/Common/Page_OrangeHRM/input_Username"), username): Text 'Admin' is set on object 'Object Repository/PROJECT WEB/Common/Page_OrangeHRM/input_Username'

2023-05-30 13:39:01 - [MESSAGE][PASSED] - Text 'Admin' is set on object 'Object Repository/PROJECT WEB/Common/Page_OrangeHRM/input_Username'

2023-05-30 13:39:01 - [TEST_STEP][PASSED] - setEncryptedText(findTestObject("PROJECT WEB/Common/Page_OrangeHRM/input_Password"), password): Text ****** has been set on object 'Object Repository/PROJECT WEB/Common/Page_OrangeHRM/input_Password'

2023-05-30 13:39:02 - [MESSAGE][PASSED] - Text ****** has been set on object 'Object Repository/PROJECT WEB/Common/Page_OrangeHRM/input_Password'

2023-05-30 13:39:02 - [TEST_STEP][PASSED] - click(findTestObject("PROJECT WEB/Common/Page_OrangeHRM/button_Login")): Object: 'Object Repository/PROJECT WEB/Common/Page_OrangeHRM/button_Login' is clicked on

2023-05-30 13:39:04 - [MESSAGE][PASSED] - Object: 'Object Repository/PROJECT WEB/Common/Page_OrangeHRM/button_Login' is clicked on

2023-05-30 13:39:04 - [TEST_STEP][PASSED] - verifyElementPresent(findTestObject("PROJECT WEB/Common/Page_OrangeHRM/h6_Dashboard"), 0): Object 'Object Repository/PROJECT WEB/Common/Page_OrangeHRM/h6_Dashboard' is present

2023-05-30 13:39:04 - [MESSAGE][WARNING] - Timeout '0' is invalid. Using default page load timeout: '30'

2023-05-30 13:39:06 - [MESSAGE][PASSED] - Object 'Object Repository/PROJECT WEB/Common/Page_OrangeHRM/h6_Dashboard' is present

2023-05-30 13:39:06 - [MESSAGE][PASSED] - Call Test Case 'Test Cases/PROJECT WEB/Common/F1_LoginFeatures/LF1_TC1_SUCCESSFULY LOGIN (P)' successfully

2023-05-30 13:39:06 - [TEST_STEP][PASSED] - click(findTestObject("Object Repository/PROJECT WEB/Employment Status/span_Admin")): Object: 'Object Repository/PROJECT WEB/Employment Status/span_Admin' is clicked on

2023-05-30 13:39:07 - [MESSAGE][PASSED] - Object: 'Object Repository/PROJECT WEB/Employment Status/span_Admin' is clicked on

2023-05-30 13:39:07 - [TEST_STEP][PASSED] - navigateToUrl("https://opensource-demo.orangehrmlive.com/web/index.php/admin/viewSystemUsers"): Navigate to 'https://opensource-demo.orangehrmlive.com/web/index.php/admin/viewSystemUsers' successfully

2023-05-30 13:39:08 - [MESSAGE][PASSED] - Navigate to 'https://opensource-demo.orangehrmlive.com/web/index.php/admin/viewSystemUsers' successfully

2023-05-30 13:39:08 - [TEST_STEP][PASSED] - click(findTestObject("Object Repository/PROJECT WEB/Employment Status/span_Job")): Object: 'Object Repository/PROJECT WEB/Employment Status/span_Job' is clicked on

2023-05-30 13:39:09 - [MESSAGE][PASSED] - Object: 'Object Repository/PROJECT WEB/Employment Status/span_Job' is clicked on

2023-05-30 13:39:09 - [TEST_STEP][PASSED] - click(findTestObject("Object Repository/PROJECT WEB/Employment Status/a_Employment Status")): Object: 'Object Repository/PROJECT WEB/Employment Status/a_Employment Status' is clicked on

2023-05-30 13:39:15 - [MESSAGE][PASSED] - Object: 'Object Repository/PROJECT WEB/Employment Status/a_Employment Status' is clicked on

2023-05-30 13:39:15 - [TEST_STEP][PASSED] - click(findTestObject("Object Repository/PROJECT WEB/Employment Status/button_Add_EmploymentStatus")): Object: 'Object Repository/PROJECT WEB/Employment Status/button_Add_EmploymentStatus' is clicked on

2023-05-30 13:39:16 - [MESSAGE][PASSED] - Object: 'Object Repository/PROJECT WEB/Employment Status/button_Add_EmploymentStatus' is clicked on

2023-05-30 13:39:16 - [TEST_STEP][PASSED] - result = addEmployStatus.employStatus.addEmploymentStatus(employStatus): addEmployStatus.employStatus.addEmploymentStatus is PASSED

2023-05-30 13:39:16 - [MESSAGE][PASSED] - addEmployStatus.employStatus.addEmploymentStatus is PASSED

2023-05-30 13:39:16 - [TEST_STEP][PASSED] - setText(findTestObject("Object Repository/PROJECT WEB/Employment Status/input_Name_EmploymentStatus"), result): Text ' Part-Timer COntract' is set on object 'Object Repository/PROJECT WEB/Employment Status/input_Name_EmploymentStatus'

2023-05-30 13:39:18 - [MESSAGE][PASSED] - Text ' Part-Timer COntract' is set on object 'Object Repository/PROJECT WEB/Employment Status/input_Name_EmploymentStatus'

2023-05-30 13:39:18 - [TEST_STEP][PASSED] - click(findTestObject("Object Repository/PROJECT WEB/Employment Status/button_Save")): Object: 'Object Repository/PROJECT WEB/Employment Status/button_Save' is clicked on

2023-05-30 13:39:18 - [MESSAGE][PASSED] - Object: 'Object Repository/PROJECT WEB/Employment Status/button_Save' is clicked on

2023-05-30 13:39:18 - [TEST_STEP][PASSED] - click(findTestObject("Object Repository/PROJECT WEB/Employment Status/p_Successfully Saved")): Object: 'Object Repository/PROJECT WEB/Employment Status/p_Successfully Saved' is clicked on

2023-05-30 13:39:19 - [MESSAGE][PASSED] - Object: 'Object Repository/PROJECT WEB/Employment Status/p_Successfully Saved' is clicked on]]></system-out>
         <system-err><![CDATA[]]></system-err>
      </testcase>
      <testcase name="Test Cases/PROJECT WEB/F4_Employment Status/Add Employment Status/ES01_TC01_Add Existing Employ Status (N)" time="33.511" classname="Test Cases/PROJECT WEB/F4_Employment Status/Add Employment Status/ES01_TC01_Add Existing Employ Status (N)" status="FAILED">
         <failure type="FAILED" message="Test Cases/PROJECT WEB/F4_Employment Status/Add Employment Status/ES01_TC01_Add Existing Employ Status (N) FAILED.
Reason:
com.kms.katalon.core.exception.StepFailedException: Unable to verify object 'Object Repository/PROJECT WEB/Employment Status/span_Already exists' is present
	at com.kms.katalon.core.webui.keyword.internal.WebUIKeywordMain.stepFailed(WebUIKeywordMain.groovy:64)
	at com.kms.katalon.core.webui.keyword.internal.WebUIKeywordMain.runKeyword(WebUIKeywordMain.groovy:26)
	at com.kms.katalon.core.webui.keyword.builtin.VerifyElementPresentKeyword.verifyElementPresent(VerifyElementPresentKeyword.groovy:92)
	at com.kms.katalon.core.webui.keyword.builtin.VerifyElementPresentKeyword.execute(VerifyElementPresentKeyword.groovy:68)
	at com.kms.katalon.core.keyword.internal.KeywordExecutor.executeKeywordForPlatform(KeywordExecutor.groovy:74)
	at com.kms.katalon.core.webui.keyword.WebUiBuiltInKeywords.verifyElementPresent(WebUiBuiltInKeywords.groovy:1464)
	at com.kms.katalon.core.webui.keyword.WebUiBuiltInKeywords$verifyElementPresent$5.call(Unknown Source)
	at ES01_TC01_Add Existing Employ Status (N).run(ES01_TC01_Add Existing Employ Status (N):35)
	at com.kms.katalon.core.main.ScriptEngine.run(ScriptEngine.java:194)
	at com.kms.katalon.core.main.ScriptEngine.runScriptAsRawText(ScriptEngine.java:119)
	at com.kms.katalon.core.main.TestCaseExecutor.runScript(TestCaseExecutor.java:448)
	at com.kms.katalon.core.main.TestCaseExecutor.doExecute(TestCaseExecutor.java:439)
	at com.kms.katalon.core.main.TestCaseExecutor.processExecutionPhase(TestCaseExecutor.java:418)
	at com.kms.katalon.core.main.TestCaseExecutor.accessMainPhase(TestCaseExecutor.java:410)
	at com.kms.katalon.core.main.TestCaseExecutor.execute(TestCaseExecutor.java:285)
	at com.kms.katalon.core.main.TestCaseExecutor.execute(TestCaseExecutor.java:369)
	at com.kms.katalon.core.main.TestCaseExecutor.execute(TestCaseExecutor.java:369)
	at com.kms.katalon.core.main.TestCaseExecutor.execute(TestCaseExecutor.java:369)
	at com.kms.katalon.core.common.CommonExecutor.accessTestCaseMainPhase(CommonExecutor.java:65)
	at com.kms.katalon.core.main.TestSuiteExecutor.accessTestSuiteMainPhase(TestSuiteExecutor.java:148)
	at com.kms.katalon.core.main.TestSuiteExecutor.execute(TestSuiteExecutor.java:106)
	at com.kms.katalon.core.main.TestCaseMain.startTestSuite(TestCaseMain.java:187)
	at com.kms.katalon.core.main.TestCaseMain$startTestSuite$0.call(Unknown Source)
	at TempTestSuite1685425113525.run(TempTestSuite1685425113525.groovy:36)
Caused by: com.kms.katalon.core.exception.StepFailedException: com.kms.katalon.core.webui.exception.WebElementNotFoundException: Web element with id: 'Object Repository/PROJECT WEB/Employment Status/span_Already exists' located by '//div[@id='app']/div/div[2]/div[2]/div/div/form/div/div/span' not found
	at com.kms.katalon.core.webui.keyword.internal.WebUIKeywordMain.stepFailed(WebUIKeywordMain.groovy:64)
	at com.kms.katalon.core.webui.keyword.builtin.VerifyElementPresentKeyword$_verifyElementPresent_closure1.doCall(VerifyElementPresentKeyword.groovy:85)
	at com.kms.katalon.core.webui.keyword.builtin.VerifyElementPresentKeyword$_verifyElementPresent_closure1.call(VerifyElementPresentKeyword.groovy)
	at com.kms.katalon.core.webui.keyword.internal.WebUIKeywordMain.runKeyword(WebUIKeywordMain.groovy:20)
	... 22 more
"/>
         <system-out><![CDATA[2023-05-30 13:41:05 - [TEST_CASE][FAILED] - Test Cases/PROJECT WEB/F4_Employment Status/Add Employment Status/ES01_TC01_Add Existing Employ Status (N): Test Cases/PROJECT WEB/F4_Employment Status/Add Employment Status/ES01_TC01_Add Existing Employ Status (N) FAILED.
Reason:
com.kms.katalon.core.exception.StepFailedException: Unable to verify object 'Object Repository/PROJECT WEB/Employment Status/span_Already exists' is present
	at com.kms.katalon.core.webui.keyword.internal.WebUIKeywordMain.stepFailed(WebUIKeywordMain.groovy:64)
	at com.kms.katalon.core.webui.keyword.internal.WebUIKeywordMain.runKeyword(WebUIKeywordMain.groovy:26)
	at com.kms.katalon.core.webui.keyword.builtin.VerifyElementPresentKeyword.verifyElementPresent(VerifyElementPresentKeyword.groovy:92)
	at com.kms.katalon.core.webui.keyword.builtin.VerifyElementPresentKeyword.execute(VerifyElementPresentKeyword.groovy:68)
	at com.kms.katalon.core.keyword.internal.KeywordExecutor.executeKeywordForPlatform(KeywordExecutor.groovy:74)
	at com.kms.katalon.core.webui.keyword.WebUiBuiltInKeywords.verifyElementPresent(WebUiBuiltInKeywords.groovy:1464)
	at com.kms.katalon.core.webui.keyword.WebUiBuiltInKeywords$verifyElementPresent$5.call(Unknown Source)
	at ES01_TC01_Add Existing Employ Status (N).run(ES01_TC01_Add Existing Employ Status (N):35)
	at com.kms.katalon.core.main.ScriptEngine.run(ScriptEngine.java:194)
	at com.kms.katalon.core.main.ScriptEngine.runScriptAsRawText(ScriptEngine.java:119)
	at com.kms.katalon.core.main.TestCaseExecutor.runScript(TestCaseExecutor.java:448)
	at com.kms.katalon.core.main.TestCaseExecutor.doExecute(TestCaseExecutor.java:439)
	at com.kms.katalon.core.main.TestCaseExecutor.processExecutionPhase(TestCaseExecutor.java:418)
	at com.kms.katalon.core.main.TestCaseExecutor.accessMainPhase(TestCaseExecutor.java:410)
	at com.kms.katalon.core.main.TestCaseExecutor.execute(TestCaseExecutor.java:285)
	at com.kms.katalon.core.main.TestCaseExecutor.execute(TestCaseExecutor.java:369)
	at com.kms.katalon.core.main.TestCaseExecutor.execute(TestCaseExecutor.java:369)
	at com.kms.katalon.core.main.TestCaseExecutor.execute(TestCaseExecutor.java:369)
	at com.kms.katalon.core.common.CommonExecutor.accessTestCaseMainPhase(CommonExecutor.java:65)
	at com.kms.katalon.core.main.TestSuiteExecutor.accessTestSuiteMainPhase(TestSuiteExecutor.java:148)
	at com.kms.katalon.core.main.TestSuiteExecutor.execute(TestSuiteExecutor.java:106)
	at com.kms.katalon.core.main.TestCaseMain.startTestSuite(TestCaseMain.java:187)
	at com.kms.katalon.core.main.TestCaseMain$startTestSuite$0.call(Unknown Source)
	at TempTestSuite1685425113525.run(TempTestSuite1685425113525.groovy:36)
Caused by: com.kms.katalon.core.exception.StepFailedException: com.kms.katalon.core.webui.exception.WebElementNotFoundException: Web element with id: 'Object Repository/PROJECT WEB/Employment Status/span_Already exists' located by '//div[@id='app']/div/div[2]/div[2]/div/div/form/div/div/span' not found
	at com.kms.katalon.core.webui.keyword.internal.WebUIKeywordMain.stepFailed(WebUIKeywordMain.groovy:64)
	at com.kms.katalon.core.webui.keyword.builtin.VerifyElementPresentKeyword$_verifyElementPresent_closure1.doCall(VerifyElementPresentKeyword.groovy:85)
	at com.kms.katalon.core.webui.keyword.builtin.VerifyElementPresentKeyword$_verifyElementPresent_closure1.call(VerifyElementPresentKeyword.groovy)
	at com.kms.katalon.core.webui.keyword.internal.WebUIKeywordMain.runKeyword(WebUIKeywordMain.groovy:20)
	... 22 more


2023-05-30 13:41:05 - [TEST_STEP][PASSED] - callTestCase(findTestCase("PROJECT WEB/Common/F1_LoginFeatures/LF1_TC1_SUCCESSFULY LOGIN (P)"), ["username":"Admin", "password":"hUKwJTbofgPU9eVlw/CnDQ=="], STOP_ON_FAILURE): Call Test Case 'Test Cases/PROJECT WEB/Common/F1_LoginFeatures/LF1_TC1_SUCCESSFULY LOGIN (P)' successfully

2023-05-30 13:41:05 - [TEST_CASE][PASSED] - Test Cases/PROJECT WEB/Common/F1_LoginFeatures/LF1_TC1_SUCCESSFULY LOGIN (P): Test Cases/PROJECT WEB/Common/F1_LoginFeatures/LF1_TC1_SUCCESSFULY LOGIN (P)

2023-05-30 13:41:05 - [TEST_STEP][PASSED] - openBrowser(""): Browser is opened with url: ''

2023-05-30 13:41:05 - [MESSAGE][WARNING] - A browser is already opened. Closing browser and opening a new one

2023-05-30 13:41:06 - [MESSAGE][INFO] - Starting 'Chrome' driver

2023-05-30 13:41:06 - [MESSAGE][INFO] - User set preference: ['--window-size=1920,1080', '0']

2023-05-30 13:41:06 - [MESSAGE][INFO] - Action delay is set to 0 milliseconds

2023-05-30 13:41:07 - [MESSAGE][PASSED] - Browser is opened with url: ''

2023-05-30 13:41:07 - [TEST_STEP][PASSED] - maximizeWindow(): Current window maximized

2023-05-30 13:41:07 - [MESSAGE][PASSED] - Current window maximized

2023-05-30 13:41:07 - [TEST_STEP][PASSED] - navigateToUrl("https://opensource-demo.orangehrmlive.com/web/index.php/auth/login"): Navigate to 'https://opensource-demo.orangehrmlive.com/web/index.php/auth/login' successfully

2023-05-30 13:41:24 - [MESSAGE][PASSED] - Navigate to 'https://opensource-demo.orangehrmlive.com/web/index.php/auth/login' successfully

2023-05-30 13:41:24 - [TEST_STEP][PASSED] - setText(findTestObject("PROJECT WEB/Common/Page_OrangeHRM/input_Username"), username): Text 'Admin' is set on object 'Object Repository/PROJECT WEB/Common/Page_OrangeHRM/input_Username'

2023-05-30 13:41:26 - [MESSAGE][PASSED] - Text 'Admin' is set on object 'Object Repository/PROJECT WEB/Common/Page_OrangeHRM/input_Username'

2023-05-30 13:41:26 - [TEST_STEP][PASSED] - setEncryptedText(findTestObject("PROJECT WEB/Common/Page_OrangeHRM/input_Password"), password): Text ****** has been set on object 'Object Repository/PROJECT WEB/Common/Page_OrangeHRM/input_Password'

2023-05-30 13:41:26 - [MESSAGE][PASSED] - Text ****** has been set on object 'Object Repository/PROJECT WEB/Common/Page_OrangeHRM/input_Password'

2023-05-30 13:41:26 - [TEST_STEP][PASSED] - click(findTestObject("PROJECT WEB/Common/Page_OrangeHRM/button_Login")): Object: 'Object Repository/PROJECT WEB/Common/Page_OrangeHRM/button_Login' is clicked on

2023-05-30 13:41:27 - [MESSAGE][PASSED] - Object: 'Object Repository/PROJECT WEB/Common/Page_OrangeHRM/button_Login' is clicked on

2023-05-30 13:41:27 - [TEST_STEP][PASSED] - verifyElementPresent(findTestObject("PROJECT WEB/Common/Page_OrangeHRM/h6_Dashboard"), 0): Object 'Object Repository/PROJECT WEB/Common/Page_OrangeHRM/h6_Dashboard' is present

2023-05-30 13:41:27 - [MESSAGE][WARNING] - Timeout '0' is invalid. Using default page load timeout: '30'

2023-05-30 13:41:30 - [MESSAGE][PASSED] - Object 'Object Repository/PROJECT WEB/Common/Page_OrangeHRM/h6_Dashboard' is present

2023-05-30 13:41:30 - [MESSAGE][PASSED] - Call Test Case 'Test Cases/PROJECT WEB/Common/F1_LoginFeatures/LF1_TC1_SUCCESSFULY LOGIN (P)' successfully

2023-05-30 13:41:30 - [TEST_STEP][PASSED] - click(findTestObject("Object Repository/PROJECT WEB/Employment Status/span_Admin")): Object: 'Object Repository/PROJECT WEB/Employment Status/span_Admin' is clicked on

2023-05-30 13:41:31 - [MESSAGE][PASSED] - Object: 'Object Repository/PROJECT WEB/Employment Status/span_Admin' is clicked on

2023-05-30 13:41:31 - [TEST_STEP][PASSED] - navigateToUrl("https://opensource-demo.orangehrmlive.com/web/index.php/admin/viewSystemUsers"): Navigate to 'https://opensource-demo.orangehrmlive.com/web/index.php/admin/viewSystemUsers' successfully

2023-05-30 13:41:32 - [MESSAGE][PASSED] - Navigate to 'https://opensource-demo.orangehrmlive.com/web/index.php/admin/viewSystemUsers' successfully

2023-05-30 13:41:32 - [TEST_STEP][PASSED] - click(findTestObject("Object Repository/PROJECT WEB/Employment Status/span_Job")): Object: 'Object Repository/PROJECT WEB/Employment Status/span_Job' is clicked on

2023-05-30 13:41:33 - [MESSAGE][PASSED] - Object: 'Object Repository/PROJECT WEB/Employment Status/span_Job' is clicked on

2023-05-30 13:41:33 - [TEST_STEP][PASSED] - click(findTestObject("Object Repository/PROJECT WEB/Employment Status/a_Employment Status")): Object: 'Object Repository/PROJECT WEB/Employment Status/a_Employment Status' is clicked on

2023-05-30 13:41:34 - [MESSAGE][PASSED] - Object: 'Object Repository/PROJECT WEB/Employment Status/a_Employment Status' is clicked on

2023-05-30 13:41:34 - [TEST_STEP][PASSED] - click(findTestObject("Object Repository/PROJECT WEB/Employment Status/button_Add_EmploymentStatus")): Object: 'Object Repository/PROJECT WEB/Employment Status/button_Add_EmploymentStatus' is clicked on

2023-05-30 13:41:36 - [MESSAGE][PASSED] - Object: 'Object Repository/PROJECT WEB/Employment Status/button_Add_EmploymentStatus' is clicked on

2023-05-30 13:41:36 - [TEST_STEP][PASSED] - setText(findTestObject("Object Repository/PROJECT WEB/Employment Status/input_Name_EmploymentStatus"), "Freelance"): Text 'Freelance' is set on object 'Object Repository/PROJECT WEB/Employment Status/input_Name_EmploymentStatus'

2023-05-30 13:41:37 - [MESSAGE][PASSED] - Text 'Freelance' is set on object 'Object Repository/PROJECT WEB/Employment Status/input_Name_EmploymentStatus'

2023-05-30 13:41:37 - [TEST_STEP][FAILED] - verifyElementPresent(findTestObject("Object Repository/PROJECT WEB/Employment Status/span_Already exists"), 0): Unable to verify object 'Object Repository/PROJECT WEB/Employment Status/span_Already exists' is present (Root cause: com.kms.katalon.core.exception.StepFailedException: Unable to verify object 'Object Repository/PROJECT WEB/Employment Status/span_Already exists' is present
	at com.kms.katalon.core.webui.keyword.internal.WebUIKeywordMain.stepFailed(WebUIKeywordMain.groovy:64)
	at com.kms.katalon.core.webui.keyword.internal.WebUIKeywordMain.runKeyword(WebUIKeywordMain.groovy:26)
	at com.kms.katalon.core.webui.keyword.builtin.VerifyElementPresentKeyword.verifyElementPresent(VerifyElementPresentKeyword.groovy:92)
	at com.kms.katalon.core.webui.keyword.builtin.VerifyElementPresentKeyword.execute(VerifyElementPresentKeyword.groovy:68)
	at com.kms.katalon.core.keyword.internal.KeywordExecutor.executeKeywordForPlatform(KeywordExecutor.groovy:74)
	at com.kms.katalon.core.webui.keyword.WebUiBuiltInKeywords.verifyElementPresent(WebUiBuiltInKeywords.groovy:1464)
	at com.kms.katalon.core.webui.keyword.WebUiBuiltInKeywords$verifyElementPresent$5.call(Unknown Source)
	at ES01_TC01_Add Existing Employ Status (N).run(ES01_TC01_Add Existing Employ Status (N):35)
	at com.kms.katalon.core.main.ScriptEngine.run(ScriptEngine.java:194)
	at com.kms.katalon.core.main.ScriptEngine.runScriptAsRawText(ScriptEngine.java:119)
	at com.kms.katalon.core.main.TestCaseExecutor.runScript(TestCaseExecutor.java:448)
	at com.kms.katalon.core.main.TestCaseExecutor.doExecute(TestCaseExecutor.java:439)
	at com.kms.katalon.core.main.TestCaseExecutor.processExecutionPhase(TestCaseExecutor.java:418)
	at com.kms.katalon.core.main.TestCaseExecutor.accessMainPhase(TestCaseExecutor.java:410)
	at com.kms.katalon.core.main.TestCaseExecutor.execute(TestCaseExecutor.java:285)
	at com.kms.katalon.core.main.TestCaseExecutor.execute(TestCaseExecutor.java:369)
	at com.kms.katalon.core.main.TestCaseExecutor.execute(TestCaseExecutor.java:369)
	at com.kms.katalon.core.main.TestCaseExecutor.execute(TestCaseExecutor.java:369)
	at com.kms.katalon.core.common.CommonExecutor.accessTestCaseMainPhase(CommonExecutor.java:65)
	at com.kms.katalon.core.main.TestSuiteExecutor.accessTestSuiteMainPhase(TestSuiteExecutor.java:148)
	at com.kms.katalon.core.main.TestSuiteExecutor.execute(TestSuiteExecutor.java:106)
	at com.kms.katalon.core.main.TestCaseMain.startTestSuite(TestCaseMain.java:187)
	at com.kms.katalon.core.main.TestCaseMain$startTestSuite$0.call(Unknown Source)
	at TempTestSuite1685425113525.run(TempTestSuite1685425113525.groovy:36)
Caused by: com.kms.katalon.core.exception.StepFailedException: com.kms.katalon.core.webui.exception.WebElementNotFoundException: Web element with id: 'Object Repository/PROJECT WEB/Employment Status/span_Already exists' located by '//div[@id='app']/div/div[2]/div[2]/div/div/form/div/div/span' not found
	at com.kms.katalon.core.webui.keyword.internal.WebUIKeywordMain.stepFailed(WebUIKeywordMain.groovy:64)
	at com.kms.katalon.core.webui.keyword.builtin.VerifyElementPresentKeyword$_verifyElementPresent_closure1.doCall(VerifyElementPresentKeyword.groovy:85)
	at com.kms.katalon.core.webui.keyword.builtin.VerifyElementPresentKeyword$_verifyElementPresent_closure1.call(VerifyElementPresentKeyword.groovy)
	at com.kms.katalon.core.webui.keyword.internal.WebUIKeywordMain.runKeyword(WebUIKeywordMain.groovy:20)
	... 22 more
)

2023-05-30 13:41:37 - [MESSAGE][WARNING] - Timeout '0' is invalid. Using default page load timeout: '30'

2023-05-30 13:41:38 - [MESSAGE][INFO] - Unable to find the element located by 'By.xpath: //div[@id='app']/div/div[2]/div[2]/div/div/form/div/div/span'. Please recheck the objects properties to make sure the desired element is located. 

2023-05-30 13:41:38 - [MESSAGE][FAILED] - com.kms.katalon.core.webui.exception.WebElementNotFoundException: Web element with id: 'Object Repository/PROJECT WEB/Employment Status/span_Already exists' located by '//div[@id='app']/div/div[2]/div[2]/div/div/form/div/div/span' not found (Root cause: com.kms.katalon.core.exception.StepFailedException: com.kms.katalon.core.webui.exception.WebElementNotFoundException: Web element with id: 'Object Repository/PROJECT WEB/Employment Status/span_Already exists' located by '//div[@id='app']/div/div[2]/div[2]/div/div/form/div/div/span' not found
	at com.kms.katalon.core.webui.keyword.internal.WebUIKeywordMain.stepFailed(WebUIKeywordMain.groovy:64)
	at com.kms.katalon.core.webui.keyword.builtin.VerifyElementPresentKeyword$_verifyElementPresent_closure1.doCall(VerifyElementPresentKeyword.groovy:85)
	at com.kms.katalon.core.webui.keyword.builtin.VerifyElementPresentKeyword$_verifyElementPresent_closure1.call(VerifyElementPresentKeyword.groovy)
	at com.kms.katalon.core.webui.keyword.internal.WebUIKeywordMain.runKeyword(WebUIKeywordMain.groovy:20)
	at com.kms.katalon.core.webui.keyword.builtin.VerifyElementPresentKeyword.verifyElementPresent(VerifyElementPresentKeyword.groovy:92)
	at com.kms.katalon.core.webui.keyword.builtin.VerifyElementPresentKeyword.execute(VerifyElementPresentKeyword.groovy:68)
	at com.kms.katalon.core.keyword.internal.KeywordExecutor.executeKeywordForPlatform(KeywordExecutor.groovy:74)
	at com.kms.katalon.core.webui.keyword.WebUiBuiltInKeywords.verifyElementPresent(WebUiBuiltInKeywords.groovy:1464)
	at com.kms.katalon.core.webui.keyword.WebUiBuiltInKeywords$verifyElementPresent$5.call(Unknown Source)
	at ES01_TC01_Add Existing Employ Status (N).run(ES01_TC01_Add Existing Employ Status (N):35)
	at com.kms.katalon.core.main.ScriptEngine.run(ScriptEngine.java:194)
	at com.kms.katalon.core.main.ScriptEngine.runScriptAsRawText(ScriptEngine.java:119)
	at com.kms.katalon.core.main.TestCaseExecutor.runScript(TestCaseExecutor.java:448)
	at com.kms.katalon.core.main.TestCaseExecutor.doExecute(TestCaseExecutor.java:439)
	at com.kms.katalon.core.main.TestCaseExecutor.processExecutionPhase(TestCaseExecutor.java:418)
	at com.kms.katalon.core.main.TestCaseExecutor.accessMainPhase(TestCaseExecutor.java:410)
	at com.kms.katalon.core.main.TestCaseExecutor.execute(TestCaseExecutor.java:285)
	at com.kms.katalon.core.main.TestCaseExecutor.execute(TestCaseExecutor.java:369)
	at com.kms.katalon.core.main.TestCaseExecutor.execute(TestCaseExecutor.java:369)
	at com.kms.katalon.core.main.TestCaseExecutor.execute(TestCaseExecutor.java:369)
	at com.kms.katalon.core.common.CommonExecutor.accessTestCaseMainPhase(CommonExecutor.java:65)
	at com.kms.katalon.core.main.TestSuiteExecutor.accessTestSuiteMainPhase(TestSuiteExecutor.java:148)
	at com.kms.katalon.core.main.TestSuiteExecutor.execute(TestSuiteExecutor.java:106)
	at com.kms.katalon.core.main.TestCaseMain.startTestSuite(TestCaseMain.java:187)
	at com.kms.katalon.core.main.TestCaseMain$startTestSuite$0.call(Unknown Source)
	at TempTestSuite1685425113525.run(TempTestSuite1685425113525.groovy:36)
)
[[ATTACHMENT|C:\\Users\\Aiman Hakim\\Katalon Studio\\PROJECT WEB_ASSESSMENT PROTEGE\\Reports\\20230530_133833\\F4_EmployStatus\\20230530_133833\\1685425298577.png]]

2023-05-30 13:41:38 - [MESSAGE][FAILED] - Unable to verify object 'Object Repository/PROJECT WEB/Employment Status/span_Already exists' is present (Root cause: com.kms.katalon.core.exception.StepFailedException: Unable to verify object 'Object Repository/PROJECT WEB/Employment Status/span_Already exists' is present
	at com.kms.katalon.core.webui.keyword.internal.WebUIKeywordMain.stepFailed(WebUIKeywordMain.groovy:64)
	at com.kms.katalon.core.webui.keyword.internal.WebUIKeywordMain.runKeyword(WebUIKeywordMain.groovy:26)
	at com.kms.katalon.core.webui.keyword.builtin.VerifyElementPresentKeyword.verifyElementPresent(VerifyElementPresentKeyword.groovy:92)
	at com.kms.katalon.core.webui.keyword.builtin.VerifyElementPresentKeyword.execute(VerifyElementPresentKeyword.groovy:68)
	at com.kms.katalon.core.keyword.internal.KeywordExecutor.executeKeywordForPlatform(KeywordExecutor.groovy:74)
	at com.kms.katalon.core.webui.keyword.WebUiBuiltInKeywords.verifyElementPresent(WebUiBuiltInKeywords.groovy:1464)
	at com.kms.katalon.core.webui.keyword.WebUiBuiltInKeywords$verifyElementPresent$5.call(Unknown Source)
	at ES01_TC01_Add Existing Employ Status (N).run(ES01_TC01_Add Existing Employ Status (N):35)
	at com.kms.katalon.core.main.ScriptEngine.run(ScriptEngine.java:194)
	at com.kms.katalon.core.main.ScriptEngine.runScriptAsRawText(ScriptEngine.java:119)
	at com.kms.katalon.core.main.TestCaseExecutor.runScript(TestCaseExecutor.java:448)
	at com.kms.katalon.core.main.TestCaseExecutor.doExecute(TestCaseExecutor.java:439)
	at com.kms.katalon.core.main.TestCaseExecutor.processExecutionPhase(TestCaseExecutor.java:418)
	at com.kms.katalon.core.main.TestCaseExecutor.accessMainPhase(TestCaseExecutor.java:410)
	at com.kms.katalon.core.main.TestCaseExecutor.execute(TestCaseExecutor.java:285)
	at com.kms.katalon.core.main.TestCaseExecutor.execute(TestCaseExecutor.java:369)
	at com.kms.katalon.core.main.TestCaseExecutor.execute(TestCaseExecutor.java:369)
	at com.kms.katalon.core.main.TestCaseExecutor.execute(TestCaseExecutor.java:369)
	at com.kms.katalon.core.common.CommonExecutor.accessTestCaseMainPhase(CommonExecutor.java:65)
	at com.kms.katalon.core.main.TestSuiteExecutor.accessTestSuiteMainPhase(TestSuiteExecutor.java:148)
	at com.kms.katalon.core.main.TestSuiteExecutor.execute(TestSuiteExecutor.java:106)
	at com.kms.katalon.core.main.TestCaseMain.startTestSuite(TestCaseMain.java:187)
	at com.kms.katalon.core.main.TestCaseMain$startTestSuite$0.call(Unknown Source)
	at TempTestSuite1685425113525.run(TempTestSuite1685425113525.groovy:36)
Caused by: com.kms.katalon.core.exception.StepFailedException: com.kms.katalon.core.webui.exception.WebElementNotFoundException: Web element with id: 'Object Repository/PROJECT WEB/Employment Status/span_Already exists' located by '//div[@id='app']/div/div[2]/div[2]/div/div/form/div/div/span' not found
	at com.kms.katalon.core.webui.keyword.internal.WebUIKeywordMain.stepFailed(WebUIKeywordMain.groovy:64)
	at com.kms.katalon.core.webui.keyword.builtin.VerifyElementPresentKeyword$_verifyElementPresent_closure1.doCall(VerifyElementPresentKeyword.groovy:85)
	at com.kms.katalon.core.webui.keyword.builtin.VerifyElementPresentKeyword$_verifyElementPresent_closure1.call(VerifyElementPresentKeyword.groovy)
	at com.kms.katalon.core.webui.keyword.internal.WebUIKeywordMain.runKeyword(WebUIKeywordMain.groovy:20)
	... 22 more
)
[[ATTACHMENT|C:\\Users\\Aiman Hakim\\Katalon Studio\\PROJECT WEB_ASSESSMENT PROTEGE\\Reports\\20230530_133833\\F4_EmployStatus\\20230530_133833\\1685425298785.png]]]]></system-out>
         <system-err><![CDATA[2023-05-30 13:41:05 - [TEST_CASE][FAILED] - Test Cases/PROJECT WEB/F4_Employment Status/Add Employment Status/ES01_TC01_Add Existing Employ Status (N): Test Cases/PROJECT WEB/F4_Employment Status/Add Employment Status/ES01_TC01_Add Existing Employ Status (N) FAILED.
Reason:
com.kms.katalon.core.exception.StepFailedException: Unable to verify object 'Object Repository/PROJECT WEB/Employment Status/span_Already exists' is present
	at com.kms.katalon.core.webui.keyword.internal.WebUIKeywordMain.stepFailed(WebUIKeywordMain.groovy:64)
	at com.kms.katalon.core.webui.keyword.internal.WebUIKeywordMain.runKeyword(WebUIKeywordMain.groovy:26)
	at com.kms.katalon.core.webui.keyword.builtin.VerifyElementPresentKeyword.verifyElementPresent(VerifyElementPresentKeyword.groovy:92)
	at com.kms.katalon.core.webui.keyword.builtin.VerifyElementPresentKeyword.execute(VerifyElementPresentKeyword.groovy:68)
	at com.kms.katalon.core.keyword.internal.KeywordExecutor.executeKeywordForPlatform(KeywordExecutor.groovy:74)
	at com.kms.katalon.core.webui.keyword.WebUiBuiltInKeywords.verifyElementPresent(WebUiBuiltInKeywords.groovy:1464)
	at com.kms.katalon.core.webui.keyword.WebUiBuiltInKeywords$verifyElementPresent$5.call(Unknown Source)
	at ES01_TC01_Add Existing Employ Status (N).run(ES01_TC01_Add Existing Employ Status (N):35)
	at com.kms.katalon.core.main.ScriptEngine.run(ScriptEngine.java:194)
	at com.kms.katalon.core.main.ScriptEngine.runScriptAsRawText(ScriptEngine.java:119)
	at com.kms.katalon.core.main.TestCaseExecutor.runScript(TestCaseExecutor.java:448)
	at com.kms.katalon.core.main.TestCaseExecutor.doExecute(TestCaseExecutor.java:439)
	at com.kms.katalon.core.main.TestCaseExecutor.processExecutionPhase(TestCaseExecutor.java:418)
	at com.kms.katalon.core.main.TestCaseExecutor.accessMainPhase(TestCaseExecutor.java:410)
	at com.kms.katalon.core.main.TestCaseExecutor.execute(TestCaseExecutor.java:285)
	at com.kms.katalon.core.main.TestCaseExecutor.execute(TestCaseExecutor.java:369)
	at com.kms.katalon.core.main.TestCaseExecutor.execute(TestCaseExecutor.java:369)
	at com.kms.katalon.core.main.TestCaseExecutor.execute(TestCaseExecutor.java:369)
	at com.kms.katalon.core.common.CommonExecutor.accessTestCaseMainPhase(CommonExecutor.java:65)
	at com.kms.katalon.core.main.TestSuiteExecutor.accessTestSuiteMainPhase(TestSuiteExecutor.java:148)
	at com.kms.katalon.core.main.TestSuiteExecutor.execute(TestSuiteExecutor.java:106)
	at com.kms.katalon.core.main.TestCaseMain.startTestSuite(TestCaseMain.java:187)
	at com.kms.katalon.core.main.TestCaseMain$startTestSuite$0.call(Unknown Source)
	at TempTestSuite1685425113525.run(TempTestSuite1685425113525.groovy:36)
Caused by: com.kms.katalon.core.exception.StepFailedException: com.kms.katalon.core.webui.exception.WebElementNotFoundException: Web element with id: 'Object Repository/PROJECT WEB/Employment Status/span_Already exists' located by '//div[@id='app']/div/div[2]/div[2]/div/div/form/div/div/span' not found
	at com.kms.katalon.core.webui.keyword.internal.WebUIKeywordMain.stepFailed(WebUIKeywordMain.groovy:64)
	at com.kms.katalon.core.webui.keyword.builtin.VerifyElementPresentKeyword$_verifyElementPresent_closure1.doCall(VerifyElementPresentKeyword.groovy:85)
	at com.kms.katalon.core.webui.keyword.builtin.VerifyElementPresentKeyword$_verifyElementPresent_closure1.call(VerifyElementPresentKeyword.groovy)
	at com.kms.katalon.core.webui.keyword.internal.WebUIKeywordMain.runKeyword(WebUIKeywordMain.groovy:20)
	... 22 more]]></system-err>
      </testcase>
      <system-out><![CDATA[2023-05-30 13:38:45 - [TEST_SUITE][FAILED] - F4_EmployStatus: Test Cases/PROJECT WEB/F4_Employment Status/Add Employment Status/ES01_TC01_Add Existing Employ Status (N) FAILED.
Reason:
com.kms.katalon.core.exception.StepFailedException: Unable to verify object 'Object Repository/PROJECT WEB/Employment Status/span_Already exists' is present
	at com.kms.katalon.core.webui.keyword.internal.WebUIKeywordMain.stepFailed(WebUIKeywordMain.groovy:64)
	at com.kms.katalon.core.webui.keyword.internal.WebUIKeywordMain.runKeyword(WebUIKeywordMain.groovy:26)
	at com.kms.katalon.core.webui.keyword.builtin.VerifyElementPresentKeyword.verifyElementPresent(VerifyElementPresentKeyword.groovy:92)
	at com.kms.katalon.core.webui.keyword.builtin.VerifyElementPresentKeyword.execute(VerifyElementPresentKeyword.groovy:68)
	at com.kms.katalon.core.keyword.internal.KeywordExecutor.executeKeywordForPlatform(KeywordExecutor.groovy:74)
	at com.kms.katalon.core.webui.keyword.WebUiBuiltInKeywords.verifyElementPresent(WebUiBuiltInKeywords.groovy:1464)
	at com.kms.katalon.core.webui.keyword.WebUiBuiltInKeywords$verifyElementPresent$5.call(Unknown Source)
	at ES01_TC01_Add Existing Employ Status (N).run(ES01_TC01_Add Existing Employ Status (N):35)
	at com.kms.katalon.core.main.ScriptEngine.run(ScriptEngine.java:194)
	at com.kms.katalon.core.main.ScriptEngine.runScriptAsRawText(ScriptEngine.java:119)
	at com.kms.katalon.core.main.TestCaseExecutor.runScript(TestCaseExecutor.java:448)
	at com.kms.katalon.core.main.TestCaseExecutor.doExecute(TestCaseExecutor.java:439)
	at com.kms.katalon.core.main.TestCaseExecutor.processExecutionPhase(TestCaseExecutor.java:418)
	at com.kms.katalon.core.main.TestCaseExecutor.accessMainPhase(TestCaseExecutor.java:410)
	at com.kms.katalon.core.main.TestCaseExecutor.execute(TestCaseExecutor.java:285)
	at com.kms.katalon.core.common.CommonExecutor.accessTestCaseMainPhase(CommonExecutor.java:65)
	at com.kms.katalon.core.main.TestSuiteExecutor.accessTestSuiteMainPhase(TestSuiteExecutor.java:148)
	at com.kms.katalon.core.main.TestSuiteExecutor.execute(TestSuiteExecutor.java:106)
	at com.kms.katalon.core.main.TestCaseMain.startTestSuite(TestCaseMain.java:187)
	at com.kms.katalon.core.main.TestCaseMain$startTestSuite$0.call(Unknown Source)
	at TempTestSuite1685425113525.run(TempTestSuite1685425113525.groovy:36)
Caused by: com.kms.katalon.core.exception.StepFailedException: com.kms.katalon.core.webui.exception.WebElementNotFoundException: Web element with id: 'Object Repository/PROJECT WEB/Employment Status/span_Already exists' located by '//div[@id='app']/div/div[2]/div[2]/div/div/form/div/div/span' not found
	at com.kms.katalon.core.webui.keyword.internal.WebUIKeywordMain.stepFailed(WebUIKeywordMain.groovy:64)
	at com.kms.katalon.core.webui.keyword.builtin.VerifyElementPresentKeyword$_verifyElementPresent_closure1.doCall(VerifyElementPresentKeyword.groovy:85)
	at com.kms.katalon.core.webui.keyword.builtin.VerifyElementPresentKeyword$_verifyElementPresent_closure1.call(VerifyElementPresentKeyword.groovy)
	at com.kms.katalon.core.webui.keyword.internal.WebUIKeywordMain.runKeyword(WebUIKeywordMain.groovy:20)
	... 19 more]]></system-out>
      <system-err><![CDATA[2023-05-30 13:38:45 - [TEST_SUITE][FAILED] - F4_EmployStatus: Test Cases/PROJECT WEB/F4_Employment Status/Add Employment Status/ES01_TC01_Add Existing Employ Status (N) FAILED.
Reason:
com.kms.katalon.core.exception.StepFailedException: Unable to verify object 'Object Repository/PROJECT WEB/Employment Status/span_Already exists' is present
	at com.kms.katalon.core.webui.keyword.internal.WebUIKeywordMain.stepFailed(WebUIKeywordMain.groovy:64)
	at com.kms.katalon.core.webui.keyword.internal.WebUIKeywordMain.runKeyword(WebUIKeywordMain.groovy:26)
	at com.kms.katalon.core.webui.keyword.builtin.VerifyElementPresentKeyword.verifyElementPresent(VerifyElementPresentKeyword.groovy:92)
	at com.kms.katalon.core.webui.keyword.builtin.VerifyElementPresentKeyword.execute(VerifyElementPresentKeyword.groovy:68)
	at com.kms.katalon.core.keyword.internal.KeywordExecutor.executeKeywordForPlatform(KeywordExecutor.groovy:74)
	at com.kms.katalon.core.webui.keyword.WebUiBuiltInKeywords.verifyElementPresent(WebUiBuiltInKeywords.groovy:1464)
	at com.kms.katalon.core.webui.keyword.WebUiBuiltInKeywords$verifyElementPresent$5.call(Unknown Source)
	at ES01_TC01_Add Existing Employ Status (N).run(ES01_TC01_Add Existing Employ Status (N):35)
	at com.kms.katalon.core.main.ScriptEngine.run(ScriptEngine.java:194)
	at com.kms.katalon.core.main.ScriptEngine.runScriptAsRawText(ScriptEngine.java:119)
	at com.kms.katalon.core.main.TestCaseExecutor.runScript(TestCaseExecutor.java:448)
	at com.kms.katalon.core.main.TestCaseExecutor.doExecute(TestCaseExecutor.java:439)
	at com.kms.katalon.core.main.TestCaseExecutor.processExecutionPhase(TestCaseExecutor.java:418)
	at com.kms.katalon.core.main.TestCaseExecutor.accessMainPhase(TestCaseExecutor.java:410)
	at com.kms.katalon.core.main.TestCaseExecutor.execute(TestCaseExecutor.java:285)
	at com.kms.katalon.core.common.CommonExecutor.accessTestCaseMainPhase(CommonExecutor.java:65)
	at com.kms.katalon.core.main.TestSuiteExecutor.accessTestSuiteMainPhase(TestSuiteExecutor.java:148)
	at com.kms.katalon.core.main.TestSuiteExecutor.execute(TestSuiteExecutor.java:106)
	at com.kms.katalon.core.main.TestCaseMain.startTestSuite(TestCaseMain.java:187)
	at com.kms.katalon.core.main.TestCaseMain$startTestSuite$0.call(Unknown Source)
	at TempTestSuite1685425113525.run(TempTestSuite1685425113525.groovy:36)
Caused by: com.kms.katalon.core.exception.StepFailedException: com.kms.katalon.core.webui.exception.WebElementNotFoundException: Web element with id: 'Object Repository/PROJECT WEB/Employment Status/span_Already exists' located by '//div[@id='app']/div/div[2]/div[2]/div/div/form/div/div/span' not found
	at com.kms.katalon.core.webui.keyword.internal.WebUIKeywordMain.stepFailed(WebUIKeywordMain.groovy:64)
	at com.kms.katalon.core.webui.keyword.builtin.VerifyElementPresentKeyword$_verifyElementPresent_closure1.doCall(VerifyElementPresentKeyword.groovy:85)
	at com.kms.katalon.core.webui.keyword.builtin.VerifyElementPresentKeyword$_verifyElementPresent_closure1.call(VerifyElementPresentKeyword.groovy)
	at com.kms.katalon.core.webui.keyword.internal.WebUIKeywordMain.runKeyword(WebUIKeywordMain.groovy:20)
	... 19 more]]></system-err>
   </testsuite>
</testsuites>
