<?xml version="1.0" encoding="UTF-8"?>
<testsuites name="F2_payGrade" time="343.772" tests="10" failures="0" errors="0">
   <testsuite name="F2_payGrade" tests="10" failures="0" errors="0" time="343.772" skipped="0" timestamp="2023-05-30 13:37:52" hostname="Aiman Hakim - DESKTOP-1FDN2RP" id="Test Suites/F2_payGrade">
      <properties>
         <property name="deviceName" value=""/>
         <property name="devicePlatform" value=""/>
         <property name="logFolder" value="C:\\Users\\Aiman Hakim\\Katalon Studio\\PROJECT WEB_ASSESSMENT PROTEGE\\Reports\\20230530_133740\\F2_payGrade\\20230530_133740"/>
         <property name="logFiles" value="C:\\Users\\Aiman Hakim\\Katalon Studio\\PROJECT WEB_ASSESSMENT PROTEGE\\Reports\\20230530_133740\\F2_payGrade\\20230530_133740\\execution0.log"/>
         <property name="attachments" value=""/>
         <property name="hostName" value="Aiman Hakim - DESKTOP-1FDN2RP"/>
         <property name="os" value="Windows 10 64bit"/>
         <property name="katalonVersion" value="8.6.0.208"/>
         <property name="browser" value="Chrome 113.0.0.0"/>
         <property name="hostAddress" value="192.168.8.100"/>
         <property name="sessionId" value="123911585e917204bf62ecec94ecf5ab"/>
         <property name="seleniumVersion" value="3.141.59"/>
         <property name="proxyInformation" value="ProxyInformation { proxyOption=NO_PROXY, proxyServerType=HTTP, username=, password=********, proxyServerAddress=, proxyServerPort=0, executionList=&quot;&quot;, isApplyToDesiredCapabilities=true }"/>
         <property name="platform" value="Windows 10"/>
      </properties>
      <testcase name="Test Cases/PROJECT WEB/F2_Pay Grades/Add New Pay Grade/PG01_TC01_AddGradeSuccess (P)" time="28.382" classname="Test Cases/PROJECT WEB/F2_Pay Grades/Add New Pay Grade/PG01_TC01_AddGradeSuccess (P)" status="PASSED">
         <system-out><![CDATA[2023-05-30 13:37:52 - [TEST_CASE][PASSED] - Test Cases/PROJECT WEB/F2_Pay Grades/Add New Pay Grade/PG01_TC01_AddGradeSuccess (P): Test Cases/PROJECT WEB/F2_Pay Grades/Add New Pay Grade/PG01_TC01_AddGradeSuccess (P)

2023-05-30 13:37:53 - [TEST_STEP][PASSED] - callTestCase(findTestCase("PROJECT WEB/Common/F1_LoginFeatures/LF1_TC1_SUCCESSFULY LOGIN (P)"), ["username":"Admin", "password":"hUKwJTbofgPU9eVlw/CnDQ=="], STOP_ON_FAILURE): Call Test Case 'Test Cases/PROJECT WEB/Common/F1_LoginFeatures/LF1_TC1_SUCCESSFULY LOGIN (P)' successfully

2023-05-30 13:37:53 - [TEST_CASE][PASSED] - Test Cases/PROJECT WEB/Common/F1_LoginFeatures/LF1_TC1_SUCCESSFULY LOGIN (P): Test Cases/PROJECT WEB/Common/F1_LoginFeatures/LF1_TC1_SUCCESSFULY LOGIN (P)

2023-05-30 13:37:53 - [TEST_STEP][PASSED] - openBrowser(""): Browser is opened with url: ''

2023-05-30 13:37:54 - [MESSAGE][INFO] - Starting 'Chrome' driver

2023-05-30 13:37:54 - [MESSAGE][INFO] - User set preference: ['--window-size=1920,1080', '0']

2023-05-30 13:37:54 - [MESSAGE][INFO] - Action delay is set to 0 milliseconds

2023-05-30 13:37:56 - [MESSAGE][PASSED] - Browser is opened with url: ''

2023-05-30 13:37:56 - [TEST_STEP][PASSED] - maximizeWindow(): Current window maximized

2023-05-30 13:37:56 - [MESSAGE][PASSED] - Current window maximized

2023-05-30 13:37:56 - [TEST_STEP][PASSED] - navigateToUrl("https://opensource-demo.orangehrmlive.com/web/index.php/auth/login"): Navigate to 'https://opensource-demo.orangehrmlive.com/web/index.php/auth/login' successfully

2023-05-30 13:38:02 - [MESSAGE][PASSED] - Navigate to 'https://opensource-demo.orangehrmlive.com/web/index.php/auth/login' successfully

2023-05-30 13:38:02 - [TEST_STEP][PASSED] - setText(findTestObject("PROJECT WEB/Common/Page_OrangeHRM/input_Username"), username): Text 'Admin' is set on object 'Object Repository/PROJECT WEB/Common/Page_OrangeHRM/input_Username'

2023-05-30 13:38:04 - [MESSAGE][PASSED] - Text 'Admin' is set on object 'Object Repository/PROJECT WEB/Common/Page_OrangeHRM/input_Username'

2023-05-30 13:38:04 - [TEST_STEP][PASSED] - setEncryptedText(findTestObject("PROJECT WEB/Common/Page_OrangeHRM/input_Password"), password): Text ****** has been set on object 'Object Repository/PROJECT WEB/Common/Page_OrangeHRM/input_Password'

2023-05-30 13:38:04 - [MESSAGE][PASSED] - Text ****** has been set on object 'Object Repository/PROJECT WEB/Common/Page_OrangeHRM/input_Password'

2023-05-30 13:38:04 - [TEST_STEP][PASSED] - click(findTestObject("PROJECT WEB/Common/Page_OrangeHRM/button_Login")): Object: 'Object Repository/PROJECT WEB/Common/Page_OrangeHRM/button_Login' is clicked on

2023-05-30 13:38:06 - [MESSAGE][PASSED] - Object: 'Object Repository/PROJECT WEB/Common/Page_OrangeHRM/button_Login' is clicked on

2023-05-30 13:38:06 - [TEST_STEP][PASSED] - verifyElementPresent(findTestObject("PROJECT WEB/Common/Page_OrangeHRM/h6_Dashboard"), 0): Object 'Object Repository/PROJECT WEB/Common/Page_OrangeHRM/h6_Dashboard' is present

2023-05-30 13:38:06 - [MESSAGE][WARNING] - Timeout '0' is invalid. Using default page load timeout: '30'

2023-05-30 13:38:08 - [MESSAGE][PASSED] - Object 'Object Repository/PROJECT WEB/Common/Page_OrangeHRM/h6_Dashboard' is present

2023-05-30 13:38:08 - [MESSAGE][PASSED] - Call Test Case 'Test Cases/PROJECT WEB/Common/F1_LoginFeatures/LF1_TC1_SUCCESSFULY LOGIN (P)' successfully

2023-05-30 13:38:08 - [TEST_STEP][PASSED] - click(findTestObject("Object Repository/PROJECT WEB/Pay Grade/span_Admin")): Object: 'Object Repository/PROJECT WEB/Pay Grade/span_Admin' is clicked on

2023-05-30 13:38:09 - [MESSAGE][PASSED] - Object: 'Object Repository/PROJECT WEB/Pay Grade/span_Admin' is clicked on

2023-05-30 13:38:09 - [TEST_STEP][PASSED] - navigateToUrl("https://opensource-demo.orangehrmlive.com/web/index.php/admin/viewSystemUsers"): Navigate to 'https://opensource-demo.orangehrmlive.com/web/index.php/admin/viewSystemUsers' successfully

2023-05-30 13:38:10 - [MESSAGE][PASSED] - Navigate to 'https://opensource-demo.orangehrmlive.com/web/index.php/admin/viewSystemUsers' successfully

2023-05-30 13:38:10 - [TEST_STEP][PASSED] - click(findTestObject("Object Repository/PROJECT WEB/Pay Grade/span_Job")): Object: 'Object Repository/PROJECT WEB/Pay Grade/span_Job' is clicked on

2023-05-30 13:38:11 - [MESSAGE][PASSED] - Object: 'Object Repository/PROJECT WEB/Pay Grade/span_Job' is clicked on

2023-05-30 13:38:11 - [TEST_STEP][PASSED] - click(findTestObject("Object Repository/PROJECT WEB/Pay Grade/a_Pay Grades")): Object: 'Object Repository/PROJECT WEB/Pay Grade/a_Pay Grades' is clicked on

2023-05-30 13:38:12 - [MESSAGE][PASSED] - Object: 'Object Repository/PROJECT WEB/Pay Grade/a_Pay Grades' is clicked on

2023-05-30 13:38:12 - [TEST_STEP][PASSED] - click(findTestObject("Object Repository/PROJECT WEB/Pay Grade/button_AddPayGrade")): Object: 'Object Repository/PROJECT WEB/Pay Grade/button_AddPayGrade' is clicked on

2023-05-30 13:38:14 - [MESSAGE][PASSED] - Object: 'Object Repository/PROJECT WEB/Pay Grade/button_AddPayGrade' is clicked on

2023-05-30 13:38:14 - [TEST_STEP][PASSED] - setText(findTestObject("PROJECT WEB/Pay Grade/input_Name_Pay Grade"), "DG 41"): Text 'DG 41' is set on object 'Object Repository/PROJECT WEB/Pay Grade/input_Name_Pay Grade'

2023-05-30 13:38:16 - [MESSAGE][INFO] - Unable to find the element located by 'By.xpath: (//div[@id='app']/div/div[2]/div[2]/div/div/form/div/div/div/div/div[2]/input)[2]'. Please recheck the objects properties to make sure the desired element is located. 

2023-05-30 13:38:16 - [MESSAGE][WARNING] - [SELF-HEALING] Failed to find element with id 'Object Repository/PROJECT WEB/Pay Grade/input_Name_Pay Grade'. Try using Self-healing.

2023-05-30 13:38:16 - [MESSAGE][WARNING] - [SELF-HEALING] The current locator of test object 'Object Repository/PROJECT WEB/Pay Grade/input_Name_Pay Grade' was broken. Propose an alternative one: '//div[@id='app']/div/div[2]/div[2]/div/div/form/div/div/div/div/div[2]/input'.

2023-05-30 13:38:17 - [MESSAGE][INFO] - Unable to find the element located by 'By.xpath: (//div[@id='app']/div/div[2]/div[2]/div/div/form/div/div/div/div/div[2]/input)[2]'. Please recheck the objects properties to make sure the desired element is located. 

2023-05-30 13:38:17 - [MESSAGE][WARNING] - [SELF-HEALING] Failed to find element with id 'Object Repository/PROJECT WEB/Pay Grade/input_Name_Pay Grade'. Try using Self-healing.

2023-05-30 13:38:17 - [MESSAGE][WARNING] - [SELF-HEALING] The current locator of test object 'Object Repository/PROJECT WEB/Pay Grade/input_Name_Pay Grade' was broken. Propose an alternative one: '//div[@id='app']/div/div[2]/div[2]/div/div/form/div/div/div/div/div[2]/input'.

2023-05-30 13:38:17 - [MESSAGE][PASSED] - Text 'DG 41' is set on object 'Object Repository/PROJECT WEB/Pay Grade/input_Name_Pay Grade'

2023-05-30 13:38:17 - [TEST_STEP][PASSED] - click(findTestObject("PROJECT WEB/Pay Grade/button_Save")): Object: 'Object Repository/PROJECT WEB/Pay Grade/button_Save' is clicked on

2023-05-30 13:38:18 - [MESSAGE][PASSED] - Object: 'Object Repository/PROJECT WEB/Pay Grade/button_Save' is clicked on

2023-05-30 13:38:18 - [TEST_STEP][PASSED] - click(findTestObject("Object Repository/PROJECT WEB/Pay Grade/p_Successfully Updated")): Object: 'Object Repository/PROJECT WEB/Pay Grade/p_Successfully Updated' is clicked on

2023-05-30 13:38:19 - [MESSAGE][INFO] - Unable to find the element located by 'By.xpath: //div[@id='oxd-toaster_1']/div/div/div[2]/p[2]'. Please recheck the objects properties to make sure the desired element is located. 

2023-05-30 13:38:19 - [MESSAGE][WARNING] - [SELF-HEALING] Failed to find element with id 'Object Repository/PROJECT WEB/Pay Grade/p_Successfully Updated'. Try using Self-healing.

2023-05-30 13:38:21 - [MESSAGE][WARNING] - [SELF-HEALING] The current locator of test object 'Object Repository/PROJECT WEB/Pay Grade/p_Successfully Updated' was broken. Propose an alternative one: '(.//*[normalize-space(text()) and normalize-space(.)='OrangeHRM, Inc'])[1]/following::p[2]'.

2023-05-30 13:38:21 - [MESSAGE][PASSED] - Object: 'Object Repository/PROJECT WEB/Pay Grade/p_Successfully Updated' is clicked on]]></system-out>
         <system-err><![CDATA[]]></system-err>
      </testcase>
      <testcase name="Test Cases/PROJECT WEB/F2_Pay Grades/Add New Pay Grade/PG01_TC02_Add Exist Grade (N)" time="23.19" classname="Test Cases/PROJECT WEB/F2_Pay Grades/Add New Pay Grade/PG01_TC02_Add Exist Grade (N)" status="PASSED">
         <system-out><![CDATA[2023-05-30 13:38:21 - [TEST_CASE][PASSED] - Test Cases/PROJECT WEB/F2_Pay Grades/Add New Pay Grade/PG01_TC02_Add Exist Grade (N): Test Cases/PROJECT WEB/F2_Pay Grades/Add New Pay Grade/PG01_TC02_Add Exist Grade (N)

2023-05-30 13:38:21 - [TEST_STEP][PASSED] - callTestCase(findTestCase("PROJECT WEB/Common/F1_LoginFeatures/LF1_TC1_SUCCESSFULY LOGIN (P)"), ["username":"Admin", "password":"hUKwJTbofgPU9eVlw/CnDQ=="], STOP_ON_FAILURE): Call Test Case 'Test Cases/PROJECT WEB/Common/F1_LoginFeatures/LF1_TC1_SUCCESSFULY LOGIN (P)' successfully

2023-05-30 13:38:21 - [TEST_CASE][PASSED] - Test Cases/PROJECT WEB/Common/F1_LoginFeatures/LF1_TC1_SUCCESSFULY LOGIN (P): Test Cases/PROJECT WEB/Common/F1_LoginFeatures/LF1_TC1_SUCCESSFULY LOGIN (P)

2023-05-30 13:38:21 - [TEST_STEP][PASSED] - openBrowser(""): Browser is opened with url: ''

2023-05-30 13:38:21 - [MESSAGE][WARNING] - A browser is already opened. Closing browser and opening a new one

2023-05-30 13:38:22 - [MESSAGE][INFO] - Starting 'Chrome' driver

2023-05-30 13:38:22 - [MESSAGE][INFO] - User set preference: ['--window-size=1920,1080', '0']

2023-05-30 13:38:22 - [MESSAGE][INFO] - Action delay is set to 0 milliseconds

2023-05-30 13:38:23 - [MESSAGE][PASSED] - Browser is opened with url: ''

2023-05-30 13:38:23 - [TEST_STEP][PASSED] - maximizeWindow(): Current window maximized

2023-05-30 13:38:23 - [MESSAGE][PASSED] - Current window maximized

2023-05-30 13:38:23 - [TEST_STEP][PASSED] - navigateToUrl("https://opensource-demo.orangehrmlive.com/web/index.php/auth/login"): Navigate to 'https://opensource-demo.orangehrmlive.com/web/index.php/auth/login' successfully

2023-05-30 13:38:29 - [MESSAGE][PASSED] - Navigate to 'https://opensource-demo.orangehrmlive.com/web/index.php/auth/login' successfully

2023-05-30 13:38:29 - [TEST_STEP][PASSED] - setText(findTestObject("PROJECT WEB/Common/Page_OrangeHRM/input_Username"), username): Text 'Admin' is set on object 'Object Repository/PROJECT WEB/Common/Page_OrangeHRM/input_Username'

2023-05-30 13:38:31 - [MESSAGE][PASSED] - Text 'Admin' is set on object 'Object Repository/PROJECT WEB/Common/Page_OrangeHRM/input_Username'

2023-05-30 13:38:31 - [TEST_STEP][PASSED] - setEncryptedText(findTestObject("PROJECT WEB/Common/Page_OrangeHRM/input_Password"), password): Text ****** has been set on object 'Object Repository/PROJECT WEB/Common/Page_OrangeHRM/input_Password'

2023-05-30 13:38:31 - [MESSAGE][PASSED] - Text ****** has been set on object 'Object Repository/PROJECT WEB/Common/Page_OrangeHRM/input_Password'

2023-05-30 13:38:31 - [TEST_STEP][PASSED] - click(findTestObject("PROJECT WEB/Common/Page_OrangeHRM/button_Login")): Object: 'Object Repository/PROJECT WEB/Common/Page_OrangeHRM/button_Login' is clicked on

2023-05-30 13:38:33 - [MESSAGE][PASSED] - Object: 'Object Repository/PROJECT WEB/Common/Page_OrangeHRM/button_Login' is clicked on

2023-05-30 13:38:33 - [TEST_STEP][PASSED] - verifyElementPresent(findTestObject("PROJECT WEB/Common/Page_OrangeHRM/h6_Dashboard"), 0): Object 'Object Repository/PROJECT WEB/Common/Page_OrangeHRM/h6_Dashboard' is present

2023-05-30 13:38:33 - [MESSAGE][WARNING] - Timeout '0' is invalid. Using default page load timeout: '30'

2023-05-30 13:38:35 - [MESSAGE][PASSED] - Object 'Object Repository/PROJECT WEB/Common/Page_OrangeHRM/h6_Dashboard' is present

2023-05-30 13:38:35 - [MESSAGE][PASSED] - Call Test Case 'Test Cases/PROJECT WEB/Common/F1_LoginFeatures/LF1_TC1_SUCCESSFULY LOGIN (P)' successfully

2023-05-30 13:38:35 - [TEST_STEP][PASSED] - click(findTestObject("Object Repository/PROJECT WEB/Pay Grade/span_Admin")): Object: 'Object Repository/PROJECT WEB/Pay Grade/span_Admin' is clicked on

2023-05-30 13:38:36 - [MESSAGE][PASSED] - Object: 'Object Repository/PROJECT WEB/Pay Grade/span_Admin' is clicked on

2023-05-30 13:38:36 - [TEST_STEP][PASSED] - navigateToUrl("https://opensource-demo.orangehrmlive.com/web/index.php/admin/viewSystemUsers"): Navigate to 'https://opensource-demo.orangehrmlive.com/web/index.php/admin/viewSystemUsers' successfully

2023-05-30 13:38:37 - [MESSAGE][PASSED] - Navigate to 'https://opensource-demo.orangehrmlive.com/web/index.php/admin/viewSystemUsers' successfully

2023-05-30 13:38:37 - [TEST_STEP][PASSED] - click(findTestObject("Object Repository/PROJECT WEB/Pay Grade/span_Job")): Object: 'Object Repository/PROJECT WEB/Pay Grade/span_Job' is clicked on

2023-05-30 13:38:38 - [MESSAGE][PASSED] - Object: 'Object Repository/PROJECT WEB/Pay Grade/span_Job' is clicked on

2023-05-30 13:38:38 - [TEST_STEP][PASSED] - click(findTestObject("Object Repository/PROJECT WEB/Pay Grade/a_Pay Grades")): Object: 'Object Repository/PROJECT WEB/Pay Grade/a_Pay Grades' is clicked on

2023-05-30 13:38:39 - [MESSAGE][PASSED] - Object: 'Object Repository/PROJECT WEB/Pay Grade/a_Pay Grades' is clicked on

2023-05-30 13:38:39 - [TEST_STEP][PASSED] - click(findTestObject("Object Repository/PROJECT WEB/Pay Grade/button_AddPayGrade")): Object: 'Object Repository/PROJECT WEB/Pay Grade/button_AddPayGrade' is clicked on

2023-05-30 13:38:40 - [MESSAGE][PASSED] - Object: 'Object Repository/PROJECT WEB/Pay Grade/button_AddPayGrade' is clicked on

2023-05-30 13:38:40 - [TEST_STEP][PASSED] - setText(findTestObject("Object Repository/PROJECT WEB/Pay Grade/input_Name_Pay Grade"), "DG 41"): Text 'DG 41' is set on object 'Object Repository/PROJECT WEB/Pay Grade/input_Name_Pay Grade'

2023-05-30 13:38:41 - [MESSAGE][INFO] - Unable to find the element located by 'By.xpath: (//div[@id='app']/div/div[2]/div[2]/div/div/form/div/div/div/div/div[2]/input)[2]'. Please recheck the objects properties to make sure the desired element is located. 

2023-05-30 13:38:41 - [MESSAGE][WARNING] - [SELF-HEALING] Failed to find element with id 'Object Repository/PROJECT WEB/Pay Grade/input_Name_Pay Grade'. Try using Self-healing.

2023-05-30 13:38:41 - [MESSAGE][WARNING] - [SELF-HEALING] The current locator of test object 'Object Repository/PROJECT WEB/Pay Grade/input_Name_Pay Grade' was broken. Propose an alternative one: '//div[@id='app']/div/div[2]/div[2]/div/div/form/div/div/div/div/div[2]/input'.

2023-05-30 13:38:43 - [MESSAGE][INFO] - Unable to find the element located by 'By.xpath: (//div[@id='app']/div/div[2]/div[2]/div/div/form/div/div/div/div/div[2]/input)[2]'. Please recheck the objects properties to make sure the desired element is located. 

2023-05-30 13:38:43 - [MESSAGE][WARNING] - [SELF-HEALING] Failed to find element with id 'Object Repository/PROJECT WEB/Pay Grade/input_Name_Pay Grade'. Try using Self-healing.

2023-05-30 13:38:43 - [MESSAGE][WARNING] - [SELF-HEALING] The current locator of test object 'Object Repository/PROJECT WEB/Pay Grade/input_Name_Pay Grade' was broken. Propose an alternative one: '//div[@id='app']/div/div[2]/div[2]/div/div/form/div/div/div/div/div[2]/input'.

2023-05-30 13:38:43 - [MESSAGE][PASSED] - Text 'DG 41' is set on object 'Object Repository/PROJECT WEB/Pay Grade/input_Name_Pay Grade'

2023-05-30 13:38:43 - [TEST_STEP][PASSED] - click(findTestObject("Object Repository/PROJECT WEB/Pay Grade/button_Save")): Object: 'Object Repository/PROJECT WEB/Pay Grade/button_Save' is clicked on

2023-05-30 13:38:43 - [MESSAGE][PASSED] - Object: 'Object Repository/PROJECT WEB/Pay Grade/button_Save' is clicked on

2023-05-30 13:38:43 - [TEST_STEP][PASSED] - verifyElementPresent(findTestObject("PROJECT WEB/Pay Grade/span_Already exists"), 0): Object 'Object Repository/PROJECT WEB/Pay Grade/span_Already exists' is present

2023-05-30 13:38:44 - [MESSAGE][WARNING] - Timeout '0' is invalid. Using default page load timeout: '30'

2023-05-30 13:38:44 - [MESSAGE][PASSED] - Object 'Object Repository/PROJECT WEB/Pay Grade/span_Already exists' is present]]></system-out>
         <system-err><![CDATA[]]></system-err>
      </testcase>
      <testcase name="Test Cases/PROJECT WEB/F2_Pay Grades/Add Currency/PG02_TC01_Add Currency Success (P)" time="46.753" classname="Test Cases/PROJECT WEB/F2_Pay Grades/Add Currency/PG02_TC01_Add Currency Success (P)" status="PASSED">
         <system-out><![CDATA[2023-05-30 13:38:44 - [TEST_CASE][PASSED] - Test Cases/PROJECT WEB/F2_Pay Grades/Add Currency/PG02_TC01_Add Currency Success (P): Test Cases/PROJECT WEB/F2_Pay Grades/Add Currency/PG02_TC01_Add Currency Success (P)

2023-05-30 13:38:44 - [TEST_STEP][PASSED] - callTestCase(findTestCase("PROJECT WEB/Common/F1_LoginFeatures/LF1_TC1_SUCCESSFULY LOGIN (P)"), ["username":"Admin", "password":"hUKwJTbofgPU9eVlw/CnDQ=="], STOP_ON_FAILURE): Call Test Case 'Test Cases/PROJECT WEB/Common/F1_LoginFeatures/LF1_TC1_SUCCESSFULY LOGIN (P)' successfully

2023-05-30 13:38:44 - [TEST_CASE][PASSED] - Test Cases/PROJECT WEB/Common/F1_LoginFeatures/LF1_TC1_SUCCESSFULY LOGIN (P): Test Cases/PROJECT WEB/Common/F1_LoginFeatures/LF1_TC1_SUCCESSFULY LOGIN (P)

2023-05-30 13:38:44 - [TEST_STEP][PASSED] - openBrowser(""): Browser is opened with url: ''

2023-05-30 13:38:44 - [MESSAGE][WARNING] - A browser is already opened. Closing browser and opening a new one

2023-05-30 13:38:45 - [MESSAGE][INFO] - Starting 'Chrome' driver

2023-05-30 13:38:45 - [MESSAGE][INFO] - User set preference: ['--window-size=1920,1080', '0']

2023-05-30 13:38:45 - [MESSAGE][INFO] - Action delay is set to 0 milliseconds

2023-05-30 13:38:47 - [MESSAGE][PASSED] - Browser is opened with url: ''

2023-05-30 13:38:47 - [TEST_STEP][PASSED] - maximizeWindow(): Current window maximized

2023-05-30 13:38:47 - [MESSAGE][PASSED] - Current window maximized

2023-05-30 13:38:47 - [TEST_STEP][PASSED] - navigateToUrl("https://opensource-demo.orangehrmlive.com/web/index.php/auth/login"): Navigate to 'https://opensource-demo.orangehrmlive.com/web/index.php/auth/login' successfully

2023-05-30 13:38:56 - [MESSAGE][PASSED] - Navigate to 'https://opensource-demo.orangehrmlive.com/web/index.php/auth/login' successfully

2023-05-30 13:38:56 - [TEST_STEP][PASSED] - setText(findTestObject("PROJECT WEB/Common/Page_OrangeHRM/input_Username"), username): Text 'Admin' is set on object 'Object Repository/PROJECT WEB/Common/Page_OrangeHRM/input_Username'

2023-05-30 13:38:58 - [MESSAGE][PASSED] - Text 'Admin' is set on object 'Object Repository/PROJECT WEB/Common/Page_OrangeHRM/input_Username'

2023-05-30 13:38:58 - [TEST_STEP][PASSED] - setEncryptedText(findTestObject("PROJECT WEB/Common/Page_OrangeHRM/input_Password"), password): Text ****** has been set on object 'Object Repository/PROJECT WEB/Common/Page_OrangeHRM/input_Password'

2023-05-30 13:38:59 - [MESSAGE][PASSED] - Text ****** has been set on object 'Object Repository/PROJECT WEB/Common/Page_OrangeHRM/input_Password'

2023-05-30 13:38:59 - [TEST_STEP][PASSED] - click(findTestObject("PROJECT WEB/Common/Page_OrangeHRM/button_Login")): Object: 'Object Repository/PROJECT WEB/Common/Page_OrangeHRM/button_Login' is clicked on

2023-05-30 13:38:59 - [MESSAGE][PASSED] - Object: 'Object Repository/PROJECT WEB/Common/Page_OrangeHRM/button_Login' is clicked on

2023-05-30 13:38:59 - [TEST_STEP][PASSED] - verifyElementPresent(findTestObject("PROJECT WEB/Common/Page_OrangeHRM/h6_Dashboard"), 0): Object 'Object Repository/PROJECT WEB/Common/Page_OrangeHRM/h6_Dashboard' is present

2023-05-30 13:38:59 - [MESSAGE][WARNING] - Timeout '0' is invalid. Using default page load timeout: '30'

2023-05-30 13:39:03 - [MESSAGE][PASSED] - Object 'Object Repository/PROJECT WEB/Common/Page_OrangeHRM/h6_Dashboard' is present

2023-05-30 13:39:03 - [MESSAGE][PASSED] - Call Test Case 'Test Cases/PROJECT WEB/Common/F1_LoginFeatures/LF1_TC1_SUCCESSFULY LOGIN (P)' successfully

2023-05-30 13:39:03 - [TEST_STEP][PASSED] - click(findTestObject("PROJECT WEB/Pay Grade/span_Admin")): Object: 'Object Repository/PROJECT WEB/Pay Grade/span_Admin' is clicked on

2023-05-30 13:39:04 - [MESSAGE][PASSED] - Object: 'Object Repository/PROJECT WEB/Pay Grade/span_Admin' is clicked on

2023-05-30 13:39:04 - [TEST_STEP][PASSED] - navigateToUrl("https://opensource-demo.orangehrmlive.com/web/index.php/admin/viewSystemUsers"): Navigate to 'https://opensource-demo.orangehrmlive.com/web/index.php/admin/viewSystemUsers' successfully

2023-05-30 13:39:05 - [MESSAGE][PASSED] - Navigate to 'https://opensource-demo.orangehrmlive.com/web/index.php/admin/viewSystemUsers' successfully

2023-05-30 13:39:05 - [TEST_STEP][PASSED] - click(findTestObject("PROJECT WEB/Pay Grade/span_Job")): Object: 'Object Repository/PROJECT WEB/Pay Grade/span_Job' is clicked on

2023-05-30 13:39:06 - [MESSAGE][PASSED] - Object: 'Object Repository/PROJECT WEB/Pay Grade/span_Job' is clicked on

2023-05-30 13:39:06 - [TEST_STEP][PASSED] - click(findTestObject("PROJECT WEB/Pay Grade/a_Pay Grades")): Object: 'Object Repository/PROJECT WEB/Pay Grade/a_Pay Grades' is clicked on

2023-05-30 13:39:07 - [MESSAGE][PASSED] - Object: 'Object Repository/PROJECT WEB/Pay Grade/a_Pay Grades' is clicked on

2023-05-30 13:39:07 - [TEST_STEP][PASSED] - click(findTestObject("PROJECT WEB/Pay Grade/button_DG 41")): Object: 'Object Repository/PROJECT WEB/Pay Grade/button_DG 41' is clicked on

2023-05-30 13:39:08 - [MESSAGE][PASSED] - Object: 'Object Repository/PROJECT WEB/Pay Grade/button_DG 41' is clicked on

2023-05-30 13:39:08 - [TEST_STEP][PASSED] - navigateToUrl("https://opensource-demo.orangehrmlive.com/web/index.php/admin/payGrade/7"): Navigate to 'https://opensource-demo.orangehrmlive.com/web/index.php/admin/payGrade/7' successfully

2023-05-30 13:39:09 - [MESSAGE][PASSED] - Navigate to 'https://opensource-demo.orangehrmlive.com/web/index.php/admin/payGrade/7' successfully

2023-05-30 13:39:09 - [TEST_STEP][PASSED] - click(findTestObject("Object Repository/PROJECT WEB/Pay Grade/button_Add")): Object: 'Object Repository/PROJECT WEB/Pay Grade/button_Add' is clicked on

2023-05-30 13:39:10 - [MESSAGE][PASSED] - Object: 'Object Repository/PROJECT WEB/Pay Grade/button_Add' is clicked on

2023-05-30 13:39:10 - [TEST_STEP][PASSED] - click(findTestObject("PROJECT WEB/Pay Grade/div_-- Select --")): Object: 'Object Repository/PROJECT WEB/Pay Grade/div_-- Select --' is clicked on

2023-05-30 13:39:20 - [MESSAGE][PASSED] - Object: 'Object Repository/PROJECT WEB/Pay Grade/div_-- Select --' is clicked on

2023-05-30 13:39:20 - [TEST_STEP][PASSED] - click(findTestObject("PROJECT WEB/Pay Grade/span_AED - Utd. Arab Emir. Dirham")): Object: 'Object Repository/PROJECT WEB/Pay Grade/span_AED - Utd. Arab Emir. Dirham' is clicked on

2023-05-30 13:39:22 - [MESSAGE][INFO] - Unable to find the element located by 'By.xpath: (//div[@id='app']/div/div[2]/div[2]/div[2]/form/div/div/div/div/div[2]/div/div[2]/div[2]/span)[2]'. Please recheck the objects properties to make sure the desired element is located. 

2023-05-30 13:39:22 - [MESSAGE][WARNING] - [SELF-HEALING] Failed to find element with id 'Object Repository/PROJECT WEB/Pay Grade/span_AED - Utd. Arab Emir. Dirham'. Try using Self-healing.

2023-05-30 13:39:22 - [MESSAGE][WARNING] - [SELF-HEALING] The current locator of test object 'Object Repository/PROJECT WEB/Pay Grade/span_AED - Utd. Arab Emir. Dirham' was broken. Propose an alternative one: '(.//*[normalize-space(text()) and normalize-space(.)='-- Select --'])[1]/following::span[1]'.

2023-05-30 13:39:22 - [MESSAGE][PASSED] - Object: 'Object Repository/PROJECT WEB/Pay Grade/span_AED - Utd. Arab Emir. Dirham' is clicked on

2023-05-30 13:39:22 - [TEST_STEP][PASSED] - setText(findTestObject("PROJECT WEB/Pay Grade/input_Minimum Salary"), "3000"): Text '3000' is set on object 'Object Repository/PROJECT WEB/Pay Grade/input_Minimum Salary'

2023-05-30 13:39:23 - [MESSAGE][INFO] - Unable to find the element located by 'By.xpath: (//div[@id='app']/div/div[2]/div[2]/div[2]/form/div[2]/div/div/div/div[2]/input)[3]'. Please recheck the objects properties to make sure the desired element is located. 

2023-05-30 13:39:23 - [MESSAGE][WARNING] - [SELF-HEALING] Failed to find element with id 'Object Repository/PROJECT WEB/Pay Grade/input_Minimum Salary'. Try using Self-healing.

2023-05-30 13:39:23 - [MESSAGE][WARNING] - [SELF-HEALING] The current locator of test object 'Object Repository/PROJECT WEB/Pay Grade/input_Minimum Salary' was broken. Propose an alternative one: '//div[@id='app']/div/div[2]/div[2]/div[2]/form/div[2]/div/div/div/div[2]/input'.

2023-05-30 13:39:25 - [MESSAGE][INFO] - Unable to find the element located by 'By.xpath: (//div[@id='app']/div/div[2]/div[2]/div[2]/form/div[2]/div/div/div/div[2]/input)[3]'. Please recheck the objects properties to make sure the desired element is located. 

2023-05-30 13:39:25 - [MESSAGE][WARNING] - [SELF-HEALING] Failed to find element with id 'Object Repository/PROJECT WEB/Pay Grade/input_Minimum Salary'. Try using Self-healing.

2023-05-30 13:39:25 - [MESSAGE][WARNING] - [SELF-HEALING] The current locator of test object 'Object Repository/PROJECT WEB/Pay Grade/input_Minimum Salary' was broken. Propose an alternative one: '//div[@id='app']/div/div[2]/div[2]/div[2]/form/div[2]/div/div/div/div[2]/input'.

2023-05-30 13:39:25 - [MESSAGE][PASSED] - Text '3000' is set on object 'Object Repository/PROJECT WEB/Pay Grade/input_Minimum Salary'

2023-05-30 13:39:25 - [TEST_STEP][PASSED] - setText(findTestObject("PROJECT WEB/Pay Grade/input_Maximum Salary"), "30000"): Text '30000' is set on object 'Object Repository/PROJECT WEB/Pay Grade/input_Maximum Salary'

2023-05-30 13:39:26 - [MESSAGE][INFO] - Unable to find the element located by 'By.xpath: (//div[@id='app']/div/div[2]/div[2]/div[2]/form/div[2]/div/div[2]/div/div[2]/input)[4]'. Please recheck the objects properties to make sure the desired element is located. 

2023-05-30 13:39:26 - [MESSAGE][WARNING] - [SELF-HEALING] Failed to find element with id 'Object Repository/PROJECT WEB/Pay Grade/input_Maximum Salary'. Try using Self-healing.

2023-05-30 13:39:27 - [MESSAGE][WARNING] - [SELF-HEALING] The current locator of test object 'Object Repository/PROJECT WEB/Pay Grade/input_Maximum Salary' was broken. Propose an alternative one: '//div[@id='app']/div/div[2]/div[2]/div[2]/form/div[2]/div/div[2]/div/div[2]/input'.

2023-05-30 13:39:28 - [MESSAGE][INFO] - Unable to find the element located by 'By.xpath: (//div[@id='app']/div/div[2]/div[2]/div[2]/form/div[2]/div/div[2]/div/div[2]/input)[4]'. Please recheck the objects properties to make sure the desired element is located. 

2023-05-30 13:39:28 - [MESSAGE][WARNING] - [SELF-HEALING] Failed to find element with id 'Object Repository/PROJECT WEB/Pay Grade/input_Maximum Salary'. Try using Self-healing.

2023-05-30 13:39:28 - [MESSAGE][WARNING] - [SELF-HEALING] The current locator of test object 'Object Repository/PROJECT WEB/Pay Grade/input_Maximum Salary' was broken. Propose an alternative one: '//div[@id='app']/div/div[2]/div[2]/div[2]/form/div[2]/div/div[2]/div/div[2]/input'.

2023-05-30 13:39:28 - [MESSAGE][PASSED] - Text '30000' is set on object 'Object Repository/PROJECT WEB/Pay Grade/input_Maximum Salary'

2023-05-30 13:39:28 - [TEST_STEP][PASSED] - click(findTestObject("PROJECT WEB/Pay Grade/button_Save_AddCurrency")): Object: 'Object Repository/PROJECT WEB/Pay Grade/button_Save_AddCurrency' is clicked on

2023-05-30 13:39:29 - [MESSAGE][PASSED] - Object: 'Object Repository/PROJECT WEB/Pay Grade/button_Save_AddCurrency' is clicked on

2023-05-30 13:39:29 - [TEST_STEP][PASSED] - click(findTestObject("PROJECT WEB/Pay Grade/p_Successfully Saved")): Object: 'Object Repository/PROJECT WEB/Pay Grade/p_Successfully Saved' is clicked on

2023-05-30 13:39:31 - [MESSAGE][PASSED] - Object: 'Object Repository/PROJECT WEB/Pay Grade/p_Successfully Saved' is clicked on]]></system-out>
         <system-err><![CDATA[]]></system-err>
      </testcase>
      <testcase name="Test Cases/PROJECT WEB/F2_Pay Grades/Add Currency/PG02_TC02_Add Invalid Currency (N)" time="31.082" classname="Test Cases/PROJECT WEB/F2_Pay Grades/Add Currency/PG02_TC02_Add Invalid Currency (N)" status="PASSED">
         <system-out><![CDATA[2023-05-30 13:39:31 - [TEST_CASE][PASSED] - Test Cases/PROJECT WEB/F2_Pay Grades/Add Currency/PG02_TC02_Add Invalid Currency (N): Test Cases/PROJECT WEB/F2_Pay Grades/Add Currency/PG02_TC02_Add Invalid Currency (N)

2023-05-30 13:39:31 - [TEST_STEP][PASSED] - callTestCase(findTestCase("PROJECT WEB/Common/F1_LoginFeatures/LF1_TC1_SUCCESSFULY LOGIN (P)"), ["username":"Admin", "password":"hUKwJTbofgPU9eVlw/CnDQ=="], STOP_ON_FAILURE): Call Test Case 'Test Cases/PROJECT WEB/Common/F1_LoginFeatures/LF1_TC1_SUCCESSFULY LOGIN (P)' successfully

2023-05-30 13:39:31 - [TEST_CASE][PASSED] - Test Cases/PROJECT WEB/Common/F1_LoginFeatures/LF1_TC1_SUCCESSFULY LOGIN (P): Test Cases/PROJECT WEB/Common/F1_LoginFeatures/LF1_TC1_SUCCESSFULY LOGIN (P)

2023-05-30 13:39:31 - [TEST_STEP][PASSED] - openBrowser(""): Browser is opened with url: ''

2023-05-30 13:39:31 - [MESSAGE][WARNING] - A browser is already opened. Closing browser and opening a new one

2023-05-30 13:39:32 - [MESSAGE][INFO] - Starting 'Chrome' driver

2023-05-30 13:39:32 - [MESSAGE][INFO] - User set preference: ['--window-size=1920,1080', '0']

2023-05-30 13:39:32 - [MESSAGE][INFO] - Action delay is set to 0 milliseconds

2023-05-30 13:39:33 - [MESSAGE][PASSED] - Browser is opened with url: ''

2023-05-30 13:39:33 - [TEST_STEP][PASSED] - maximizeWindow(): Current window maximized

2023-05-30 13:39:33 - [MESSAGE][PASSED] - Current window maximized

2023-05-30 13:39:33 - [TEST_STEP][PASSED] - navigateToUrl("https://opensource-demo.orangehrmlive.com/web/index.php/auth/login"): Navigate to 'https://opensource-demo.orangehrmlive.com/web/index.php/auth/login' successfully

2023-05-30 13:39:41 - [MESSAGE][PASSED] - Navigate to 'https://opensource-demo.orangehrmlive.com/web/index.php/auth/login' successfully

2023-05-30 13:39:41 - [TEST_STEP][PASSED] - setText(findTestObject("PROJECT WEB/Common/Page_OrangeHRM/input_Username"), username): Text 'Admin' is set on object 'Object Repository/PROJECT WEB/Common/Page_OrangeHRM/input_Username'

2023-05-30 13:39:43 - [MESSAGE][PASSED] - Text 'Admin' is set on object 'Object Repository/PROJECT WEB/Common/Page_OrangeHRM/input_Username'

2023-05-30 13:39:43 - [TEST_STEP][PASSED] - setEncryptedText(findTestObject("PROJECT WEB/Common/Page_OrangeHRM/input_Password"), password): Text ****** has been set on object 'Object Repository/PROJECT WEB/Common/Page_OrangeHRM/input_Password'

2023-05-30 13:39:44 - [MESSAGE][PASSED] - Text ****** has been set on object 'Object Repository/PROJECT WEB/Common/Page_OrangeHRM/input_Password'

2023-05-30 13:39:44 - [TEST_STEP][PASSED] - click(findTestObject("PROJECT WEB/Common/Page_OrangeHRM/button_Login")): Object: 'Object Repository/PROJECT WEB/Common/Page_OrangeHRM/button_Login' is clicked on

2023-05-30 13:39:44 - [MESSAGE][PASSED] - Object: 'Object Repository/PROJECT WEB/Common/Page_OrangeHRM/button_Login' is clicked on

2023-05-30 13:39:44 - [TEST_STEP][PASSED] - verifyElementPresent(findTestObject("PROJECT WEB/Common/Page_OrangeHRM/h6_Dashboard"), 0): Object 'Object Repository/PROJECT WEB/Common/Page_OrangeHRM/h6_Dashboard' is present

2023-05-30 13:39:44 - [MESSAGE][WARNING] - Timeout '0' is invalid. Using default page load timeout: '30'

2023-05-30 13:39:47 - [MESSAGE][PASSED] - Object 'Object Repository/PROJECT WEB/Common/Page_OrangeHRM/h6_Dashboard' is present

2023-05-30 13:39:47 - [MESSAGE][PASSED] - Call Test Case 'Test Cases/PROJECT WEB/Common/F1_LoginFeatures/LF1_TC1_SUCCESSFULY LOGIN (P)' successfully

2023-05-30 13:39:47 - [TEST_STEP][PASSED] - click(findTestObject("PROJECT WEB/Pay Grade/span_Admin")): Object: 'Object Repository/PROJECT WEB/Pay Grade/span_Admin' is clicked on

2023-05-30 13:39:49 - [MESSAGE][PASSED] - Object: 'Object Repository/PROJECT WEB/Pay Grade/span_Admin' is clicked on

2023-05-30 13:39:49 - [TEST_STEP][PASSED] - navigateToUrl("https://opensource-demo.orangehrmlive.com/web/index.php/admin/viewSystemUsers"): Navigate to 'https://opensource-demo.orangehrmlive.com/web/index.php/admin/viewSystemUsers' successfully

2023-05-30 13:39:49 - [MESSAGE][PASSED] - Navigate to 'https://opensource-demo.orangehrmlive.com/web/index.php/admin/viewSystemUsers' successfully

2023-05-30 13:39:49 - [TEST_STEP][PASSED] - click(findTestObject("PROJECT WEB/Pay Grade/span_Job")): Object: 'Object Repository/PROJECT WEB/Pay Grade/span_Job' is clicked on

2023-05-30 13:39:50 - [MESSAGE][PASSED] - Object: 'Object Repository/PROJECT WEB/Pay Grade/span_Job' is clicked on

2023-05-30 13:39:50 - [TEST_STEP][PASSED] - click(findTestObject("PROJECT WEB/Pay Grade/a_Pay Grades")): Object: 'Object Repository/PROJECT WEB/Pay Grade/a_Pay Grades' is clicked on

2023-05-30 13:39:52 - [MESSAGE][PASSED] - Object: 'Object Repository/PROJECT WEB/Pay Grade/a_Pay Grades' is clicked on

2023-05-30 13:39:52 - [TEST_STEP][PASSED] - click(findTestObject("PROJECT WEB/Pay Grade/button_DG 41")): Object: 'Object Repository/PROJECT WEB/Pay Grade/button_DG 41' is clicked on

2023-05-30 13:39:52 - [MESSAGE][PASSED] - Object: 'Object Repository/PROJECT WEB/Pay Grade/button_DG 41' is clicked on

2023-05-30 13:39:52 - [TEST_STEP][PASSED] - navigateToUrl("https://opensource-demo.orangehrmlive.com/web/index.php/admin/payGrade/7"): Navigate to 'https://opensource-demo.orangehrmlive.com/web/index.php/admin/payGrade/7' successfully

2023-05-30 13:39:53 - [MESSAGE][PASSED] - Navigate to 'https://opensource-demo.orangehrmlive.com/web/index.php/admin/payGrade/7' successfully

2023-05-30 13:39:53 - [TEST_STEP][PASSED] - click(findTestObject("Object Repository/PROJECT WEB/Pay Grade/button_Add")): Object: 'Object Repository/PROJECT WEB/Pay Grade/button_Add' is clicked on

2023-05-30 13:39:54 - [MESSAGE][PASSED] - Object: 'Object Repository/PROJECT WEB/Pay Grade/button_Add' is clicked on

2023-05-30 13:39:54 - [TEST_STEP][PASSED] - click(findTestObject("PROJECT WEB/Pay Grade/div_-- Select --")): Object: 'Object Repository/PROJECT WEB/Pay Grade/div_-- Select --' is clicked on

2023-05-30 13:39:55 - [MESSAGE][PASSED] - Object: 'Object Repository/PROJECT WEB/Pay Grade/div_-- Select --' is clicked on

2023-05-30 13:39:55 - [TEST_STEP][PASSED] - setText(findTestObject("PROJECT WEB/Pay Grade/input_Minimum Salary"), "3000"): Text '3000' is set on object 'Object Repository/PROJECT WEB/Pay Grade/input_Minimum Salary'

2023-05-30 13:39:56 - [MESSAGE][INFO] - Unable to find the element located by 'By.xpath: (//div[@id='app']/div/div[2]/div[2]/div[2]/form/div[2]/div/div/div/div[2]/input)[3]'. Please recheck the objects properties to make sure the desired element is located. 

2023-05-30 13:39:56 - [MESSAGE][WARNING] - [SELF-HEALING] Failed to find element with id 'Object Repository/PROJECT WEB/Pay Grade/input_Minimum Salary'. Try using Self-healing.

2023-05-30 13:39:56 - [MESSAGE][WARNING] - [SELF-HEALING] The current locator of test object 'Object Repository/PROJECT WEB/Pay Grade/input_Minimum Salary' was broken. Propose an alternative one: '//div[@id='app']/div/div[2]/div[2]/div[2]/form/div[2]/div/div/div/div[2]/input'.

2023-05-30 13:39:57 - [MESSAGE][INFO] - Unable to find the element located by 'By.xpath: (//div[@id='app']/div/div[2]/div[2]/div[2]/form/div[2]/div/div/div/div[2]/input)[3]'. Please recheck the objects properties to make sure the desired element is located. 

2023-05-30 13:39:57 - [MESSAGE][WARNING] - [SELF-HEALING] Failed to find element with id 'Object Repository/PROJECT WEB/Pay Grade/input_Minimum Salary'. Try using Self-healing.

2023-05-30 13:39:58 - [MESSAGE][WARNING] - [SELF-HEALING] The current locator of test object 'Object Repository/PROJECT WEB/Pay Grade/input_Minimum Salary' was broken. Propose an alternative one: '//div[@id='app']/div/div[2]/div[2]/div[2]/form/div[2]/div/div/div/div[2]/input'.

2023-05-30 13:39:58 - [MESSAGE][PASSED] - Text '3000' is set on object 'Object Repository/PROJECT WEB/Pay Grade/input_Minimum Salary'

2023-05-30 13:39:58 - [TEST_STEP][PASSED] - setText(findTestObject("PROJECT WEB/Pay Grade/input_Maximum Salary"), "30000"): Text '30000' is set on object 'Object Repository/PROJECT WEB/Pay Grade/input_Maximum Salary'

2023-05-30 13:39:59 - [MESSAGE][INFO] - Unable to find the element located by 'By.xpath: (//div[@id='app']/div/div[2]/div[2]/div[2]/form/div[2]/div/div[2]/div/div[2]/input)[4]'. Please recheck the objects properties to make sure the desired element is located. 

2023-05-30 13:39:59 - [MESSAGE][WARNING] - [SELF-HEALING] Failed to find element with id 'Object Repository/PROJECT WEB/Pay Grade/input_Maximum Salary'. Try using Self-healing.

2023-05-30 13:39:59 - [MESSAGE][WARNING] - [SELF-HEALING] The current locator of test object 'Object Repository/PROJECT WEB/Pay Grade/input_Maximum Salary' was broken. Propose an alternative one: '//div[@id='app']/div/div[2]/div[2]/div[2]/form/div[2]/div/div[2]/div/div[2]/input'.

2023-05-30 13:40:00 - [MESSAGE][INFO] - Unable to find the element located by 'By.xpath: (//div[@id='app']/div/div[2]/div[2]/div[2]/form/div[2]/div/div[2]/div/div[2]/input)[4]'. Please recheck the objects properties to make sure the desired element is located. 

2023-05-30 13:40:00 - [MESSAGE][WARNING] - [SELF-HEALING] Failed to find element with id 'Object Repository/PROJECT WEB/Pay Grade/input_Maximum Salary'. Try using Self-healing.

2023-05-30 13:40:01 - [MESSAGE][WARNING] - [SELF-HEALING] The current locator of test object 'Object Repository/PROJECT WEB/Pay Grade/input_Maximum Salary' was broken. Propose an alternative one: '//div[@id='app']/div/div[2]/div[2]/div[2]/form/div[2]/div/div[2]/div/div[2]/input'.

2023-05-30 13:40:01 - [MESSAGE][PASSED] - Text '30000' is set on object 'Object Repository/PROJECT WEB/Pay Grade/input_Maximum Salary'

2023-05-30 13:40:01 - [TEST_STEP][PASSED] - click(findTestObject("PROJECT WEB/Pay Grade/button_Save_AddCurrency")): Object: 'Object Repository/PROJECT WEB/Pay Grade/button_Save_AddCurrency' is clicked on

2023-05-30 13:40:01 - [MESSAGE][PASSED] - Object: 'Object Repository/PROJECT WEB/Pay Grade/button_Save_AddCurrency' is clicked on

2023-05-30 13:40:01 - [TEST_STEP][PASSED] - verifyElementPresent(findTestObject("PROJECT WEB/Pay Grade/span_Required"), 0): Object 'Object Repository/PROJECT WEB/Pay Grade/span_Required' is present

2023-05-30 13:40:01 - [MESSAGE][WARNING] - Timeout '0' is invalid. Using default page load timeout: '30'

2023-05-30 13:40:02 - [MESSAGE][PASSED] - Object 'Object Repository/PROJECT WEB/Pay Grade/span_Required' is present]]></system-out>
         <system-err><![CDATA[]]></system-err>
      </testcase>
      <testcase name="Test Cases/PROJECT WEB/F2_Pay Grades/Add Currency/PG02_TC03_Add Registered Currency (N)" time="37.624" classname="Test Cases/PROJECT WEB/F2_Pay Grades/Add Currency/PG02_TC03_Add Registered Currency (N)" status="PASSED">
         <system-out><![CDATA[2023-05-30 13:40:02 - [TEST_CASE][PASSED] - Test Cases/PROJECT WEB/F2_Pay Grades/Add Currency/PG02_TC03_Add Registered Currency (N): Test Cases/PROJECT WEB/F2_Pay Grades/Add Currency/PG02_TC03_Add Registered Currency (N)

2023-05-30 13:40:02 - [TEST_STEP][PASSED] - callTestCase(findTestCase("PROJECT WEB/Common/F1_LoginFeatures/LF1_TC1_SUCCESSFULY LOGIN (P)"), ["username":"Admin", "password":"hUKwJTbofgPU9eVlw/CnDQ=="], STOP_ON_FAILURE): Call Test Case 'Test Cases/PROJECT WEB/Common/F1_LoginFeatures/LF1_TC1_SUCCESSFULY LOGIN (P)' successfully

2023-05-30 13:40:02 - [TEST_CASE][PASSED] - Test Cases/PROJECT WEB/Common/F1_LoginFeatures/LF1_TC1_SUCCESSFULY LOGIN (P): Test Cases/PROJECT WEB/Common/F1_LoginFeatures/LF1_TC1_SUCCESSFULY LOGIN (P)

2023-05-30 13:40:02 - [TEST_STEP][PASSED] - openBrowser(""): Browser is opened with url: ''

2023-05-30 13:40:02 - [MESSAGE][WARNING] - A browser is already opened. Closing browser and opening a new one

2023-05-30 13:40:03 - [MESSAGE][INFO] - Starting 'Chrome' driver

2023-05-30 13:40:03 - [MESSAGE][INFO] - User set preference: ['--window-size=1920,1080', '0']

2023-05-30 13:40:03 - [MESSAGE][INFO] - Action delay is set to 0 milliseconds

2023-05-30 13:40:04 - [MESSAGE][PASSED] - Browser is opened with url: ''

2023-05-30 13:40:04 - [TEST_STEP][PASSED] - maximizeWindow(): Current window maximized

2023-05-30 13:40:04 - [MESSAGE][PASSED] - Current window maximized

2023-05-30 13:40:04 - [TEST_STEP][PASSED] - navigateToUrl("https://opensource-demo.orangehrmlive.com/web/index.php/auth/login"): Navigate to 'https://opensource-demo.orangehrmlive.com/web/index.php/auth/login' successfully

2023-05-30 13:40:15 - [MESSAGE][PASSED] - Navigate to 'https://opensource-demo.orangehrmlive.com/web/index.php/auth/login' successfully

2023-05-30 13:40:15 - [TEST_STEP][PASSED] - setText(findTestObject("PROJECT WEB/Common/Page_OrangeHRM/input_Username"), username): Text 'Admin' is set on object 'Object Repository/PROJECT WEB/Common/Page_OrangeHRM/input_Username'

2023-05-30 13:40:17 - [MESSAGE][PASSED] - Text 'Admin' is set on object 'Object Repository/PROJECT WEB/Common/Page_OrangeHRM/input_Username'

2023-05-30 13:40:17 - [TEST_STEP][PASSED] - setEncryptedText(findTestObject("PROJECT WEB/Common/Page_OrangeHRM/input_Password"), password): Text ****** has been set on object 'Object Repository/PROJECT WEB/Common/Page_OrangeHRM/input_Password'

2023-05-30 13:40:17 - [MESSAGE][PASSED] - Text ****** has been set on object 'Object Repository/PROJECT WEB/Common/Page_OrangeHRM/input_Password'

2023-05-30 13:40:17 - [TEST_STEP][PASSED] - click(findTestObject("PROJECT WEB/Common/Page_OrangeHRM/button_Login")): Object: 'Object Repository/PROJECT WEB/Common/Page_OrangeHRM/button_Login' is clicked on

2023-05-30 13:40:18 - [MESSAGE][PASSED] - Object: 'Object Repository/PROJECT WEB/Common/Page_OrangeHRM/button_Login' is clicked on

2023-05-30 13:40:18 - [TEST_STEP][PASSED] - verifyElementPresent(findTestObject("PROJECT WEB/Common/Page_OrangeHRM/h6_Dashboard"), 0): Object 'Object Repository/PROJECT WEB/Common/Page_OrangeHRM/h6_Dashboard' is present

2023-05-30 13:40:18 - [MESSAGE][WARNING] - Timeout '0' is invalid. Using default page load timeout: '30'

2023-05-30 13:40:21 - [MESSAGE][PASSED] - Object 'Object Repository/PROJECT WEB/Common/Page_OrangeHRM/h6_Dashboard' is present

2023-05-30 13:40:21 - [MESSAGE][PASSED] - Call Test Case 'Test Cases/PROJECT WEB/Common/F1_LoginFeatures/LF1_TC1_SUCCESSFULY LOGIN (P)' successfully

2023-05-30 13:40:21 - [TEST_STEP][PASSED] - click(findTestObject("PROJECT WEB/Pay Grade/span_Admin")): Object: 'Object Repository/PROJECT WEB/Pay Grade/span_Admin' is clicked on

2023-05-30 13:40:23 - [MESSAGE][PASSED] - Object: 'Object Repository/PROJECT WEB/Pay Grade/span_Admin' is clicked on

2023-05-30 13:40:23 - [TEST_STEP][PASSED] - navigateToUrl("https://opensource-demo.orangehrmlive.com/web/index.php/admin/viewSystemUsers"): Navigate to 'https://opensource-demo.orangehrmlive.com/web/index.php/admin/viewSystemUsers' successfully

2023-05-30 13:40:23 - [MESSAGE][PASSED] - Navigate to 'https://opensource-demo.orangehrmlive.com/web/index.php/admin/viewSystemUsers' successfully

2023-05-30 13:40:23 - [TEST_STEP][PASSED] - click(findTestObject("PROJECT WEB/Pay Grade/span_Job")): Object: 'Object Repository/PROJECT WEB/Pay Grade/span_Job' is clicked on

2023-05-30 13:40:24 - [MESSAGE][PASSED] - Object: 'Object Repository/PROJECT WEB/Pay Grade/span_Job' is clicked on

2023-05-30 13:40:24 - [TEST_STEP][PASSED] - click(findTestObject("PROJECT WEB/Pay Grade/a_Pay Grades")): Object: 'Object Repository/PROJECT WEB/Pay Grade/a_Pay Grades' is clicked on

2023-05-30 13:40:25 - [MESSAGE][PASSED] - Object: 'Object Repository/PROJECT WEB/Pay Grade/a_Pay Grades' is clicked on

2023-05-30 13:40:25 - [TEST_STEP][PASSED] - click(findTestObject("PROJECT WEB/Pay Grade/button_DG 41")): Object: 'Object Repository/PROJECT WEB/Pay Grade/button_DG 41' is clicked on

2023-05-30 13:40:27 - [MESSAGE][PASSED] - Object: 'Object Repository/PROJECT WEB/Pay Grade/button_DG 41' is clicked on

2023-05-30 13:40:27 - [TEST_STEP][PASSED] - navigateToUrl("https://opensource-demo.orangehrmlive.com/web/index.php/admin/payGrade/7"): Navigate to 'https://opensource-demo.orangehrmlive.com/web/index.php/admin/payGrade/7' successfully

2023-05-30 13:40:27 - [MESSAGE][PASSED] - Navigate to 'https://opensource-demo.orangehrmlive.com/web/index.php/admin/payGrade/7' successfully

2023-05-30 13:40:27 - [TEST_STEP][PASSED] - click(findTestObject("Object Repository/PROJECT WEB/Pay Grade/button_Add")): Object: 'Object Repository/PROJECT WEB/Pay Grade/button_Add' is clicked on

2023-05-30 13:40:30 - [MESSAGE][PASSED] - Object: 'Object Repository/PROJECT WEB/Pay Grade/button_Add' is clicked on

2023-05-30 13:40:30 - [TEST_STEP][PASSED] - click(findTestObject("PROJECT WEB/Pay Grade/div_-- Select --")): Object: 'Object Repository/PROJECT WEB/Pay Grade/div_-- Select --' is clicked on

2023-05-30 13:40:33 - [MESSAGE][PASSED] - Object: 'Object Repository/PROJECT WEB/Pay Grade/div_-- Select --' is clicked on

2023-05-30 13:40:33 - [TEST_STEP][PASSED] - setText(findTestObject("PROJECT WEB/Pay Grade/input_Minimum Salary"), "3000"): Text '3000' is set on object 'Object Repository/PROJECT WEB/Pay Grade/input_Minimum Salary'

2023-05-30 13:40:34 - [MESSAGE][INFO] - Unable to find the element located by 'By.xpath: (//div[@id='app']/div/div[2]/div[2]/div[2]/form/div[2]/div/div/div/div[2]/input)[3]'. Please recheck the objects properties to make sure the desired element is located. 

2023-05-30 13:40:34 - [MESSAGE][WARNING] - [SELF-HEALING] Failed to find element with id 'Object Repository/PROJECT WEB/Pay Grade/input_Minimum Salary'. Try using Self-healing.

2023-05-30 13:40:34 - [MESSAGE][WARNING] - [SELF-HEALING] The current locator of test object 'Object Repository/PROJECT WEB/Pay Grade/input_Minimum Salary' was broken. Propose an alternative one: '//div[@id='app']/div/div[2]/div[2]/div[2]/form/div[2]/div/div/div/div[2]/input'.

2023-05-30 13:40:35 - [MESSAGE][INFO] - Unable to find the element located by 'By.xpath: (//div[@id='app']/div/div[2]/div[2]/div[2]/form/div[2]/div/div/div/div[2]/input)[3]'. Please recheck the objects properties to make sure the desired element is located. 

2023-05-30 13:40:35 - [MESSAGE][WARNING] - [SELF-HEALING] Failed to find element with id 'Object Repository/PROJECT WEB/Pay Grade/input_Minimum Salary'. Try using Self-healing.

2023-05-30 13:40:35 - [MESSAGE][WARNING] - [SELF-HEALING] The current locator of test object 'Object Repository/PROJECT WEB/Pay Grade/input_Minimum Salary' was broken. Propose an alternative one: '//div[@id='app']/div/div[2]/div[2]/div[2]/form/div[2]/div/div/div/div[2]/input'.

2023-05-30 13:40:36 - [MESSAGE][PASSED] - Text '3000' is set on object 'Object Repository/PROJECT WEB/Pay Grade/input_Minimum Salary'

2023-05-30 13:40:36 - [TEST_STEP][PASSED] - setText(findTestObject("PROJECT WEB/Pay Grade/input_Maximum Salary"), "30000"): Text '30000' is set on object 'Object Repository/PROJECT WEB/Pay Grade/input_Maximum Salary'

2023-05-30 13:40:37 - [MESSAGE][INFO] - Unable to find the element located by 'By.xpath: (//div[@id='app']/div/div[2]/div[2]/div[2]/form/div[2]/div/div[2]/div/div[2]/input)[4]'. Please recheck the objects properties to make sure the desired element is located. 

2023-05-30 13:40:37 - [MESSAGE][WARNING] - [SELF-HEALING] Failed to find element with id 'Object Repository/PROJECT WEB/Pay Grade/input_Maximum Salary'. Try using Self-healing.

2023-05-30 13:40:37 - [MESSAGE][WARNING] - [SELF-HEALING] The current locator of test object 'Object Repository/PROJECT WEB/Pay Grade/input_Maximum Salary' was broken. Propose an alternative one: '//div[@id='app']/div/div[2]/div[2]/div[2]/form/div[2]/div/div[2]/div/div[2]/input'.

2023-05-30 13:40:38 - [MESSAGE][INFO] - Unable to find the element located by 'By.xpath: (//div[@id='app']/div/div[2]/div[2]/div[2]/form/div[2]/div/div[2]/div/div[2]/input)[4]'. Please recheck the objects properties to make sure the desired element is located. 

2023-05-30 13:40:38 - [MESSAGE][WARNING] - [SELF-HEALING] Failed to find element with id 'Object Repository/PROJECT WEB/Pay Grade/input_Maximum Salary'. Try using Self-healing.

2023-05-30 13:40:38 - [MESSAGE][WARNING] - [SELF-HEALING] The current locator of test object 'Object Repository/PROJECT WEB/Pay Grade/input_Maximum Salary' was broken. Propose an alternative one: '//div[@id='app']/div/div[2]/div[2]/div[2]/form/div[2]/div/div[2]/div/div[2]/input'.

2023-05-30 13:40:38 - [MESSAGE][PASSED] - Text '30000' is set on object 'Object Repository/PROJECT WEB/Pay Grade/input_Maximum Salary'

2023-05-30 13:40:38 - [TEST_STEP][PASSED] - click(findTestObject("PROJECT WEB/Pay Grade/button_Save_AddCurrency")): Object: 'Object Repository/PROJECT WEB/Pay Grade/button_Save_AddCurrency' is clicked on

2023-05-30 13:40:39 - [MESSAGE][PASSED] - Object: 'Object Repository/PROJECT WEB/Pay Grade/button_Save_AddCurrency' is clicked on

2023-05-30 13:40:39 - [TEST_STEP][PASSED] - verifyElementPresent(findTestObject("PROJECT WEB/Pay Grade/span_Required"), 0): Object 'Object Repository/PROJECT WEB/Pay Grade/span_Required' is present

2023-05-30 13:40:39 - [MESSAGE][WARNING] - Timeout '0' is invalid. Using default page load timeout: '30'

2023-05-30 13:40:39 - [MESSAGE][PASSED] - Object 'Object Repository/PROJECT WEB/Pay Grade/span_Required' is present]]></system-out>
         <system-err><![CDATA[]]></system-err>
      </testcase>
      <testcase name="Test Cases/PROJECT WEB/F2_Pay Grades/Add Currency/PG02_TC04_Min Salary Higher (N)" time="36.886" classname="Test Cases/PROJECT WEB/F2_Pay Grades/Add Currency/PG02_TC04_Min Salary Higher (N)" status="PASSED">
         <system-out><![CDATA[2023-05-30 13:40:39 - [TEST_CASE][PASSED] - Test Cases/PROJECT WEB/F2_Pay Grades/Add Currency/PG02_TC04_Min Salary Higher (N): Test Cases/PROJECT WEB/F2_Pay Grades/Add Currency/PG02_TC04_Min Salary Higher (N)

2023-05-30 13:40:40 - [TEST_STEP][PASSED] - callTestCase(findTestCase("PROJECT WEB/Common/F1_LoginFeatures/LF1_TC1_SUCCESSFULY LOGIN (P)"), ["username":"Admin", "password":"hUKwJTbofgPU9eVlw/CnDQ=="], STOP_ON_FAILURE): Call Test Case 'Test Cases/PROJECT WEB/Common/F1_LoginFeatures/LF1_TC1_SUCCESSFULY LOGIN (P)' successfully

2023-05-30 13:40:40 - [TEST_CASE][PASSED] - Test Cases/PROJECT WEB/Common/F1_LoginFeatures/LF1_TC1_SUCCESSFULY LOGIN (P): Test Cases/PROJECT WEB/Common/F1_LoginFeatures/LF1_TC1_SUCCESSFULY LOGIN (P)

2023-05-30 13:40:40 - [TEST_STEP][PASSED] - openBrowser(""): Browser is opened with url: ''

2023-05-30 13:40:40 - [MESSAGE][WARNING] - A browser is already opened. Closing browser and opening a new one

2023-05-30 13:40:40 - [MESSAGE][INFO] - Starting 'Chrome' driver

2023-05-30 13:40:40 - [MESSAGE][INFO] - User set preference: ['--window-size=1920,1080', '0']

2023-05-30 13:40:40 - [MESSAGE][INFO] - Action delay is set to 0 milliseconds

2023-05-30 13:40:42 - [MESSAGE][PASSED] - Browser is opened with url: ''

2023-05-30 13:40:42 - [TEST_STEP][PASSED] - maximizeWindow(): Current window maximized

2023-05-30 13:40:42 - [MESSAGE][PASSED] - Current window maximized

2023-05-30 13:40:42 - [TEST_STEP][PASSED] - navigateToUrl("https://opensource-demo.orangehrmlive.com/web/index.php/auth/login"): Navigate to 'https://opensource-demo.orangehrmlive.com/web/index.php/auth/login' successfully

2023-05-30 13:40:51 - [MESSAGE][PASSED] - Navigate to 'https://opensource-demo.orangehrmlive.com/web/index.php/auth/login' successfully

2023-05-30 13:40:51 - [TEST_STEP][PASSED] - setText(findTestObject("PROJECT WEB/Common/Page_OrangeHRM/input_Username"), username): Text 'Admin' is set on object 'Object Repository/PROJECT WEB/Common/Page_OrangeHRM/input_Username'

2023-05-30 13:40:53 - [MESSAGE][PASSED] - Text 'Admin' is set on object 'Object Repository/PROJECT WEB/Common/Page_OrangeHRM/input_Username'

2023-05-30 13:40:53 - [TEST_STEP][PASSED] - setEncryptedText(findTestObject("PROJECT WEB/Common/Page_OrangeHRM/input_Password"), password): Text ****** has been set on object 'Object Repository/PROJECT WEB/Common/Page_OrangeHRM/input_Password'

2023-05-30 13:40:53 - [MESSAGE][PASSED] - Text ****** has been set on object 'Object Repository/PROJECT WEB/Common/Page_OrangeHRM/input_Password'

2023-05-30 13:40:53 - [TEST_STEP][PASSED] - click(findTestObject("PROJECT WEB/Common/Page_OrangeHRM/button_Login")): Object: 'Object Repository/PROJECT WEB/Common/Page_OrangeHRM/button_Login' is clicked on

2023-05-30 13:40:54 - [MESSAGE][PASSED] - Object: 'Object Repository/PROJECT WEB/Common/Page_OrangeHRM/button_Login' is clicked on

2023-05-30 13:40:54 - [TEST_STEP][PASSED] - verifyElementPresent(findTestObject("PROJECT WEB/Common/Page_OrangeHRM/h6_Dashboard"), 0): Object 'Object Repository/PROJECT WEB/Common/Page_OrangeHRM/h6_Dashboard' is present

2023-05-30 13:40:54 - [MESSAGE][WARNING] - Timeout '0' is invalid. Using default page load timeout: '30'

2023-05-30 13:40:57 - [MESSAGE][PASSED] - Object 'Object Repository/PROJECT WEB/Common/Page_OrangeHRM/h6_Dashboard' is present

2023-05-30 13:40:57 - [MESSAGE][PASSED] - Call Test Case 'Test Cases/PROJECT WEB/Common/F1_LoginFeatures/LF1_TC1_SUCCESSFULY LOGIN (P)' successfully

2023-05-30 13:40:57 - [TEST_STEP][PASSED] - click(findTestObject("PROJECT WEB/Pay Grade/span_Admin")): Object: 'Object Repository/PROJECT WEB/Pay Grade/span_Admin' is clicked on

2023-05-30 13:40:59 - [MESSAGE][PASSED] - Object: 'Object Repository/PROJECT WEB/Pay Grade/span_Admin' is clicked on

2023-05-30 13:40:59 - [TEST_STEP][PASSED] - navigateToUrl("https://opensource-demo.orangehrmlive.com/web/index.php/admin/viewSystemUsers"): Navigate to 'https://opensource-demo.orangehrmlive.com/web/index.php/admin/viewSystemUsers' successfully

2023-05-30 13:40:59 - [MESSAGE][PASSED] - Navigate to 'https://opensource-demo.orangehrmlive.com/web/index.php/admin/viewSystemUsers' successfully

2023-05-30 13:40:59 - [TEST_STEP][PASSED] - click(findTestObject("PROJECT WEB/Pay Grade/span_Job")): Object: 'Object Repository/PROJECT WEB/Pay Grade/span_Job' is clicked on

2023-05-30 13:41:00 - [MESSAGE][PASSED] - Object: 'Object Repository/PROJECT WEB/Pay Grade/span_Job' is clicked on

2023-05-30 13:41:00 - [TEST_STEP][PASSED] - click(findTestObject("PROJECT WEB/Pay Grade/a_Pay Grades")): Object: 'Object Repository/PROJECT WEB/Pay Grade/a_Pay Grades' is clicked on

2023-05-30 13:41:01 - [MESSAGE][PASSED] - Object: 'Object Repository/PROJECT WEB/Pay Grade/a_Pay Grades' is clicked on

2023-05-30 13:41:01 - [TEST_STEP][PASSED] - click(findTestObject("PROJECT WEB/Pay Grade/button_DG 41")): Object: 'Object Repository/PROJECT WEB/Pay Grade/button_DG 41' is clicked on

2023-05-30 13:41:03 - [MESSAGE][PASSED] - Object: 'Object Repository/PROJECT WEB/Pay Grade/button_DG 41' is clicked on

2023-05-30 13:41:03 - [TEST_STEP][PASSED] - navigateToUrl("https://opensource-demo.orangehrmlive.com/web/index.php/admin/payGrade/7"): Navigate to 'https://opensource-demo.orangehrmlive.com/web/index.php/admin/payGrade/7' successfully

2023-05-30 13:41:05 - [MESSAGE][PASSED] - Navigate to 'https://opensource-demo.orangehrmlive.com/web/index.php/admin/payGrade/7' successfully

2023-05-30 13:41:05 - [TEST_STEP][PASSED] - click(findTestObject("Object Repository/PROJECT WEB/Pay Grade/button_Add")): Object: 'Object Repository/PROJECT WEB/Pay Grade/button_Add' is clicked on

2023-05-30 13:41:06 - [MESSAGE][PASSED] - Object: 'Object Repository/PROJECT WEB/Pay Grade/button_Add' is clicked on

2023-05-30 13:41:06 - [TEST_STEP][PASSED] - click(findTestObject("PROJECT WEB/Pay Grade/div_-- Select --")): Object: 'Object Repository/PROJECT WEB/Pay Grade/div_-- Select --' is clicked on

2023-05-30 13:41:09 - [MESSAGE][PASSED] - Object: 'Object Repository/PROJECT WEB/Pay Grade/div_-- Select --' is clicked on

2023-05-30 13:41:09 - [TEST_STEP][PASSED] - setText(findTestObject("PROJECT WEB/Pay Grade/input_Minimum Salary"), "3000"): Text '3000' is set on object 'Object Repository/PROJECT WEB/Pay Grade/input_Minimum Salary'

2023-05-30 13:41:11 - [MESSAGE][INFO] - Unable to find the element located by 'By.xpath: (//div[@id='app']/div/div[2]/div[2]/div[2]/form/div[2]/div/div/div/div[2]/input)[3]'. Please recheck the objects properties to make sure the desired element is located. 

2023-05-30 13:41:11 - [MESSAGE][WARNING] - [SELF-HEALING] Failed to find element with id 'Object Repository/PROJECT WEB/Pay Grade/input_Minimum Salary'. Try using Self-healing.

2023-05-30 13:41:11 - [MESSAGE][WARNING] - [SELF-HEALING] The current locator of test object 'Object Repository/PROJECT WEB/Pay Grade/input_Minimum Salary' was broken. Propose an alternative one: '//div[@id='app']/div/div[2]/div[2]/div[2]/form/div[2]/div/div/div/div[2]/input'.

2023-05-30 13:41:12 - [MESSAGE][INFO] - Unable to find the element located by 'By.xpath: (//div[@id='app']/div/div[2]/div[2]/div[2]/form/div[2]/div/div/div/div[2]/input)[3]'. Please recheck the objects properties to make sure the desired element is located. 

2023-05-30 13:41:12 - [MESSAGE][WARNING] - [SELF-HEALING] Failed to find element with id 'Object Repository/PROJECT WEB/Pay Grade/input_Minimum Salary'. Try using Self-healing.

2023-05-30 13:41:12 - [MESSAGE][WARNING] - [SELF-HEALING] The current locator of test object 'Object Repository/PROJECT WEB/Pay Grade/input_Minimum Salary' was broken. Propose an alternative one: '//div[@id='app']/div/div[2]/div[2]/div[2]/form/div[2]/div/div/div/div[2]/input'.

2023-05-30 13:41:12 - [MESSAGE][PASSED] - Text '3000' is set on object 'Object Repository/PROJECT WEB/Pay Grade/input_Minimum Salary'

2023-05-30 13:41:12 - [TEST_STEP][PASSED] - setText(findTestObject("PROJECT WEB/Pay Grade/input_Maximum Salary"), "30"): Text '30' is set on object 'Object Repository/PROJECT WEB/Pay Grade/input_Maximum Salary'

2023-05-30 13:41:14 - [MESSAGE][INFO] - Unable to find the element located by 'By.xpath: (//div[@id='app']/div/div[2]/div[2]/div[2]/form/div[2]/div/div[2]/div/div[2]/input)[4]'. Please recheck the objects properties to make sure the desired element is located. 

2023-05-30 13:41:14 - [MESSAGE][WARNING] - [SELF-HEALING] Failed to find element with id 'Object Repository/PROJECT WEB/Pay Grade/input_Maximum Salary'. Try using Self-healing.

2023-05-30 13:41:14 - [MESSAGE][WARNING] - [SELF-HEALING] The current locator of test object 'Object Repository/PROJECT WEB/Pay Grade/input_Maximum Salary' was broken. Propose an alternative one: '//div[@id='app']/div/div[2]/div[2]/div[2]/form/div[2]/div/div[2]/div/div[2]/input'.

2023-05-30 13:41:15 - [MESSAGE][INFO] - Unable to find the element located by 'By.xpath: (//div[@id='app']/div/div[2]/div[2]/div[2]/form/div[2]/div/div[2]/div/div[2]/input)[4]'. Please recheck the objects properties to make sure the desired element is located. 

2023-05-30 13:41:15 - [MESSAGE][WARNING] - [SELF-HEALING] Failed to find element with id 'Object Repository/PROJECT WEB/Pay Grade/input_Maximum Salary'. Try using Self-healing.

2023-05-30 13:41:15 - [MESSAGE][WARNING] - [SELF-HEALING] The current locator of test object 'Object Repository/PROJECT WEB/Pay Grade/input_Maximum Salary' was broken. Propose an alternative one: '//div[@id='app']/div/div[2]/div[2]/div[2]/form/div[2]/div/div[2]/div/div[2]/input'.

2023-05-30 13:41:15 - [MESSAGE][PASSED] - Text '30' is set on object 'Object Repository/PROJECT WEB/Pay Grade/input_Maximum Salary'

2023-05-30 13:41:15 - [TEST_STEP][PASSED] - click(findTestObject("PROJECT WEB/Pay Grade/button_Save_AddCurrency")): Object: 'Object Repository/PROJECT WEB/Pay Grade/button_Save_AddCurrency' is clicked on

2023-05-30 13:41:16 - [MESSAGE][PASSED] - Object: 'Object Repository/PROJECT WEB/Pay Grade/button_Save_AddCurrency' is clicked on

2023-05-30 13:41:16 - [TEST_STEP][PASSED] - verifyElementPresent(findTestObject("PROJECT WEB/Pay Grade/span_Should be higher than Minimum Salary"), 0): Object 'Object Repository/PROJECT WEB/Pay Grade/span_Should be higher than Minimum Salary' is present

2023-05-30 13:41:16 - [MESSAGE][WARNING] - Timeout '0' is invalid. Using default page load timeout: '30'

2023-05-30 13:41:16 - [MESSAGE][PASSED] - Object 'Object Repository/PROJECT WEB/Pay Grade/span_Should be higher than Minimum Salary' is present]]></system-out>
         <system-err><![CDATA[]]></system-err>
      </testcase>
      <testcase name="Test Cases/PROJECT WEB/F2_Pay Grades/Edit Currency/PG04_TC01_Edit MIn Salary (P)" time="41.27" classname="Test Cases/PROJECT WEB/F2_Pay Grades/Edit Currency/PG04_TC01_Edit MIn Salary (P)" status="PASSED">
         <system-out><![CDATA[2023-05-30 13:41:16 - [TEST_CASE][PASSED] - Test Cases/PROJECT WEB/F2_Pay Grades/Edit Currency/PG04_TC01_Edit MIn Salary (P): Test Cases/PROJECT WEB/F2_Pay Grades/Edit Currency/PG04_TC01_Edit MIn Salary (P)

2023-05-30 13:41:17 - [TEST_STEP][PASSED] - callTestCase(findTestCase("PROJECT WEB/Common/F1_LoginFeatures/LF1_TC1_SUCCESSFULY LOGIN (P)"), ["username":"Admin", "password":"hUKwJTbofgPU9eVlw/CnDQ=="], STOP_ON_FAILURE): Call Test Case 'Test Cases/PROJECT WEB/Common/F1_LoginFeatures/LF1_TC1_SUCCESSFULY LOGIN (P)' successfully

2023-05-30 13:41:17 - [TEST_CASE][PASSED] - Test Cases/PROJECT WEB/Common/F1_LoginFeatures/LF1_TC1_SUCCESSFULY LOGIN (P): Test Cases/PROJECT WEB/Common/F1_LoginFeatures/LF1_TC1_SUCCESSFULY LOGIN (P)

2023-05-30 13:41:17 - [TEST_STEP][PASSED] - openBrowser(""): Browser is opened with url: ''

2023-05-30 13:41:17 - [MESSAGE][WARNING] - A browser is already opened. Closing browser and opening a new one

2023-05-30 13:41:17 - [MESSAGE][INFO] - Starting 'Chrome' driver

2023-05-30 13:41:17 - [MESSAGE][INFO] - User set preference: ['--window-size=1920,1080', '0']

2023-05-30 13:41:17 - [MESSAGE][INFO] - Action delay is set to 0 milliseconds

2023-05-30 13:41:19 - [MESSAGE][PASSED] - Browser is opened with url: ''

2023-05-30 13:41:19 - [TEST_STEP][PASSED] - maximizeWindow(): Current window maximized

2023-05-30 13:41:19 - [MESSAGE][PASSED] - Current window maximized

2023-05-30 13:41:19 - [TEST_STEP][PASSED] - navigateToUrl("https://opensource-demo.orangehrmlive.com/web/index.php/auth/login"): Navigate to 'https://opensource-demo.orangehrmlive.com/web/index.php/auth/login' successfully

2023-05-30 13:41:27 - [MESSAGE][PASSED] - Navigate to 'https://opensource-demo.orangehrmlive.com/web/index.php/auth/login' successfully

2023-05-30 13:41:27 - [TEST_STEP][PASSED] - setText(findTestObject("PROJECT WEB/Common/Page_OrangeHRM/input_Username"), username): Text 'Admin' is set on object 'Object Repository/PROJECT WEB/Common/Page_OrangeHRM/input_Username'

2023-05-30 13:41:29 - [MESSAGE][PASSED] - Text 'Admin' is set on object 'Object Repository/PROJECT WEB/Common/Page_OrangeHRM/input_Username'

2023-05-30 13:41:29 - [TEST_STEP][PASSED] - setEncryptedText(findTestObject("PROJECT WEB/Common/Page_OrangeHRM/input_Password"), password): Text ****** has been set on object 'Object Repository/PROJECT WEB/Common/Page_OrangeHRM/input_Password'

2023-05-30 13:41:29 - [MESSAGE][PASSED] - Text ****** has been set on object 'Object Repository/PROJECT WEB/Common/Page_OrangeHRM/input_Password'

2023-05-30 13:41:29 - [TEST_STEP][PASSED] - click(findTestObject("PROJECT WEB/Common/Page_OrangeHRM/button_Login")): Object: 'Object Repository/PROJECT WEB/Common/Page_OrangeHRM/button_Login' is clicked on

2023-05-30 13:41:30 - [MESSAGE][PASSED] - Object: 'Object Repository/PROJECT WEB/Common/Page_OrangeHRM/button_Login' is clicked on

2023-05-30 13:41:30 - [TEST_STEP][PASSED] - verifyElementPresent(findTestObject("PROJECT WEB/Common/Page_OrangeHRM/h6_Dashboard"), 0): Object 'Object Repository/PROJECT WEB/Common/Page_OrangeHRM/h6_Dashboard' is present

2023-05-30 13:41:30 - [MESSAGE][WARNING] - Timeout '0' is invalid. Using default page load timeout: '30'

2023-05-30 13:41:33 - [MESSAGE][PASSED] - Object 'Object Repository/PROJECT WEB/Common/Page_OrangeHRM/h6_Dashboard' is present

2023-05-30 13:41:33 - [MESSAGE][PASSED] - Call Test Case 'Test Cases/PROJECT WEB/Common/F1_LoginFeatures/LF1_TC1_SUCCESSFULY LOGIN (P)' successfully

2023-05-30 13:41:33 - [TEST_STEP][PASSED] - click(findTestObject("PROJECT WEB/Pay Grade/span_Admin")): Object: 'Object Repository/PROJECT WEB/Pay Grade/span_Admin' is clicked on

2023-05-30 13:41:34 - [MESSAGE][PASSED] - Object: 'Object Repository/PROJECT WEB/Pay Grade/span_Admin' is clicked on

2023-05-30 13:41:34 - [TEST_STEP][PASSED] - navigateToUrl("https://opensource-demo.orangehrmlive.com/web/index.php/admin/viewSystemUsers"): Navigate to 'https://opensource-demo.orangehrmlive.com/web/index.php/admin/viewSystemUsers' successfully

2023-05-30 13:41:35 - [MESSAGE][PASSED] - Navigate to 'https://opensource-demo.orangehrmlive.com/web/index.php/admin/viewSystemUsers' successfully

2023-05-30 13:41:35 - [TEST_STEP][PASSED] - click(findTestObject("PROJECT WEB/Pay Grade/span_Job")): Object: 'Object Repository/PROJECT WEB/Pay Grade/span_Job' is clicked on

2023-05-30 13:41:37 - [MESSAGE][PASSED] - Object: 'Object Repository/PROJECT WEB/Pay Grade/span_Job' is clicked on

2023-05-30 13:41:37 - [TEST_STEP][PASSED] - click(findTestObject("PROJECT WEB/Pay Grade/a_Pay Grades")): Object: 'Object Repository/PROJECT WEB/Pay Grade/a_Pay Grades' is clicked on

2023-05-30 13:41:38 - [MESSAGE][PASSED] - Object: 'Object Repository/PROJECT WEB/Pay Grade/a_Pay Grades' is clicked on

2023-05-30 13:41:38 - [TEST_STEP][PASSED] - click(findTestObject("PROJECT WEB/Pay Grade/button_Grade 1")): Object: 'Object Repository/PROJECT WEB/Pay Grade/button_Grade 1' is clicked on

2023-05-30 13:41:40 - [MESSAGE][PASSED] - Object: 'Object Repository/PROJECT WEB/Pay Grade/button_Grade 1' is clicked on

2023-05-30 13:41:40 - [TEST_STEP][PASSED] - navigateToUrl("https://opensource-demo.orangehrmlive.com/web/index.php/admin/payGrade/1"): Navigate to 'https://opensource-demo.orangehrmlive.com/web/index.php/admin/payGrade/1' successfully

2023-05-30 13:41:41 - [MESSAGE][PASSED] - Navigate to 'https://opensource-demo.orangehrmlive.com/web/index.php/admin/payGrade/1' successfully

2023-05-30 13:41:41 - [TEST_STEP][PASSED] - click(findTestObject("PROJECT WEB/Pay Grade/button_United States Dollar_Edit Currency")): Object: 'Object Repository/PROJECT WEB/Pay Grade/button_United States Dollar_Edit Currency' is clicked on

2023-05-30 13:41:42 - [MESSAGE][INFO] - Unable to find the element located by 'By.xpath: (//button[@type='button'])[6]'. Please recheck the objects properties to make sure the desired element is located. 

2023-05-30 13:41:42 - [MESSAGE][WARNING] - [SELF-HEALING] Failed to find element with id 'Object Repository/PROJECT WEB/Pay Grade/button_United States Dollar_Edit Currency'. Try using Self-healing.

2023-05-30 13:41:43 - [MESSAGE][INFO] - Unable to find the element located by 'By.xpath: //div[5]/div/button[2]'. Please recheck the objects properties to make sure the desired element is located. 

2023-05-30 13:41:44 - [MESSAGE][INFO] - [SELF-HEALING] Working Locator: '(//button[@type='button'])[6]'.

2023-05-30 13:41:48 - [MESSAGE][INFO] - [SELF-HEALING] Screenshot: C:/Users/Aiman Hakim/Katalon Studio/PROJECT WEB_ASSESSMENT PROTEGE/Reports/Self-healing/Object Repository/PROJECT WEB/Pay Grade/button_United States Dollar_Edit Currency_attributes.png

2023-05-30 13:41:48 - [MESSAGE][WARNING] - [SELF-HEALING] The current locator of test object 'Object Repository/PROJECT WEB/Pay Grade/button_United States Dollar_Edit Currency' was broken. Propose an alternative one: '(//button[@type='button'])[6]'.

2023-05-30 13:41:48 - [MESSAGE][PASSED] - Object: 'Object Repository/PROJECT WEB/Pay Grade/button_United States Dollar_Edit Currency' is clicked on

2023-05-30 13:41:48 - [TEST_STEP][PASSED] - doubleClick(findTestObject("PROJECT WEB/Pay Grade/input_Minimum Salary")): Object: 'Object Repository/PROJECT WEB/Pay Grade/input_Minimum Salary' is double clicked on

2023-05-30 13:41:50 - [MESSAGE][INFO] - Unable to find the element located by 'By.xpath: (//div[@id='app']/div/div[2]/div[2]/div[2]/form/div[2]/div/div/div/div[2]/input)[3]'. Please recheck the objects properties to make sure the desired element is located. 

2023-05-30 13:41:50 - [MESSAGE][WARNING] - [SELF-HEALING] Failed to find element with id 'Object Repository/PROJECT WEB/Pay Grade/input_Minimum Salary'. Try using Self-healing.

2023-05-30 13:41:50 - [MESSAGE][WARNING] - [SELF-HEALING] The current locator of test object 'Object Repository/PROJECT WEB/Pay Grade/input_Minimum Salary' was broken. Propose an alternative one: '//div[@id='app']/div/div[2]/div[2]/div[2]/form/div[2]/div/div/div/div[2]/input'.

2023-05-30 13:41:50 - [MESSAGE][PASSED] - Object: 'Object Repository/PROJECT WEB/Pay Grade/input_Minimum Salary' is double clicked on

2023-05-30 13:41:50 - [TEST_STEP][PASSED] - sendKeys(findTestObject("PROJECT WEB/Pay Grade/input_Minimum Salary"), Keys.chord(CONTROL, "a")): Keys 'CONTROL + a' sent to object: 'Object Repository/PROJECT WEB/Pay Grade/input_Minimum Salary'

2023-05-30 13:41:51 - [MESSAGE][INFO] - Unable to find the element located by 'By.xpath: (//div[@id='app']/div/div[2]/div[2]/div[2]/form/div[2]/div/div/div/div[2]/input)[3]'. Please recheck the objects properties to make sure the desired element is located. 

2023-05-30 13:41:51 - [MESSAGE][WARNING] - [SELF-HEALING] Failed to find element with id 'Object Repository/PROJECT WEB/Pay Grade/input_Minimum Salary'. Try using Self-healing.

2023-05-30 13:41:52 - [MESSAGE][WARNING] - [SELF-HEALING] The current locator of test object 'Object Repository/PROJECT WEB/Pay Grade/input_Minimum Salary' was broken. Propose an alternative one: '//div[@id='app']/div/div[2]/div[2]/div[2]/form/div[2]/div/div/div/div[2]/input'.

2023-05-30 13:41:52 - [MESSAGE][PASSED] - Keys 'CONTROL + a' sent to object: 'Object Repository/PROJECT WEB/Pay Grade/input_Minimum Salary'

2023-05-30 13:41:52 - [TEST_STEP][PASSED] - sendKeys(findTestObject("PROJECT WEB/Pay Grade/input_Minimum Salary"), Keys.chord(DELETE)): Keys 'DELETE + ' sent to object: 'Object Repository/PROJECT WEB/Pay Grade/input_Minimum Salary'

2023-05-30 13:41:53 - [MESSAGE][INFO] - Unable to find the element located by 'By.xpath: (//div[@id='app']/div/div[2]/div[2]/div[2]/form/div[2]/div/div/div/div[2]/input)[3]'. Please recheck the objects properties to make sure the desired element is located. 

2023-05-30 13:41:53 - [MESSAGE][WARNING] - [SELF-HEALING] Failed to find element with id 'Object Repository/PROJECT WEB/Pay Grade/input_Minimum Salary'. Try using Self-healing.

2023-05-30 13:41:53 - [MESSAGE][WARNING] - [SELF-HEALING] The current locator of test object 'Object Repository/PROJECT WEB/Pay Grade/input_Minimum Salary' was broken. Propose an alternative one: '//div[@id='app']/div/div[2]/div[2]/div[2]/form/div[2]/div/div/div/div[2]/input'.

2023-05-30 13:41:53 - [MESSAGE][PASSED] - Keys 'DELETE + ' sent to object: 'Object Repository/PROJECT WEB/Pay Grade/input_Minimum Salary'

2023-05-30 13:41:53 - [TEST_STEP][PASSED] - setText(findTestObject("PROJECT WEB/Pay Grade/input_Minimum Salary"), "3000"): Text '3000' is set on object 'Object Repository/PROJECT WEB/Pay Grade/input_Minimum Salary'

2023-05-30 13:41:54 - [MESSAGE][INFO] - Unable to find the element located by 'By.xpath: (//div[@id='app']/div/div[2]/div[2]/div[2]/form/div[2]/div/div/div/div[2]/input)[3]'. Please recheck the objects properties to make sure the desired element is located. 

2023-05-30 13:41:54 - [MESSAGE][WARNING] - [SELF-HEALING] Failed to find element with id 'Object Repository/PROJECT WEB/Pay Grade/input_Minimum Salary'. Try using Self-healing.

2023-05-30 13:41:55 - [MESSAGE][WARNING] - [SELF-HEALING] The current locator of test object 'Object Repository/PROJECT WEB/Pay Grade/input_Minimum Salary' was broken. Propose an alternative one: '//div[@id='app']/div/div[2]/div[2]/div[2]/form/div[2]/div/div/div/div[2]/input'.

2023-05-30 13:41:56 - [MESSAGE][INFO] - Unable to find the element located by 'By.xpath: (//div[@id='app']/div/div[2]/div[2]/div[2]/form/div[2]/div/div/div/div[2]/input)[3]'. Please recheck the objects properties to make sure the desired element is located. 

2023-05-30 13:41:56 - [MESSAGE][WARNING] - [SELF-HEALING] Failed to find element with id 'Object Repository/PROJECT WEB/Pay Grade/input_Minimum Salary'. Try using Self-healing.

2023-05-30 13:41:56 - [MESSAGE][WARNING] - [SELF-HEALING] The current locator of test object 'Object Repository/PROJECT WEB/Pay Grade/input_Minimum Salary' was broken. Propose an alternative one: '//div[@id='app']/div/div[2]/div[2]/div[2]/form/div[2]/div/div/div/div[2]/input'.

2023-05-30 13:41:56 - [MESSAGE][PASSED] - Text '3000' is set on object 'Object Repository/PROJECT WEB/Pay Grade/input_Minimum Salary'

2023-05-30 13:41:56 - [TEST_STEP][PASSED] - click(findTestObject("PROJECT WEB/Pay Grade/button_Save_AddCurrency")): Object: 'Object Repository/PROJECT WEB/Pay Grade/button_Save_AddCurrency' is clicked on

2023-05-30 13:41:56 - [MESSAGE][PASSED] - Object: 'Object Repository/PROJECT WEB/Pay Grade/button_Save_AddCurrency' is clicked on

2023-05-30 13:41:56 - [TEST_STEP][PASSED] - click(findTestObject("PROJECT WEB/Pay Grade/p_Successfully Saved")): Object: 'Object Repository/PROJECT WEB/Pay Grade/p_Successfully Saved' is clicked on

2023-05-30 13:41:58 - [MESSAGE][PASSED] - Object: 'Object Repository/PROJECT WEB/Pay Grade/p_Successfully Saved' is clicked on]]></system-out>
         <system-err><![CDATA[]]></system-err>
      </testcase>
      <testcase name="Test Cases/PROJECT WEB/F2_Pay Grades/Edit Currency/PG04_TC02_Edit Max Salary (P)" time="30.12" classname="Test Cases/PROJECT WEB/F2_Pay Grades/Edit Currency/PG04_TC02_Edit Max Salary (P)" status="PASSED">
         <system-out><![CDATA[2023-05-30 13:41:58 - [TEST_CASE][PASSED] - Test Cases/PROJECT WEB/F2_Pay Grades/Edit Currency/PG04_TC02_Edit Max Salary (P): Test Cases/PROJECT WEB/F2_Pay Grades/Edit Currency/PG04_TC02_Edit Max Salary (P)

2023-05-30 13:41:58 - [TEST_STEP][PASSED] - callTestCase(findTestCase("PROJECT WEB/Common/F1_LoginFeatures/LF1_TC1_SUCCESSFULY LOGIN (P)"), ["username":"Admin", "password":"hUKwJTbofgPU9eVlw/CnDQ=="], STOP_ON_FAILURE): Call Test Case 'Test Cases/PROJECT WEB/Common/F1_LoginFeatures/LF1_TC1_SUCCESSFULY LOGIN (P)' successfully

2023-05-30 13:41:58 - [TEST_CASE][PASSED] - Test Cases/PROJECT WEB/Common/F1_LoginFeatures/LF1_TC1_SUCCESSFULY LOGIN (P): Test Cases/PROJECT WEB/Common/F1_LoginFeatures/LF1_TC1_SUCCESSFULY LOGIN (P)

2023-05-30 13:41:58 - [TEST_STEP][PASSED] - openBrowser(""): Browser is opened with url: ''

2023-05-30 13:41:58 - [MESSAGE][WARNING] - A browser is already opened. Closing browser and opening a new one

2023-05-30 13:41:59 - [MESSAGE][INFO] - Starting 'Chrome' driver

2023-05-30 13:41:59 - [MESSAGE][INFO] - User set preference: ['--window-size=1920,1080', '0']

2023-05-30 13:41:59 - [MESSAGE][INFO] - Action delay is set to 0 milliseconds

2023-05-30 13:42:00 - [MESSAGE][PASSED] - Browser is opened with url: ''

2023-05-30 13:42:00 - [TEST_STEP][PASSED] - maximizeWindow(): Current window maximized

2023-05-30 13:42:00 - [MESSAGE][PASSED] - Current window maximized

2023-05-30 13:42:00 - [TEST_STEP][PASSED] - navigateToUrl("https://opensource-demo.orangehrmlive.com/web/index.php/auth/login"): Navigate to 'https://opensource-demo.orangehrmlive.com/web/index.php/auth/login' successfully

2023-05-30 13:42:06 - [MESSAGE][PASSED] - Navigate to 'https://opensource-demo.orangehrmlive.com/web/index.php/auth/login' successfully

2023-05-30 13:42:06 - [TEST_STEP][PASSED] - setText(findTestObject("PROJECT WEB/Common/Page_OrangeHRM/input_Username"), username): Text 'Admin' is set on object 'Object Repository/PROJECT WEB/Common/Page_OrangeHRM/input_Username'

2023-05-30 13:42:07 - [MESSAGE][PASSED] - Text 'Admin' is set on object 'Object Repository/PROJECT WEB/Common/Page_OrangeHRM/input_Username'

2023-05-30 13:42:07 - [TEST_STEP][PASSED] - setEncryptedText(findTestObject("PROJECT WEB/Common/Page_OrangeHRM/input_Password"), password): Text ****** has been set on object 'Object Repository/PROJECT WEB/Common/Page_OrangeHRM/input_Password'

2023-05-30 13:42:08 - [MESSAGE][PASSED] - Text ****** has been set on object 'Object Repository/PROJECT WEB/Common/Page_OrangeHRM/input_Password'

2023-05-30 13:42:08 - [TEST_STEP][PASSED] - click(findTestObject("PROJECT WEB/Common/Page_OrangeHRM/button_Login")): Object: 'Object Repository/PROJECT WEB/Common/Page_OrangeHRM/button_Login' is clicked on

2023-05-30 13:42:08 - [MESSAGE][PASSED] - Object: 'Object Repository/PROJECT WEB/Common/Page_OrangeHRM/button_Login' is clicked on

2023-05-30 13:42:08 - [TEST_STEP][PASSED] - verifyElementPresent(findTestObject("PROJECT WEB/Common/Page_OrangeHRM/h6_Dashboard"), 0): Object 'Object Repository/PROJECT WEB/Common/Page_OrangeHRM/h6_Dashboard' is present

2023-05-30 13:42:08 - [MESSAGE][WARNING] - Timeout '0' is invalid. Using default page load timeout: '30'

2023-05-30 13:42:11 - [MESSAGE][PASSED] - Object 'Object Repository/PROJECT WEB/Common/Page_OrangeHRM/h6_Dashboard' is present

2023-05-30 13:42:11 - [MESSAGE][PASSED] - Call Test Case 'Test Cases/PROJECT WEB/Common/F1_LoginFeatures/LF1_TC1_SUCCESSFULY LOGIN (P)' successfully

2023-05-30 13:42:11 - [TEST_STEP][PASSED] - click(findTestObject("PROJECT WEB/Pay Grade/span_Admin")): Object: 'Object Repository/PROJECT WEB/Pay Grade/span_Admin' is clicked on

2023-05-30 13:42:13 - [MESSAGE][PASSED] - Object: 'Object Repository/PROJECT WEB/Pay Grade/span_Admin' is clicked on

2023-05-30 13:42:13 - [TEST_STEP][PASSED] - navigateToUrl("https://opensource-demo.orangehrmlive.com/web/index.php/admin/viewSystemUsers"): Navigate to 'https://opensource-demo.orangehrmlive.com/web/index.php/admin/viewSystemUsers' successfully

2023-05-30 13:42:13 - [MESSAGE][PASSED] - Navigate to 'https://opensource-demo.orangehrmlive.com/web/index.php/admin/viewSystemUsers' successfully

2023-05-30 13:42:13 - [TEST_STEP][PASSED] - click(findTestObject("PROJECT WEB/Pay Grade/span_Job")): Object: 'Object Repository/PROJECT WEB/Pay Grade/span_Job' is clicked on

2023-05-30 13:42:14 - [MESSAGE][PASSED] - Object: 'Object Repository/PROJECT WEB/Pay Grade/span_Job' is clicked on

2023-05-30 13:42:14 - [TEST_STEP][PASSED] - click(findTestObject("PROJECT WEB/Pay Grade/a_Pay Grades")): Object: 'Object Repository/PROJECT WEB/Pay Grade/a_Pay Grades' is clicked on

2023-05-30 13:42:15 - [MESSAGE][PASSED] - Object: 'Object Repository/PROJECT WEB/Pay Grade/a_Pay Grades' is clicked on

2023-05-30 13:42:15 - [TEST_STEP][PASSED] - click(findTestObject("PROJECT WEB/Pay Grade/button_Grade 1")): Object: 'Object Repository/PROJECT WEB/Pay Grade/button_Grade 1' is clicked on

2023-05-30 13:42:17 - [MESSAGE][PASSED] - Object: 'Object Repository/PROJECT WEB/Pay Grade/button_Grade 1' is clicked on

2023-05-30 13:42:17 - [TEST_STEP][PASSED] - navigateToUrl("https://opensource-demo.orangehrmlive.com/web/index.php/admin/payGrade/1"): Navigate to 'https://opensource-demo.orangehrmlive.com/web/index.php/admin/payGrade/1' successfully

2023-05-30 13:42:17 - [MESSAGE][PASSED] - Navigate to 'https://opensource-demo.orangehrmlive.com/web/index.php/admin/payGrade/1' successfully

2023-05-30 13:42:17 - [TEST_STEP][PASSED] - click(findTestObject("PROJECT WEB/Pay Grade/button_United States Dollar_Edit Currency")): Object: 'Object Repository/PROJECT WEB/Pay Grade/button_United States Dollar_Edit Currency' is clicked on

2023-05-30 13:42:19 - [MESSAGE][PASSED] - Object: 'Object Repository/PROJECT WEB/Pay Grade/button_United States Dollar_Edit Currency' is clicked on

2023-05-30 13:42:19 - [TEST_STEP][PASSED] - doubleClick(findTestObject("PROJECT WEB/Pay Grade/input_Maximum Salary")): Object: 'Object Repository/PROJECT WEB/Pay Grade/input_Maximum Salary' is double clicked on

2023-05-30 13:42:20 - [MESSAGE][INFO] - Unable to find the element located by 'By.xpath: (//div[@id='app']/div/div[2]/div[2]/div[2]/form/div[2]/div/div[2]/div/div[2]/input)[4]'. Please recheck the objects properties to make sure the desired element is located. 

2023-05-30 13:42:20 - [MESSAGE][WARNING] - [SELF-HEALING] Failed to find element with id 'Object Repository/PROJECT WEB/Pay Grade/input_Maximum Salary'. Try using Self-healing.

2023-05-30 13:42:20 - [MESSAGE][WARNING] - [SELF-HEALING] The current locator of test object 'Object Repository/PROJECT WEB/Pay Grade/input_Maximum Salary' was broken. Propose an alternative one: '//div[@id='app']/div/div[2]/div[2]/div[2]/form/div[2]/div/div[2]/div/div[2]/input'.

2023-05-30 13:42:21 - [MESSAGE][PASSED] - Object: 'Object Repository/PROJECT WEB/Pay Grade/input_Maximum Salary' is double clicked on

2023-05-30 13:42:21 - [TEST_STEP][PASSED] - sendKeys(findTestObject("PROJECT WEB/Pay Grade/input_Maximum Salary"), Keys.chord(CONTROL, "a")): Keys 'CONTROL + a' sent to object: 'Object Repository/PROJECT WEB/Pay Grade/input_Maximum Salary'

2023-05-30 13:42:22 - [MESSAGE][INFO] - Unable to find the element located by 'By.xpath: (//div[@id='app']/div/div[2]/div[2]/div[2]/form/div[2]/div/div[2]/div/div[2]/input)[4]'. Please recheck the objects properties to make sure the desired element is located. 

2023-05-30 13:42:22 - [MESSAGE][WARNING] - [SELF-HEALING] Failed to find element with id 'Object Repository/PROJECT WEB/Pay Grade/input_Maximum Salary'. Try using Self-healing.

2023-05-30 13:42:22 - [MESSAGE][WARNING] - [SELF-HEALING] The current locator of test object 'Object Repository/PROJECT WEB/Pay Grade/input_Maximum Salary' was broken. Propose an alternative one: '//div[@id='app']/div/div[2]/div[2]/div[2]/form/div[2]/div/div[2]/div/div[2]/input'.

2023-05-30 13:42:22 - [MESSAGE][PASSED] - Keys 'CONTROL + a' sent to object: 'Object Repository/PROJECT WEB/Pay Grade/input_Maximum Salary'

2023-05-30 13:42:22 - [TEST_STEP][PASSED] - sendKeys(findTestObject("PROJECT WEB/Pay Grade/input_Maximum Salary"), Keys.chord(DELETE)): Keys 'DELETE + ' sent to object: 'Object Repository/PROJECT WEB/Pay Grade/input_Maximum Salary'

2023-05-30 13:42:23 - [MESSAGE][INFO] - Unable to find the element located by 'By.xpath: (//div[@id='app']/div/div[2]/div[2]/div[2]/form/div[2]/div/div[2]/div/div[2]/input)[4]'. Please recheck the objects properties to make sure the desired element is located. 

2023-05-30 13:42:23 - [MESSAGE][WARNING] - [SELF-HEALING] Failed to find element with id 'Object Repository/PROJECT WEB/Pay Grade/input_Maximum Salary'. Try using Self-healing.

2023-05-30 13:42:23 - [MESSAGE][WARNING] - [SELF-HEALING] The current locator of test object 'Object Repository/PROJECT WEB/Pay Grade/input_Maximum Salary' was broken. Propose an alternative one: '//div[@id='app']/div/div[2]/div[2]/div[2]/form/div[2]/div/div[2]/div/div[2]/input'.

2023-05-30 13:42:23 - [MESSAGE][PASSED] - Keys 'DELETE + ' sent to object: 'Object Repository/PROJECT WEB/Pay Grade/input_Maximum Salary'

2023-05-30 13:42:23 - [TEST_STEP][PASSED] - setText(findTestObject("PROJECT WEB/Pay Grade/input_Maximum Salary"), "70000"): Text '70000' is set on object 'Object Repository/PROJECT WEB/Pay Grade/input_Maximum Salary'

2023-05-30 13:42:25 - [MESSAGE][INFO] - Unable to find the element located by 'By.xpath: (//div[@id='app']/div/div[2]/div[2]/div[2]/form/div[2]/div/div[2]/div/div[2]/input)[4]'. Please recheck the objects properties to make sure the desired element is located. 

2023-05-30 13:42:25 - [MESSAGE][WARNING] - [SELF-HEALING] Failed to find element with id 'Object Repository/PROJECT WEB/Pay Grade/input_Maximum Salary'. Try using Self-healing.

2023-05-30 13:42:25 - [MESSAGE][WARNING] - [SELF-HEALING] The current locator of test object 'Object Repository/PROJECT WEB/Pay Grade/input_Maximum Salary' was broken. Propose an alternative one: '//div[@id='app']/div/div[2]/div[2]/div[2]/form/div[2]/div/div[2]/div/div[2]/input'.

2023-05-30 13:42:26 - [MESSAGE][INFO] - Unable to find the element located by 'By.xpath: (//div[@id='app']/div/div[2]/div[2]/div[2]/form/div[2]/div/div[2]/div/div[2]/input)[4]'. Please recheck the objects properties to make sure the desired element is located. 

2023-05-30 13:42:26 - [MESSAGE][WARNING] - [SELF-HEALING] Failed to find element with id 'Object Repository/PROJECT WEB/Pay Grade/input_Maximum Salary'. Try using Self-healing.

2023-05-30 13:42:26 - [MESSAGE][WARNING] - [SELF-HEALING] The current locator of test object 'Object Repository/PROJECT WEB/Pay Grade/input_Maximum Salary' was broken. Propose an alternative one: '//div[@id='app']/div/div[2]/div[2]/div[2]/form/div[2]/div/div[2]/div/div[2]/input'.

2023-05-30 13:42:26 - [MESSAGE][PASSED] - Text '70000' is set on object 'Object Repository/PROJECT WEB/Pay Grade/input_Maximum Salary'

2023-05-30 13:42:26 - [TEST_STEP][PASSED] - click(findTestObject("PROJECT WEB/Pay Grade/button_Save_AddCurrency")): Object: 'Object Repository/PROJECT WEB/Pay Grade/button_Save_AddCurrency' is clicked on

2023-05-30 13:42:27 - [MESSAGE][PASSED] - Object: 'Object Repository/PROJECT WEB/Pay Grade/button_Save_AddCurrency' is clicked on

2023-05-30 13:42:27 - [TEST_STEP][PASSED] - click(findTestObject("PROJECT WEB/Pay Grade/p_Successfully Saved")): Object: 'Object Repository/PROJECT WEB/Pay Grade/p_Successfully Saved' is clicked on

2023-05-30 13:42:28 - [MESSAGE][PASSED] - Object: 'Object Repository/PROJECT WEB/Pay Grade/p_Successfully Saved' is clicked on]]></system-out>
         <system-err><![CDATA[]]></system-err>
      </testcase>
      <testcase name="Test Cases/PROJECT WEB/F2_Pay Grades/Edit Currency/PG04_TC03_Replace Currency Success (P)" time="36.143" classname="Test Cases/PROJECT WEB/F2_Pay Grades/Edit Currency/PG04_TC03_Replace Currency Success (P)" status="PASSED">
         <system-out><![CDATA[2023-05-30 13:42:28 - [TEST_CASE][PASSED] - Test Cases/PROJECT WEB/F2_Pay Grades/Edit Currency/PG04_TC03_Replace Currency Success (P): Test Cases/PROJECT WEB/F2_Pay Grades/Edit Currency/PG04_TC03_Replace Currency Success (P)

2023-05-30 13:42:28 - [TEST_STEP][PASSED] - callTestCase(findTestCase("PROJECT WEB/Common/F1_LoginFeatures/LF1_TC1_SUCCESSFULY LOGIN (P)"), ["username":"Admin", "password":"hUKwJTbofgPU9eVlw/CnDQ=="], STOP_ON_FAILURE): Call Test Case 'Test Cases/PROJECT WEB/Common/F1_LoginFeatures/LF1_TC1_SUCCESSFULY LOGIN (P)' successfully

2023-05-30 13:42:28 - [TEST_CASE][PASSED] - Test Cases/PROJECT WEB/Common/F1_LoginFeatures/LF1_TC1_SUCCESSFULY LOGIN (P): Test Cases/PROJECT WEB/Common/F1_LoginFeatures/LF1_TC1_SUCCESSFULY LOGIN (P)

2023-05-30 13:42:28 - [TEST_STEP][PASSED] - openBrowser(""): Browser is opened with url: ''

2023-05-30 13:42:28 - [MESSAGE][WARNING] - A browser is already opened. Closing browser and opening a new one

2023-05-30 13:42:29 - [MESSAGE][INFO] - Starting 'Chrome' driver

2023-05-30 13:42:29 - [MESSAGE][INFO] - User set preference: ['--window-size=1920,1080', '0']

2023-05-30 13:42:29 - [MESSAGE][INFO] - Action delay is set to 0 milliseconds

2023-05-30 13:42:30 - [MESSAGE][PASSED] - Browser is opened with url: ''

2023-05-30 13:42:30 - [TEST_STEP][PASSED] - maximizeWindow(): Current window maximized

2023-05-30 13:42:30 - [MESSAGE][PASSED] - Current window maximized

2023-05-30 13:42:30 - [TEST_STEP][PASSED] - navigateToUrl("https://opensource-demo.orangehrmlive.com/web/index.php/auth/login"): Navigate to 'https://opensource-demo.orangehrmlive.com/web/index.php/auth/login' successfully

2023-05-30 13:42:36 - [MESSAGE][PASSED] - Navigate to 'https://opensource-demo.orangehrmlive.com/web/index.php/auth/login' successfully

2023-05-30 13:42:36 - [TEST_STEP][PASSED] - setText(findTestObject("PROJECT WEB/Common/Page_OrangeHRM/input_Username"), username): Text 'Admin' is set on object 'Object Repository/PROJECT WEB/Common/Page_OrangeHRM/input_Username'

2023-05-30 13:42:37 - [MESSAGE][PASSED] - Text 'Admin' is set on object 'Object Repository/PROJECT WEB/Common/Page_OrangeHRM/input_Username'

2023-05-30 13:42:37 - [TEST_STEP][PASSED] - setEncryptedText(findTestObject("PROJECT WEB/Common/Page_OrangeHRM/input_Password"), password): Text ****** has been set on object 'Object Repository/PROJECT WEB/Common/Page_OrangeHRM/input_Password'

2023-05-30 13:42:38 - [MESSAGE][PASSED] - Text ****** has been set on object 'Object Repository/PROJECT WEB/Common/Page_OrangeHRM/input_Password'

2023-05-30 13:42:38 - [TEST_STEP][PASSED] - click(findTestObject("PROJECT WEB/Common/Page_OrangeHRM/button_Login")): Object: 'Object Repository/PROJECT WEB/Common/Page_OrangeHRM/button_Login' is clicked on

2023-05-30 13:42:38 - [MESSAGE][PASSED] - Object: 'Object Repository/PROJECT WEB/Common/Page_OrangeHRM/button_Login' is clicked on

2023-05-30 13:42:38 - [TEST_STEP][PASSED] - verifyElementPresent(findTestObject("PROJECT WEB/Common/Page_OrangeHRM/h6_Dashboard"), 0): Object 'Object Repository/PROJECT WEB/Common/Page_OrangeHRM/h6_Dashboard' is present

2023-05-30 13:42:38 - [MESSAGE][WARNING] - Timeout '0' is invalid. Using default page load timeout: '30'

2023-05-30 13:42:42 - [MESSAGE][PASSED] - Object 'Object Repository/PROJECT WEB/Common/Page_OrangeHRM/h6_Dashboard' is present

2023-05-30 13:42:42 - [MESSAGE][PASSED] - Call Test Case 'Test Cases/PROJECT WEB/Common/F1_LoginFeatures/LF1_TC1_SUCCESSFULY LOGIN (P)' successfully

2023-05-30 13:42:42 - [TEST_STEP][PASSED] - click(findTestObject("PROJECT WEB/Pay Grade/span_Admin")): Object: 'Object Repository/PROJECT WEB/Pay Grade/span_Admin' is clicked on

2023-05-30 13:42:43 - [MESSAGE][PASSED] - Object: 'Object Repository/PROJECT WEB/Pay Grade/span_Admin' is clicked on

2023-05-30 13:42:43 - [TEST_STEP][PASSED] - navigateToUrl("https://opensource-demo.orangehrmlive.com/web/index.php/admin/viewSystemUsers"): Navigate to 'https://opensource-demo.orangehrmlive.com/web/index.php/admin/viewSystemUsers' successfully

2023-05-30 13:42:43 - [MESSAGE][PASSED] - Navigate to 'https://opensource-demo.orangehrmlive.com/web/index.php/admin/viewSystemUsers' successfully

2023-05-30 13:42:43 - [TEST_STEP][PASSED] - click(findTestObject("PROJECT WEB/Pay Grade/span_Job")): Object: 'Object Repository/PROJECT WEB/Pay Grade/span_Job' is clicked on

2023-05-30 13:42:44 - [MESSAGE][PASSED] - Object: 'Object Repository/PROJECT WEB/Pay Grade/span_Job' is clicked on

2023-05-30 13:42:44 - [TEST_STEP][PASSED] - click(findTestObject("PROJECT WEB/Pay Grade/a_Pay Grades")): Object: 'Object Repository/PROJECT WEB/Pay Grade/a_Pay Grades' is clicked on

2023-05-30 13:42:45 - [MESSAGE][PASSED] - Object: 'Object Repository/PROJECT WEB/Pay Grade/a_Pay Grades' is clicked on

2023-05-30 13:42:45 - [TEST_STEP][PASSED] - click(findTestObject("PROJECT WEB/Pay Grade/button_Grade 1")): Object: 'Object Repository/PROJECT WEB/Pay Grade/button_Grade 1' is clicked on

2023-05-30 13:42:47 - [MESSAGE][PASSED] - Object: 'Object Repository/PROJECT WEB/Pay Grade/button_Grade 1' is clicked on

2023-05-30 13:42:47 - [TEST_STEP][PASSED] - navigateToUrl("https://opensource-demo.orangehrmlive.com/web/index.php/admin/payGrade/1"): Navigate to 'https://opensource-demo.orangehrmlive.com/web/index.php/admin/payGrade/1' successfully

2023-05-30 13:42:47 - [MESSAGE][PASSED] - Navigate to 'https://opensource-demo.orangehrmlive.com/web/index.php/admin/payGrade/1' successfully

2023-05-30 13:42:47 - [TEST_STEP][PASSED] - click(findTestObject("PROJECT WEB/Pay Grade/button_USD_delete Currency")): Object: 'Object Repository/PROJECT WEB/Pay Grade/button_USD_delete Currency' is clicked on

2023-05-30 13:42:49 - [MESSAGE][PASSED] - Object: 'Object Repository/PROJECT WEB/Pay Grade/button_USD_delete Currency' is clicked on

2023-05-30 13:42:49 - [TEST_STEP][PASSED] - click(findTestObject("PROJECT WEB/Pay Grade/button_Yes, DeleteCurrency")): Object: 'Object Repository/PROJECT WEB/Pay Grade/button_Yes, DeleteCurrency' is clicked on

2023-05-30 13:42:50 - [MESSAGE][INFO] - Unable to find the element located by 'By.xpath: (//button[@type='button'])[14]'. Please recheck the objects properties to make sure the desired element is located. 

2023-05-30 13:42:50 - [MESSAGE][WARNING] - [SELF-HEALING] Failed to find element with id 'Object Repository/PROJECT WEB/Pay Grade/button_Yes, DeleteCurrency'. Try using Self-healing.

2023-05-30 13:42:51 - [MESSAGE][WARNING] - [SELF-HEALING] The current locator of test object 'Object Repository/PROJECT WEB/Pay Grade/button_Yes, DeleteCurrency' was broken. Propose an alternative one: '//div[@id='app']/div[3]/div/div/div/div[3]/button[2]'.

2023-05-30 13:42:51 - [MESSAGE][PASSED] - Object: 'Object Repository/PROJECT WEB/Pay Grade/button_Yes, DeleteCurrency' is clicked on

2023-05-30 13:42:51 - [TEST_STEP][PASSED] - verifyElementPresent(findTestObject("PROJECT WEB/Pay Grade/p_Successfully Deleted"), 0): Object 'Object Repository/PROJECT WEB/Pay Grade/p_Successfully Deleted' is present

2023-05-30 13:42:51 - [MESSAGE][WARNING] - Timeout '0' is invalid. Using default page load timeout: '30'

2023-05-30 13:42:52 - [MESSAGE][PASSED] - Object 'Object Repository/PROJECT WEB/Pay Grade/p_Successfully Deleted' is present

2023-05-30 13:42:52 - [TEST_STEP][PASSED] - click(findTestObject("Object Repository/PROJECT WEB/Pay Grade/button_Add")): Object: 'Object Repository/PROJECT WEB/Pay Grade/button_Add' is clicked on

2023-05-30 13:42:52 - [MESSAGE][PASSED] - Object: 'Object Repository/PROJECT WEB/Pay Grade/button_Add' is clicked on

2023-05-30 13:42:52 - [TEST_STEP][PASSED] - click(findTestObject("PROJECT WEB/Pay Grade/div_-- Select --")): Object: 'Object Repository/PROJECT WEB/Pay Grade/div_-- Select --' is clicked on

2023-05-30 13:42:55 - [MESSAGE][PASSED] - Object: 'Object Repository/PROJECT WEB/Pay Grade/div_-- Select --' is clicked on

2023-05-30 13:42:55 - [TEST_STEP][PASSED] - click(findTestObject("PROJECT WEB/Pay Grade/span_AED - Utd. Arab Emir. Dirham")): Object: 'Object Repository/PROJECT WEB/Pay Grade/span_AED - Utd. Arab Emir. Dirham' is clicked on

2023-05-30 13:42:56 - [MESSAGE][INFO] - Unable to find the element located by 'By.xpath: (//div[@id='app']/div/div[2]/div[2]/div[2]/form/div/div/div/div/div[2]/div/div[2]/div[2]/span)[2]'. Please recheck the objects properties to make sure the desired element is located. 

2023-05-30 13:42:56 - [MESSAGE][WARNING] - [SELF-HEALING] Failed to find element with id 'Object Repository/PROJECT WEB/Pay Grade/span_AED - Utd. Arab Emir. Dirham'. Try using Self-healing.

2023-05-30 13:42:57 - [MESSAGE][WARNING] - [SELF-HEALING] The current locator of test object 'Object Repository/PROJECT WEB/Pay Grade/span_AED - Utd. Arab Emir. Dirham' was broken. Propose an alternative one: '(.//*[normalize-space(text()) and normalize-space(.)='-- Select --'])[1]/following::span[1]'.

2023-05-30 13:42:57 - [MESSAGE][PASSED] - Object: 'Object Repository/PROJECT WEB/Pay Grade/span_AED - Utd. Arab Emir. Dirham' is clicked on

2023-05-30 13:42:57 - [TEST_STEP][PASSED] - setText(findTestObject("PROJECT WEB/Pay Grade/input_Minimum Salary"), "3000"): Text '3000' is set on object 'Object Repository/PROJECT WEB/Pay Grade/input_Minimum Salary'

2023-05-30 13:42:58 - [MESSAGE][INFO] - Unable to find the element located by 'By.xpath: (//div[@id='app']/div/div[2]/div[2]/div[2]/form/div[2]/div/div/div/div[2]/input)[3]'. Please recheck the objects properties to make sure the desired element is located. 

2023-05-30 13:42:58 - [MESSAGE][WARNING] - [SELF-HEALING] Failed to find element with id 'Object Repository/PROJECT WEB/Pay Grade/input_Minimum Salary'. Try using Self-healing.

2023-05-30 13:42:58 - [MESSAGE][WARNING] - [SELF-HEALING] The current locator of test object 'Object Repository/PROJECT WEB/Pay Grade/input_Minimum Salary' was broken. Propose an alternative one: '//div[@id='app']/div/div[2]/div[2]/div[2]/form/div[2]/div/div/div/div[2]/input'.

2023-05-30 13:42:59 - [MESSAGE][INFO] - Unable to find the element located by 'By.xpath: (//div[@id='app']/div/div[2]/div[2]/div[2]/form/div[2]/div/div/div/div[2]/input)[3]'. Please recheck the objects properties to make sure the desired element is located. 

2023-05-30 13:42:59 - [MESSAGE][WARNING] - [SELF-HEALING] Failed to find element with id 'Object Repository/PROJECT WEB/Pay Grade/input_Minimum Salary'. Try using Self-healing.

2023-05-30 13:42:59 - [MESSAGE][WARNING] - [SELF-HEALING] The current locator of test object 'Object Repository/PROJECT WEB/Pay Grade/input_Minimum Salary' was broken. Propose an alternative one: '//div[@id='app']/div/div[2]/div[2]/div[2]/form/div[2]/div/div/div/div[2]/input'.

2023-05-30 13:42:59 - [MESSAGE][PASSED] - Text '3000' is set on object 'Object Repository/PROJECT WEB/Pay Grade/input_Minimum Salary'

2023-05-30 13:42:59 - [TEST_STEP][PASSED] - setText(findTestObject("PROJECT WEB/Pay Grade/input_Maximum Salary"), "30000"): Text '30000' is set on object 'Object Repository/PROJECT WEB/Pay Grade/input_Maximum Salary'

2023-05-30 13:43:01 - [MESSAGE][INFO] - Unable to find the element located by 'By.xpath: (//div[@id='app']/div/div[2]/div[2]/div[2]/form/div[2]/div/div[2]/div/div[2]/input)[4]'. Please recheck the objects properties to make sure the desired element is located. 

2023-05-30 13:43:01 - [MESSAGE][WARNING] - [SELF-HEALING] Failed to find element with id 'Object Repository/PROJECT WEB/Pay Grade/input_Maximum Salary'. Try using Self-healing.

2023-05-30 13:43:01 - [MESSAGE][WARNING] - [SELF-HEALING] The current locator of test object 'Object Repository/PROJECT WEB/Pay Grade/input_Maximum Salary' was broken. Propose an alternative one: '//div[@id='app']/div/div[2]/div[2]/div[2]/form/div[2]/div/div[2]/div/div[2]/input'.

2023-05-30 13:43:02 - [MESSAGE][INFO] - Unable to find the element located by 'By.xpath: (//div[@id='app']/div/div[2]/div[2]/div[2]/form/div[2]/div/div[2]/div/div[2]/input)[4]'. Please recheck the objects properties to make sure the desired element is located. 

2023-05-30 13:43:02 - [MESSAGE][WARNING] - [SELF-HEALING] Failed to find element with id 'Object Repository/PROJECT WEB/Pay Grade/input_Maximum Salary'. Try using Self-healing.

2023-05-30 13:43:02 - [MESSAGE][WARNING] - [SELF-HEALING] The current locator of test object 'Object Repository/PROJECT WEB/Pay Grade/input_Maximum Salary' was broken. Propose an alternative one: '//div[@id='app']/div/div[2]/div[2]/div[2]/form/div[2]/div/div[2]/div/div[2]/input'.

2023-05-30 13:43:02 - [MESSAGE][PASSED] - Text '30000' is set on object 'Object Repository/PROJECT WEB/Pay Grade/input_Maximum Salary'

2023-05-30 13:43:02 - [TEST_STEP][PASSED] - click(findTestObject("PROJECT WEB/Pay Grade/button_Save_AddCurrency")): Object: 'Object Repository/PROJECT WEB/Pay Grade/button_Save_AddCurrency' is clicked on

2023-05-30 13:43:03 - [MESSAGE][PASSED] - Object: 'Object Repository/PROJECT WEB/Pay Grade/button_Save_AddCurrency' is clicked on

2023-05-30 13:43:03 - [TEST_STEP][PASSED] - click(findTestObject("PROJECT WEB/Pay Grade/p_Successfully Saved")): Object: 'Object Repository/PROJECT WEB/Pay Grade/p_Successfully Saved' is clicked on

2023-05-30 13:43:04 - [MESSAGE][PASSED] - Object: 'Object Repository/PROJECT WEB/Pay Grade/p_Successfully Saved' is clicked on]]></system-out>
         <system-err><![CDATA[]]></system-err>
      </testcase>
      <testcase name="Test Cases/PROJECT WEB/F2_Pay Grades/Edit Currency/PG04_TC04_Min Salary Higher (N)" time="31.891" classname="Test Cases/PROJECT WEB/F2_Pay Grades/Edit Currency/PG04_TC04_Min Salary Higher (N)" status="PASSED">
         <system-out><![CDATA[2023-05-30 13:43:04 - [TEST_CASE][PASSED] - Test Cases/PROJECT WEB/F2_Pay Grades/Edit Currency/PG04_TC04_Min Salary Higher (N): Test Cases/PROJECT WEB/F2_Pay Grades/Edit Currency/PG04_TC04_Min Salary Higher (N)

2023-05-30 13:43:04 - [TEST_STEP][PASSED] - callTestCase(findTestCase("PROJECT WEB/Common/F1_LoginFeatures/LF1_TC1_SUCCESSFULY LOGIN (P)"), ["username":"Admin", "password":"hUKwJTbofgPU9eVlw/CnDQ=="], STOP_ON_FAILURE): Call Test Case 'Test Cases/PROJECT WEB/Common/F1_LoginFeatures/LF1_TC1_SUCCESSFULY LOGIN (P)' successfully

2023-05-30 13:43:04 - [TEST_CASE][PASSED] - Test Cases/PROJECT WEB/Common/F1_LoginFeatures/LF1_TC1_SUCCESSFULY LOGIN (P): Test Cases/PROJECT WEB/Common/F1_LoginFeatures/LF1_TC1_SUCCESSFULY LOGIN (P)

2023-05-30 13:43:04 - [TEST_STEP][PASSED] - openBrowser(""): Browser is opened with url: ''

2023-05-30 13:43:04 - [MESSAGE][WARNING] - A browser is already opened. Closing browser and opening a new one

2023-05-30 13:43:05 - [MESSAGE][INFO] - Starting 'Chrome' driver

2023-05-30 13:43:05 - [MESSAGE][INFO] - User set preference: ['--window-size=1920,1080', '0']

2023-05-30 13:43:05 - [MESSAGE][INFO] - Action delay is set to 0 milliseconds

2023-05-30 13:43:06 - [MESSAGE][PASSED] - Browser is opened with url: ''

2023-05-30 13:43:06 - [TEST_STEP][PASSED] - maximizeWindow(): Current window maximized

2023-05-30 13:43:06 - [MESSAGE][PASSED] - Current window maximized

2023-05-30 13:43:06 - [TEST_STEP][PASSED] - navigateToUrl("https://opensource-demo.orangehrmlive.com/web/index.php/auth/login"): Navigate to 'https://opensource-demo.orangehrmlive.com/web/index.php/auth/login' successfully

2023-05-30 13:43:13 - [MESSAGE][PASSED] - Navigate to 'https://opensource-demo.orangehrmlive.com/web/index.php/auth/login' successfully

2023-05-30 13:43:13 - [TEST_STEP][PASSED] - setText(findTestObject("PROJECT WEB/Common/Page_OrangeHRM/input_Username"), username): Text 'Admin' is set on object 'Object Repository/PROJECT WEB/Common/Page_OrangeHRM/input_Username'

2023-05-30 13:43:14 - [MESSAGE][PASSED] - Text 'Admin' is set on object 'Object Repository/PROJECT WEB/Common/Page_OrangeHRM/input_Username'

2023-05-30 13:43:14 - [TEST_STEP][PASSED] - setEncryptedText(findTestObject("PROJECT WEB/Common/Page_OrangeHRM/input_Password"), password): Text ****** has been set on object 'Object Repository/PROJECT WEB/Common/Page_OrangeHRM/input_Password'

2023-05-30 13:43:15 - [MESSAGE][PASSED] - Text ****** has been set on object 'Object Repository/PROJECT WEB/Common/Page_OrangeHRM/input_Password'

2023-05-30 13:43:15 - [TEST_STEP][PASSED] - click(findTestObject("PROJECT WEB/Common/Page_OrangeHRM/button_Login")): Object: 'Object Repository/PROJECT WEB/Common/Page_OrangeHRM/button_Login' is clicked on

2023-05-30 13:43:15 - [MESSAGE][PASSED] - Object: 'Object Repository/PROJECT WEB/Common/Page_OrangeHRM/button_Login' is clicked on

2023-05-30 13:43:15 - [TEST_STEP][PASSED] - verifyElementPresent(findTestObject("PROJECT WEB/Common/Page_OrangeHRM/h6_Dashboard"), 0): Object 'Object Repository/PROJECT WEB/Common/Page_OrangeHRM/h6_Dashboard' is present

2023-05-30 13:43:15 - [MESSAGE][WARNING] - Timeout '0' is invalid. Using default page load timeout: '30'

2023-05-30 13:43:18 - [MESSAGE][PASSED] - Object 'Object Repository/PROJECT WEB/Common/Page_OrangeHRM/h6_Dashboard' is present

2023-05-30 13:43:18 - [MESSAGE][PASSED] - Call Test Case 'Test Cases/PROJECT WEB/Common/F1_LoginFeatures/LF1_TC1_SUCCESSFULY LOGIN (P)' successfully

2023-05-30 13:43:18 - [TEST_STEP][PASSED] - click(findTestObject("PROJECT WEB/Pay Grade/span_Admin")): Object: 'Object Repository/PROJECT WEB/Pay Grade/span_Admin' is clicked on

2023-05-30 13:43:20 - [MESSAGE][PASSED] - Object: 'Object Repository/PROJECT WEB/Pay Grade/span_Admin' is clicked on

2023-05-30 13:43:20 - [TEST_STEP][PASSED] - navigateToUrl("https://opensource-demo.orangehrmlive.com/web/index.php/admin/viewSystemUsers"): Navigate to 'https://opensource-demo.orangehrmlive.com/web/index.php/admin/viewSystemUsers' successfully

2023-05-30 13:43:20 - [MESSAGE][PASSED] - Navigate to 'https://opensource-demo.orangehrmlive.com/web/index.php/admin/viewSystemUsers' successfully

2023-05-30 13:43:20 - [TEST_STEP][PASSED] - click(findTestObject("PROJECT WEB/Pay Grade/span_Job")): Object: 'Object Repository/PROJECT WEB/Pay Grade/span_Job' is clicked on

2023-05-30 13:43:22 - [MESSAGE][PASSED] - Object: 'Object Repository/PROJECT WEB/Pay Grade/span_Job' is clicked on

2023-05-30 13:43:22 - [TEST_STEP][PASSED] - click(findTestObject("PROJECT WEB/Pay Grade/a_Pay Grades")): Object: 'Object Repository/PROJECT WEB/Pay Grade/a_Pay Grades' is clicked on

2023-05-30 13:43:23 - [MESSAGE][PASSED] - Object: 'Object Repository/PROJECT WEB/Pay Grade/a_Pay Grades' is clicked on

2023-05-30 13:43:23 - [TEST_STEP][PASSED] - click(findTestObject("PROJECT WEB/Pay Grade/button_Grade 2")): Object: 'Object Repository/PROJECT WEB/Pay Grade/button_Grade 2' is clicked on

2023-05-30 13:43:24 - [MESSAGE][PASSED] - Object: 'Object Repository/PROJECT WEB/Pay Grade/button_Grade 2' is clicked on

2023-05-30 13:43:24 - [TEST_STEP][PASSED] - navigateToUrl("https://opensource-demo.orangehrmlive.com/web/index.php/admin/payGrade/2"): Navigate to 'https://opensource-demo.orangehrmlive.com/web/index.php/admin/payGrade/2' successfully

2023-05-30 13:43:25 - [MESSAGE][PASSED] - Navigate to 'https://opensource-demo.orangehrmlive.com/web/index.php/admin/payGrade/2' successfully

2023-05-30 13:43:25 - [TEST_STEP][PASSED] - click(findTestObject("PROJECT WEB/Pay Grade/button_United States Dollar_Edit Currency")): Object: 'Object Repository/PROJECT WEB/Pay Grade/button_United States Dollar_Edit Currency' is clicked on

2023-05-30 13:43:26 - [MESSAGE][INFO] - Unable to find the element located by 'By.xpath: (//button[@type='button'])[6]'. Please recheck the objects properties to make sure the desired element is located. 

2023-05-30 13:43:26 - [MESSAGE][WARNING] - [SELF-HEALING] Failed to find element with id 'Object Repository/PROJECT WEB/Pay Grade/button_United States Dollar_Edit Currency'. Try using Self-healing.

2023-05-30 13:43:27 - [MESSAGE][INFO] - Unable to find the element located by 'By.xpath: (//button[@type='button'])[6]'. Please recheck the objects properties to make sure the desired element is located. 

2023-05-30 13:43:29 - [MESSAGE][WARNING] - [SELF-HEALING] The current locator of test object 'Object Repository/PROJECT WEB/Pay Grade/button_United States Dollar_Edit Currency' was broken. Propose an alternative one: '//div[5]/div/button[2]'.

2023-05-30 13:43:29 - [MESSAGE][PASSED] - Object: 'Object Repository/PROJECT WEB/Pay Grade/button_United States Dollar_Edit Currency' is clicked on

2023-05-30 13:43:29 - [TEST_STEP][PASSED] - setText(findTestObject("PROJECT WEB/Pay Grade/input_Minimum Salary"), "3000"): Text '3000' is set on object 'Object Repository/PROJECT WEB/Pay Grade/input_Minimum Salary'

2023-05-30 13:43:30 - [MESSAGE][INFO] - Unable to find the element located by 'By.xpath: (//div[@id='app']/div/div[2]/div[2]/div[2]/form/div[2]/div/div/div/div[2]/input)[3]'. Please recheck the objects properties to make sure the desired element is located. 

2023-05-30 13:43:30 - [MESSAGE][WARNING] - [SELF-HEALING] Failed to find element with id 'Object Repository/PROJECT WEB/Pay Grade/input_Minimum Salary'. Try using Self-healing.

2023-05-30 13:43:31 - [MESSAGE][WARNING] - [SELF-HEALING] The current locator of test object 'Object Repository/PROJECT WEB/Pay Grade/input_Minimum Salary' was broken. Propose an alternative one: '//div[@id='app']/div/div[2]/div[2]/div[2]/form/div[2]/div/div/div/div[2]/input'.

2023-05-30 13:43:32 - [MESSAGE][INFO] - Unable to find the element located by 'By.xpath: (//div[@id='app']/div/div[2]/div[2]/div[2]/form/div[2]/div/div/div/div[2]/input)[3]'. Please recheck the objects properties to make sure the desired element is located. 

2023-05-30 13:43:32 - [MESSAGE][WARNING] - [SELF-HEALING] Failed to find element with id 'Object Repository/PROJECT WEB/Pay Grade/input_Minimum Salary'. Try using Self-healing.

2023-05-30 13:43:32 - [MESSAGE][WARNING] - [SELF-HEALING] The current locator of test object 'Object Repository/PROJECT WEB/Pay Grade/input_Minimum Salary' was broken. Propose an alternative one: '//div[@id='app']/div/div[2]/div[2]/div[2]/form/div[2]/div/div/div/div[2]/input'.

2023-05-30 13:43:32 - [MESSAGE][PASSED] - Text '3000' is set on object 'Object Repository/PROJECT WEB/Pay Grade/input_Minimum Salary'

2023-05-30 13:43:32 - [TEST_STEP][PASSED] - setText(findTestObject("PROJECT WEB/Pay Grade/input_Maximum Salary"), "30"): Text '30' is set on object 'Object Repository/PROJECT WEB/Pay Grade/input_Maximum Salary'

2023-05-30 13:43:33 - [MESSAGE][INFO] - Unable to find the element located by 'By.xpath: (//div[@id='app']/div/div[2]/div[2]/div[2]/form/div[2]/div/div[2]/div/div[2]/input)[4]'. Please recheck the objects properties to make sure the desired element is located. 

2023-05-30 13:43:33 - [MESSAGE][WARNING] - [SELF-HEALING] Failed to find element with id 'Object Repository/PROJECT WEB/Pay Grade/input_Maximum Salary'. Try using Self-healing.

2023-05-30 13:43:33 - [MESSAGE][WARNING] - [SELF-HEALING] The current locator of test object 'Object Repository/PROJECT WEB/Pay Grade/input_Maximum Salary' was broken. Propose an alternative one: '//div[@id='app']/div/div[2]/div[2]/div[2]/form/div[2]/div/div[2]/div/div[2]/input'.

2023-05-30 13:43:35 - [MESSAGE][INFO] - Unable to find the element located by 'By.xpath: (//div[@id='app']/div/div[2]/div[2]/div[2]/form/div[2]/div/div[2]/div/div[2]/input)[4]'. Please recheck the objects properties to make sure the desired element is located. 

2023-05-30 13:43:35 - [MESSAGE][WARNING] - [SELF-HEALING] Failed to find element with id 'Object Repository/PROJECT WEB/Pay Grade/input_Maximum Salary'. Try using Self-healing.

2023-05-30 13:43:35 - [MESSAGE][WARNING] - [SELF-HEALING] The current locator of test object 'Object Repository/PROJECT WEB/Pay Grade/input_Maximum Salary' was broken. Propose an alternative one: '//div[@id='app']/div/div[2]/div[2]/div[2]/form/div[2]/div/div[2]/div/div[2]/input'.

2023-05-30 13:43:35 - [MESSAGE][PASSED] - Text '30' is set on object 'Object Repository/PROJECT WEB/Pay Grade/input_Maximum Salary'

2023-05-30 13:43:35 - [TEST_STEP][PASSED] - click(findTestObject("PROJECT WEB/Pay Grade/button_Save_AddCurrency")): Object: 'Object Repository/PROJECT WEB/Pay Grade/button_Save_AddCurrency' is clicked on

2023-05-30 13:43:35 - [MESSAGE][PASSED] - Object: 'Object Repository/PROJECT WEB/Pay Grade/button_Save_AddCurrency' is clicked on

2023-05-30 13:43:35 - [TEST_STEP][PASSED] - verifyElementPresent(findTestObject("PROJECT WEB/Pay Grade/span_Should be higher than Minimum Salary"), 0): Object 'Object Repository/PROJECT WEB/Pay Grade/span_Should be higher than Minimum Salary' is present

2023-05-30 13:43:35 - [MESSAGE][WARNING] - Timeout '0' is invalid. Using default page load timeout: '30'

2023-05-30 13:43:36 - [MESSAGE][PASSED] - Object 'Object Repository/PROJECT WEB/Pay Grade/span_Should be higher than Minimum Salary' is present]]></system-out>
         <system-err><![CDATA[]]></system-err>
      </testcase>
      <system-out><![CDATA[2023-05-30 13:37:52 - [TEST_SUITE][PASSED] - F2_payGrade: Test Cases/PROJECT WEB/F2_Pay Grades/Edit Currency/PG04_TC04_Min Salary Higher (N)]]></system-out>
      <system-err><![CDATA[]]></system-err>
   </testsuite>
</testsuites>
