<?xml version="1.0" encoding="UTF-8"?>
<testsuites name="F6_EduQualification" time="158.734" tests="3" failures="0" errors="0">
   <testsuite name="F6_EduQualification" tests="3" failures="0" errors="0" time="158.734" skipped="0" timestamp="2023-05-31 18:38:55" hostname="Aiman Hakim - DESKTOP-1FDN2RP" id="Test Suites/F6_EduQualification">
      <properties>
         <property name="deviceName" value=""/>
         <property name="devicePlatform" value=""/>
         <property name="logFolder" value="C:\\Users\\Aiman Hakim\\Katalon Studio\\PROJECT WEB_ASSESSMENT PROTEGE\\Reports\\20230531_183844\\F6_EduQualification\\20230531_183844"/>
         <property name="logFiles" value="C:\\Users\\Aiman Hakim\\Katalon Studio\\PROJECT WEB_ASSESSMENT PROTEGE\\Reports\\20230531_183844\\F6_EduQualification\\20230531_183844\\execution0.log"/>
         <property name="attachments" value="C:\\Users\\Aiman Hakim\\Katalon Studio\\PROJECT WEB_ASSESSMENT PROTEGE\\Reports\\20230531_183844\\F6_EduQualification\\20230531_183844\\1685529616433.png"/>
         <property name="hostName" value="Aiman Hakim - DESKTOP-1FDN2RP"/>
         <property name="os" value="Windows 10 64bit"/>
         <property name="katalonVersion" value="8.6.0.208"/>
         <property name="browser" value="Chrome 113.0.0.0"/>
         <property name="hostAddress" value="172.16.200.48"/>
         <property name="sessionId" value="6663c8ead665668fa2f0ce9d1ff879c2"/>
         <property name="seleniumVersion" value="3.141.59"/>
         <property name="proxyInformation" value="ProxyInformation { proxyOption=NO_PROXY, proxyServerType=HTTP, username=, password=********, proxyServerAddress=, proxyServerPort=0, executionList=&quot;&quot;, isApplyToDesiredCapabilities=true }"/>
         <property name="platform" value="Windows 10"/>
      </properties>
      <testcase name="Test Cases/PROJECT WEB/F6_Education Qualification/Add Education Level/EQ1_TC1_Add Education Level Success (P)" time="25.838" classname="Test Cases/PROJECT WEB/F6_Education Qualification/Add Education Level/EQ1_TC1_Add Education Level Success (P)" status="PASSED">
         <system-out><![CDATA[2023-05-31 18:38:55 - [TEST_CASE][PASSED] - Test Cases/PROJECT WEB/F6_Education Qualification/Add Education Level/EQ1_TC1_Add Education Level Success (P): Test Cases/PROJECT WEB/F6_Education Qualification/Add Education Level/EQ1_TC1_Add Education Level Success (P)

2023-05-31 18:38:56 - [TEST_STEP][PASSED] - callTestCase(findTestCase("PROJECT WEB/Common/F1_LoginFeatures/LF1_TC1_SUCCESSFULY LOGIN (P)"), ["username":"Admin", "password":"hUKwJTbofgPU9eVlw/CnDQ=="], STOP_ON_FAILURE): Call Test Case 'Test Cases/PROJECT WEB/Common/F1_LoginFeatures/LF1_TC1_SUCCESSFULY LOGIN (P)' successfully

2023-05-31 18:38:56 - [TEST_CASE][PASSED] - Test Cases/PROJECT WEB/Common/F1_LoginFeatures/LF1_TC1_SUCCESSFULY LOGIN (P): Test Cases/PROJECT WEB/Common/F1_LoginFeatures/LF1_TC1_SUCCESSFULY LOGIN (P)

2023-05-31 18:38:56 - [TEST_STEP][PASSED] - openBrowser(""): Browser is opened with url: ''

2023-05-31 18:38:57 - [MESSAGE][INFO] - Starting 'Chrome' driver

2023-05-31 18:38:57 - [MESSAGE][INFO] - User set preference: ['--window-size=1920,1080', '0']

2023-05-31 18:38:57 - [MESSAGE][INFO] - Action delay is set to 0 milliseconds

2023-05-31 18:38:59 - [MESSAGE][PASSED] - Browser is opened with url: ''

2023-05-31 18:38:59 - [TEST_STEP][PASSED] - maximizeWindow(): Current window maximized

2023-05-31 18:38:59 - [MESSAGE][PASSED] - Current window maximized

2023-05-31 18:38:59 - [TEST_STEP][PASSED] - navigateToUrl("https://opensource-demo.orangehrmlive.com/web/index.php/auth/login"): Navigate to 'https://opensource-demo.orangehrmlive.com/web/index.php/auth/login' successfully

2023-05-31 18:39:05 - [MESSAGE][PASSED] - Navigate to 'https://opensource-demo.orangehrmlive.com/web/index.php/auth/login' successfully

2023-05-31 18:39:05 - [TEST_STEP][PASSED] - setText(findTestObject("PROJECT WEB/Common/Page_OrangeHRM/input_Username"), username): Text 'Admin' is set on object 'Object Repository/PROJECT WEB/Common/Page_OrangeHRM/input_Username'

2023-05-31 18:39:07 - [MESSAGE][PASSED] - Text 'Admin' is set on object 'Object Repository/PROJECT WEB/Common/Page_OrangeHRM/input_Username'

2023-05-31 18:39:07 - [TEST_STEP][PASSED] - setEncryptedText(findTestObject("PROJECT WEB/Common/Page_OrangeHRM/input_Password"), password): Text ****** has been set on object 'Object Repository/PROJECT WEB/Common/Page_OrangeHRM/input_Password'

2023-05-31 18:39:07 - [MESSAGE][PASSED] - Text ****** has been set on object 'Object Repository/PROJECT WEB/Common/Page_OrangeHRM/input_Password'

2023-05-31 18:39:07 - [TEST_STEP][PASSED] - click(findTestObject("PROJECT WEB/Common/Page_OrangeHRM/button_Login")): Object: 'Object Repository/PROJECT WEB/Common/Page_OrangeHRM/button_Login' is clicked on

2023-05-31 18:39:08 - [MESSAGE][PASSED] - Object: 'Object Repository/PROJECT WEB/Common/Page_OrangeHRM/button_Login' is clicked on

2023-05-31 18:39:08 - [TEST_STEP][PASSED] - verifyElementPresent(findTestObject("PROJECT WEB/Common/Page_OrangeHRM/h6_Dashboard"), 0): Object 'Object Repository/PROJECT WEB/Common/Page_OrangeHRM/h6_Dashboard' is present

2023-05-31 18:39:08 - [MESSAGE][WARNING] - Timeout '0' is invalid. Using default page load timeout: '30'

2023-05-31 18:39:11 - [MESSAGE][PASSED] - Object 'Object Repository/PROJECT WEB/Common/Page_OrangeHRM/h6_Dashboard' is present

2023-05-31 18:39:11 - [MESSAGE][PASSED] - Call Test Case 'Test Cases/PROJECT WEB/Common/F1_LoginFeatures/LF1_TC1_SUCCESSFULY LOGIN (P)' successfully

2023-05-31 18:39:11 - [TEST_STEP][PASSED] - click(findTestObject("Object Repository/PROJECT WEB/Education Level/Page_OrangeHRM/a_Admin")): Object: 'Object Repository/PROJECT WEB/Education Level/Page_OrangeHRM/a_Admin' is clicked on

2023-05-31 18:39:13 - [MESSAGE][PASSED] - Object: 'Object Repository/PROJECT WEB/Education Level/Page_OrangeHRM/a_Admin' is clicked on

2023-05-31 18:39:13 - [TEST_STEP][PASSED] - navigateToUrl("https://opensource-demo.orangehrmlive.com/web/index.php/admin/viewSystemUsers"): Navigate to 'https://opensource-demo.orangehrmlive.com/web/index.php/admin/viewSystemUsers' successfully

2023-05-31 18:39:13 - [MESSAGE][PASSED] - Navigate to 'https://opensource-demo.orangehrmlive.com/web/index.php/admin/viewSystemUsers' successfully

2023-05-31 18:39:13 - [TEST_STEP][PASSED] - click(findTestObject("Object Repository/PROJECT WEB/Education Level/Page_OrangeHRM/span_Qualifications")): Object: 'Object Repository/PROJECT WEB/Education Level/Page_OrangeHRM/span_Qualifications' is clicked on

2023-05-31 18:39:14 - [MESSAGE][PASSED] - Object: 'Object Repository/PROJECT WEB/Education Level/Page_OrangeHRM/span_Qualifications' is clicked on

2023-05-31 18:39:14 - [TEST_STEP][PASSED] - click(findTestObject("Object Repository/PROJECT WEB/Education Level/Page_OrangeHRM/a_Education")): Object: 'Object Repository/PROJECT WEB/Education Level/Page_OrangeHRM/a_Education' is clicked on

2023-05-31 18:39:15 - [MESSAGE][PASSED] - Object: 'Object Repository/PROJECT WEB/Education Level/Page_OrangeHRM/a_Education' is clicked on

2023-05-31 18:39:15 - [TEST_STEP][PASSED] - click(findTestObject("Object Repository/PROJECT WEB/Education Level/Page_OrangeHRM/button_Add")): Object: 'Object Repository/PROJECT WEB/Education Level/Page_OrangeHRM/button_Add' is clicked on

2023-05-31 18:39:17 - [MESSAGE][PASSED] - Object: 'Object Repository/PROJECT WEB/Education Level/Page_OrangeHRM/button_Add' is clicked on

2023-05-31 18:39:17 - [TEST_STEP][PASSED] - setText(findTestObject("Object Repository/PROJECT WEB/Education Level/Page_OrangeHRM/input_Level_oxd-input oxd-input--focus"), eduLevel): Text 'SPM-Sijil Pelajaran Malaysia' is set on object 'Object Repository/PROJECT WEB/Education Level/Page_OrangeHRM/input_Level_oxd-input oxd-input--focus'

2023-05-31 18:39:20 - [MESSAGE][PASSED] - Text 'SPM-Sijil Pelajaran Malaysia' is set on object 'Object Repository/PROJECT WEB/Education Level/Page_OrangeHRM/input_Level_oxd-input oxd-input--focus'

2023-05-31 18:39:20 - [TEST_STEP][PASSED] - click(findTestObject("Object Repository/PROJECT WEB/Education Level/Page_OrangeHRM/button_Save")): Object: 'Object Repository/PROJECT WEB/Education Level/Page_OrangeHRM/button_Save' is clicked on

2023-05-31 18:39:20 - [MESSAGE][PASSED] - Object: 'Object Repository/PROJECT WEB/Education Level/Page_OrangeHRM/button_Save' is clicked on

2023-05-31 18:39:20 - [TEST_STEP][PASSED] - click(findTestObject("Object Repository/PROJECT WEB/Education Level/Page_OrangeHRM/div_SuccessSuccessfully Saved")): Object: 'Object Repository/PROJECT WEB/Education Level/Page_OrangeHRM/div_SuccessSuccessfully Saved' is clicked on

2023-05-31 18:39:21 - [MESSAGE][PASSED] - Object: 'Object Repository/PROJECT WEB/Education Level/Page_OrangeHRM/div_SuccessSuccessfully Saved' is clicked on]]></system-out>
         <system-err><![CDATA[]]></system-err>
      </testcase>
      <testcase name="Test Cases/PROJECT WEB/F6_Education Qualification/Add Education Level/EQ1_TC2_Same Skill Name (N)" time="23.329" classname="Test Cases/PROJECT WEB/F6_Education Qualification/Add Education Level/EQ1_TC2_Same Skill Name (N)" status="PASSED">
         <system-out><![CDATA[2023-05-31 18:39:21 - [TEST_CASE][PASSED] - Test Cases/PROJECT WEB/F6_Education Qualification/Add Education Level/EQ1_TC2_Same Skill Name (N): Test Cases/PROJECT WEB/F6_Education Qualification/Add Education Level/EQ1_TC2_Same Skill Name (N)

2023-05-31 18:39:21 - [TEST_STEP][PASSED] - callTestCase(findTestCase("PROJECT WEB/Common/F1_LoginFeatures/LF1_TC1_SUCCESSFULY LOGIN (P)"), ["username":"Admin", "password":"hUKwJTbofgPU9eVlw/CnDQ=="], STOP_ON_FAILURE): Call Test Case 'Test Cases/PROJECT WEB/Common/F1_LoginFeatures/LF1_TC1_SUCCESSFULY LOGIN (P)' successfully

2023-05-31 18:39:22 - [TEST_CASE][PASSED] - Test Cases/PROJECT WEB/Common/F1_LoginFeatures/LF1_TC1_SUCCESSFULY LOGIN (P): Test Cases/PROJECT WEB/Common/F1_LoginFeatures/LF1_TC1_SUCCESSFULY LOGIN (P)

2023-05-31 18:39:22 - [TEST_STEP][PASSED] - openBrowser(""): Browser is opened with url: ''

2023-05-31 18:39:22 - [MESSAGE][WARNING] - A browser is already opened. Closing browser and opening a new one

2023-05-31 18:39:22 - [MESSAGE][INFO] - Starting 'Chrome' driver

2023-05-31 18:39:22 - [MESSAGE][INFO] - User set preference: ['--window-size=1920,1080', '0']

2023-05-31 18:39:22 - [MESSAGE][INFO] - Action delay is set to 0 milliseconds

2023-05-31 18:39:23 - [MESSAGE][PASSED] - Browser is opened with url: ''

2023-05-31 18:39:23 - [TEST_STEP][PASSED] - maximizeWindow(): Current window maximized

2023-05-31 18:39:24 - [MESSAGE][PASSED] - Current window maximized

2023-05-31 18:39:24 - [TEST_STEP][PASSED] - navigateToUrl("https://opensource-demo.orangehrmlive.com/web/index.php/auth/login"): Navigate to 'https://opensource-demo.orangehrmlive.com/web/index.php/auth/login' successfully

2023-05-31 18:39:29 - [MESSAGE][PASSED] - Navigate to 'https://opensource-demo.orangehrmlive.com/web/index.php/auth/login' successfully

2023-05-31 18:39:29 - [TEST_STEP][PASSED] - setText(findTestObject("PROJECT WEB/Common/Page_OrangeHRM/input_Username"), username): Text 'Admin' is set on object 'Object Repository/PROJECT WEB/Common/Page_OrangeHRM/input_Username'

2023-05-31 18:39:31 - [MESSAGE][PASSED] - Text 'Admin' is set on object 'Object Repository/PROJECT WEB/Common/Page_OrangeHRM/input_Username'

2023-05-31 18:39:31 - [TEST_STEP][PASSED] - setEncryptedText(findTestObject("PROJECT WEB/Common/Page_OrangeHRM/input_Password"), password): Text ****** has been set on object 'Object Repository/PROJECT WEB/Common/Page_OrangeHRM/input_Password'

2023-05-31 18:39:32 - [MESSAGE][PASSED] - Text ****** has been set on object 'Object Repository/PROJECT WEB/Common/Page_OrangeHRM/input_Password'

2023-05-31 18:39:32 - [TEST_STEP][PASSED] - click(findTestObject("PROJECT WEB/Common/Page_OrangeHRM/button_Login")): Object: 'Object Repository/PROJECT WEB/Common/Page_OrangeHRM/button_Login' is clicked on

2023-05-31 18:39:32 - [MESSAGE][PASSED] - Object: 'Object Repository/PROJECT WEB/Common/Page_OrangeHRM/button_Login' is clicked on

2023-05-31 18:39:32 - [TEST_STEP][PASSED] - verifyElementPresent(findTestObject("PROJECT WEB/Common/Page_OrangeHRM/h6_Dashboard"), 0): Object 'Object Repository/PROJECT WEB/Common/Page_OrangeHRM/h6_Dashboard' is present

2023-05-31 18:39:32 - [MESSAGE][WARNING] - Timeout '0' is invalid. Using default page load timeout: '30'

2023-05-31 18:39:35 - [MESSAGE][PASSED] - Object 'Object Repository/PROJECT WEB/Common/Page_OrangeHRM/h6_Dashboard' is present

2023-05-31 18:39:35 - [MESSAGE][PASSED] - Call Test Case 'Test Cases/PROJECT WEB/Common/F1_LoginFeatures/LF1_TC1_SUCCESSFULY LOGIN (P)' successfully

2023-05-31 18:39:35 - [TEST_STEP][PASSED] - click(findTestObject("Object Repository/PROJECT WEB/Education Level/Page_OrangeHRM/a_Admin")): Object: 'Object Repository/PROJECT WEB/Education Level/Page_OrangeHRM/a_Admin' is clicked on

2023-05-31 18:39:37 - [MESSAGE][PASSED] - Object: 'Object Repository/PROJECT WEB/Education Level/Page_OrangeHRM/a_Admin' is clicked on

2023-05-31 18:39:37 - [TEST_STEP][PASSED] - navigateToUrl("https://opensource-demo.orangehrmlive.com/web/index.php/admin/viewSystemUsers"): Navigate to 'https://opensource-demo.orangehrmlive.com/web/index.php/admin/viewSystemUsers' successfully

2023-05-31 18:39:37 - [MESSAGE][PASSED] - Navigate to 'https://opensource-demo.orangehrmlive.com/web/index.php/admin/viewSystemUsers' successfully

2023-05-31 18:39:37 - [TEST_STEP][PASSED] - click(findTestObject("Object Repository/PROJECT WEB/Education Level/Page_OrangeHRM/span_Qualifications")): Object: 'Object Repository/PROJECT WEB/Education Level/Page_OrangeHRM/span_Qualifications' is clicked on

2023-05-31 18:39:38 - [MESSAGE][PASSED] - Object: 'Object Repository/PROJECT WEB/Education Level/Page_OrangeHRM/span_Qualifications' is clicked on

2023-05-31 18:39:38 - [TEST_STEP][PASSED] - click(findTestObject("Object Repository/PROJECT WEB/Education Level/Page_OrangeHRM/a_Education")): Object: 'Object Repository/PROJECT WEB/Education Level/Page_OrangeHRM/a_Education' is clicked on

2023-05-31 18:39:40 - [MESSAGE][PASSED] - Object: 'Object Repository/PROJECT WEB/Education Level/Page_OrangeHRM/a_Education' is clicked on

2023-05-31 18:39:40 - [TEST_STEP][PASSED] - click(findTestObject("Object Repository/PROJECT WEB/Education Level/Page_OrangeHRM/button_Add")): Object: 'Object Repository/PROJECT WEB/Education Level/Page_OrangeHRM/button_Add' is clicked on

2023-05-31 18:39:42 - [MESSAGE][PASSED] - Object: 'Object Repository/PROJECT WEB/Education Level/Page_OrangeHRM/button_Add' is clicked on

2023-05-31 18:39:42 - [TEST_STEP][PASSED] - setText(findTestObject("Object Repository/PROJECT WEB/Education Level/Page_OrangeHRM/input_Level_oxd-input oxd-input--focus"), eduLevel): Text 'SPM-Sijil Pelajaran Malaysia' is set on object 'Object Repository/PROJECT WEB/Education Level/Page_OrangeHRM/input_Level_oxd-input oxd-input--focus'

2023-05-31 18:39:44 - [MESSAGE][PASSED] - Text 'SPM-Sijil Pelajaran Malaysia' is set on object 'Object Repository/PROJECT WEB/Education Level/Page_OrangeHRM/input_Level_oxd-input oxd-input--focus'

2023-05-31 18:39:44 - [TEST_STEP][PASSED] - verifyElementPresent(findTestObject("PROJECT WEB/Education Level/Page_OrangeHRM/span_Already exists"), 0): Object 'Object Repository/PROJECT WEB/Education Level/Page_OrangeHRM/span_Already exists' is present

2023-05-31 18:39:44 - [MESSAGE][WARNING] - Timeout '0' is invalid. Using default page load timeout: '30'

2023-05-31 18:39:44 - [MESSAGE][PASSED] - Object 'Object Repository/PROJECT WEB/Education Level/Page_OrangeHRM/span_Already exists' is present]]></system-out>
         <system-err><![CDATA[]]></system-err>
      </testcase>
      <testcase name="Test Cases/PROJECT WEB/F6_Education Qualification/Add Education Level/EQ1_TC3_Not Enter Education Level (N)" time="77.358" classname="Test Cases/PROJECT WEB/F6_Education Qualification/Add Education Level/EQ1_TC3_Not Enter Education Level (N)" status="PASSED">
         <system-out><![CDATA[2023-05-31 18:40:16 - [TEST_CASE][PASSED] - Test Cases/PROJECT WEB/F6_Education Qualification/Add Education Level/EQ1_TC3_Not Enter Education Level (N): Test Cases/PROJECT WEB/F6_Education Qualification/Add Education Level/EQ1_TC3_Not Enter Education Level (N)

2023-05-31 18:40:16 - [TEST_STEP][PASSED] - callTestCase(findTestCase("PROJECT WEB/Common/F1_LoginFeatures/LF1_TC1_SUCCESSFULY LOGIN (P)"), ["username":"Admin", "password":"hUKwJTbofgPU9eVlw/CnDQ=="], STOP_ON_FAILURE): Call Test Case 'Test Cases/PROJECT WEB/Common/F1_LoginFeatures/LF1_TC1_SUCCESSFULY LOGIN (P)' successfully

2023-05-31 18:40:16 - [TEST_CASE][PASSED] - Test Cases/PROJECT WEB/Common/F1_LoginFeatures/LF1_TC1_SUCCESSFULY LOGIN (P): Test Cases/PROJECT WEB/Common/F1_LoginFeatures/LF1_TC1_SUCCESSFULY LOGIN (P)

2023-05-31 18:40:16 - [TEST_STEP][PASSED] - openBrowser(""): Browser is opened with url: ''

2023-05-31 18:40:16 - [MESSAGE][WARNING] - A browser is already opened. Closing browser and opening a new one

2023-05-31 18:40:17 - [MESSAGE][INFO] - Starting 'Chrome' driver

2023-05-31 18:40:17 - [MESSAGE][INFO] - User set preference: ['--window-size=1920,1080', '0']

2023-05-31 18:40:17 - [MESSAGE][INFO] - Action delay is set to 0 milliseconds

2023-05-31 18:40:18 - [MESSAGE][PASSED] - Browser is opened with url: ''

2023-05-31 18:40:18 - [TEST_STEP][PASSED] - maximizeWindow(): Current window maximized

2023-05-31 18:40:18 - [MESSAGE][PASSED] - Current window maximized

2023-05-31 18:40:18 - [TEST_STEP][PASSED] - navigateToUrl("https://opensource-demo.orangehrmlive.com/web/index.php/auth/login"): Navigate to 'https://opensource-demo.orangehrmlive.com/web/index.php/auth/login' successfully

2023-05-31 18:40:26 - [MESSAGE][PASSED] - Navigate to 'https://opensource-demo.orangehrmlive.com/web/index.php/auth/login' successfully

2023-05-31 18:40:26 - [TEST_STEP][PASSED] - setText(findTestObject("PROJECT WEB/Common/Page_OrangeHRM/input_Username"), username): Text 'Admin' is set on object 'Object Repository/PROJECT WEB/Common/Page_OrangeHRM/input_Username'

2023-05-31 18:40:28 - [MESSAGE][PASSED] - Text 'Admin' is set on object 'Object Repository/PROJECT WEB/Common/Page_OrangeHRM/input_Username'

2023-05-31 18:40:28 - [TEST_STEP][PASSED] - setEncryptedText(findTestObject("PROJECT WEB/Common/Page_OrangeHRM/input_Password"), password): Text ****** has been set on object 'Object Repository/PROJECT WEB/Common/Page_OrangeHRM/input_Password'

2023-05-31 18:40:28 - [MESSAGE][PASSED] - Text ****** has been set on object 'Object Repository/PROJECT WEB/Common/Page_OrangeHRM/input_Password'

2023-05-31 18:40:28 - [TEST_STEP][PASSED] - click(findTestObject("PROJECT WEB/Common/Page_OrangeHRM/button_Login")): Object: 'Object Repository/PROJECT WEB/Common/Page_OrangeHRM/button_Login' is clicked on

2023-05-31 18:40:29 - [MESSAGE][PASSED] - Object: 'Object Repository/PROJECT WEB/Common/Page_OrangeHRM/button_Login' is clicked on

2023-05-31 18:40:29 - [TEST_STEP][PASSED] - verifyElementPresent(findTestObject("PROJECT WEB/Common/Page_OrangeHRM/h6_Dashboard"), 0): Object 'Object Repository/PROJECT WEB/Common/Page_OrangeHRM/h6_Dashboard' is present

2023-05-31 18:40:29 - [MESSAGE][WARNING] - Timeout '0' is invalid. Using default page load timeout: '30'

2023-05-31 18:40:32 - [MESSAGE][PASSED] - Object 'Object Repository/PROJECT WEB/Common/Page_OrangeHRM/h6_Dashboard' is present

2023-05-31 18:40:32 - [MESSAGE][PASSED] - Call Test Case 'Test Cases/PROJECT WEB/Common/F1_LoginFeatures/LF1_TC1_SUCCESSFULY LOGIN (P)' successfully

2023-05-31 18:40:32 - [TEST_STEP][PASSED] - click(findTestObject("Object Repository/PROJECT WEB/Education Level/Page_OrangeHRM/a_Admin")): Object: 'Object Repository/PROJECT WEB/Education Level/Page_OrangeHRM/a_Admin' is clicked on

2023-05-31 18:40:46 - [MESSAGE][PASSED] - Object: 'Object Repository/PROJECT WEB/Education Level/Page_OrangeHRM/a_Admin' is clicked on

2023-05-31 18:40:46 - [TEST_STEP][PASSED] - navigateToUrl("https://opensource-demo.orangehrmlive.com/web/index.php/admin/viewSystemUsers"): Navigate to 'https://opensource-demo.orangehrmlive.com/web/index.php/admin/viewSystemUsers' successfully

2023-05-31 18:40:47 - [MESSAGE][PASSED] - Navigate to 'https://opensource-demo.orangehrmlive.com/web/index.php/admin/viewSystemUsers' successfully

2023-05-31 18:40:47 - [TEST_STEP][PASSED] - click(findTestObject("Object Repository/PROJECT WEB/Education Level/Page_OrangeHRM/span_Qualifications")): Object: 'Object Repository/PROJECT WEB/Education Level/Page_OrangeHRM/span_Qualifications' is clicked on

2023-05-31 18:40:49 - [MESSAGE][PASSED] - Object: 'Object Repository/PROJECT WEB/Education Level/Page_OrangeHRM/span_Qualifications' is clicked on

2023-05-31 18:40:49 - [TEST_STEP][PASSED] - click(findTestObject("Object Repository/PROJECT WEB/Education Level/Page_OrangeHRM/a_Education")): Object: 'Object Repository/PROJECT WEB/Education Level/Page_OrangeHRM/a_Education' is clicked on

2023-05-31 18:41:28 - [MESSAGE][PASSED] - Object: 'Object Repository/PROJECT WEB/Education Level/Page_OrangeHRM/a_Education' is clicked on

2023-05-31 18:41:28 - [TEST_STEP][PASSED] - click(findTestObject("Object Repository/PROJECT WEB/Education Level/Page_OrangeHRM/button_Add")): Object: 'Object Repository/PROJECT WEB/Education Level/Page_OrangeHRM/button_Add' is clicked on

2023-05-31 18:41:31 - [MESSAGE][PASSED] - Object: 'Object Repository/PROJECT WEB/Education Level/Page_OrangeHRM/button_Add' is clicked on

2023-05-31 18:41:31 - [TEST_STEP][PASSED] - setText(findTestObject("Object Repository/PROJECT WEB/Education Level/Page_OrangeHRM/input_Level_oxd-input oxd-input--focus"), ""): Text '' is set on object 'Object Repository/PROJECT WEB/Education Level/Page_OrangeHRM/input_Level_oxd-input oxd-input--focus'

2023-05-31 18:41:33 - [MESSAGE][PASSED] - Text '' is set on object 'Object Repository/PROJECT WEB/Education Level/Page_OrangeHRM/input_Level_oxd-input oxd-input--focus'

2023-05-31 18:41:33 - [TEST_STEP][PASSED] - click(findTestObject("PROJECT WEB/Education Level/Page_OrangeHRM/button_Save")): Object: 'Object Repository/PROJECT WEB/Education Level/Page_OrangeHRM/button_Save' is clicked on

2023-05-31 18:41:33 - [MESSAGE][PASSED] - Object: 'Object Repository/PROJECT WEB/Education Level/Page_OrangeHRM/button_Save' is clicked on

2023-05-31 18:41:33 - [TEST_STEP][PASSED] - verifyElementPresent(findTestObject("PROJECT WEB/Education Level/Page_OrangeHRM/span_Required"), 0): Object 'Object Repository/PROJECT WEB/Education Level/Page_OrangeHRM/span_Required' is present

2023-05-31 18:41:33 - [MESSAGE][WARNING] - Timeout '0' is invalid. Using default page load timeout: '30'

2023-05-31 18:41:34 - [MESSAGE][PASSED] - Object 'Object Repository/PROJECT WEB/Education Level/Page_OrangeHRM/span_Required' is present]]></system-out>
         <system-err><![CDATA[]]></system-err>
      </testcase>
      <system-out><![CDATA[2023-05-31 18:38:55 - [TEST_SUITE][FAILED] - F6_EduQualification: Test Cases/PROJECT WEB/F6_Education Qualification/Add Education Level/EQ1_TC3_Not Enter Education Level (N) FAILED.
Reason:
com.kms.katalon.core.exception.StepFailedException: Unable to set text '' of object 'Object Repository/PROJECT WEB/Education Level/Page_OrangeHRM/input_Level_oxd-input oxd-input--focus'
	at com.kms.katalon.core.webui.keyword.internal.WebUIKeywordMain.stepFailed(WebUIKeywordMain.groovy:64)
	at com.kms.katalon.core.webui.keyword.internal.WebUIKeywordMain.runKeyword(WebUIKeywordMain.groovy:26)
	at com.kms.katalon.core.webui.keyword.builtin.SetTextKeyword.setText(SetTextKeyword.groovy:66)
	at com.kms.katalon.core.webui.keyword.builtin.SetTextKeyword.execute(SetTextKeyword.groovy:37)
	at com.kms.katalon.core.keyword.internal.KeywordExecutor.executeKeywordForPlatform(KeywordExecutor.groovy:74)
	at com.kms.katalon.core.webui.keyword.WebUiBuiltInKeywords.setText(WebUiBuiltInKeywords.groovy:980)
	at com.kms.katalon.core.webui.keyword.WebUiBuiltInKeywords$setText$2.call(Unknown Source)
	at EQ1_TC3_Not Enter Education Level (N).run(EQ1_TC3_Not Enter Education Level (N):33)
	at com.kms.katalon.core.main.ScriptEngine.run(ScriptEngine.java:194)
	at com.kms.katalon.core.main.ScriptEngine.runScriptAsRawText(ScriptEngine.java:119)
	at com.kms.katalon.core.main.TestCaseExecutor.runScript(TestCaseExecutor.java:448)
	at com.kms.katalon.core.main.TestCaseExecutor.doExecute(TestCaseExecutor.java:439)
	at com.kms.katalon.core.main.TestCaseExecutor.processExecutionPhase(TestCaseExecutor.java:418)
	at com.kms.katalon.core.main.TestCaseExecutor.accessMainPhase(TestCaseExecutor.java:410)
	at com.kms.katalon.core.main.TestCaseExecutor.execute(TestCaseExecutor.java:285)
	at com.kms.katalon.core.common.CommonExecutor.accessTestCaseMainPhase(CommonExecutor.java:65)
	at com.kms.katalon.core.main.TestSuiteExecutor.accessTestSuiteMainPhase(TestSuiteExecutor.java:148)
	at com.kms.katalon.core.main.TestSuiteExecutor.execute(TestSuiteExecutor.java:106)
	at com.kms.katalon.core.main.TestCaseMain.startTestSuite(TestCaseMain.java:187)
	at com.kms.katalon.core.main.TestCaseMain$startTestSuite$0.call(Unknown Source)
	at TempTestSuite1685529524017.run(TempTestSuite1685529524017.groovy:36)
Caused by: com.kms.katalon.core.webui.exception.WebElementNotFoundException: Web element with id: 'Object Repository/PROJECT WEB/Education Level/Page_OrangeHRM/input_Level_oxd-input oxd-input--focus' located by '//div[@id='app']/div/div[2]/div[2]/div/div/form/div/div/div[2]/input' not found
	at com.kms.katalon.core.webui.common.WebUiCommonHelper.findWebElement(WebUiCommonHelper.java:1376)
	at com.kms.katalon.core.webui.keyword.internal.WebUIAbstractKeyword.findWebElement(WebUIAbstractKeyword.groovy:27)
	at com.kms.katalon.core.webui.keyword.internal.WebUIAbstractKeyword.findWebElement(WebUIAbstractKeyword.groovy:26)
	at com.kms.katalon.core.webui.keyword.builtin.SetTextKeyword$_setText_closure1.doCall(SetTextKeyword.groovy:51)
	at com.kms.katalon.core.webui.keyword.builtin.SetTextKeyword$_setText_closure1.call(SetTextKeyword.groovy)
	at com.kms.katalon.core.webui.keyword.internal.WebUIKeywordMain.runKeyword(WebUIKeywordMain.groovy:20)
	... 19 more]]></system-out>
      <system-err><![CDATA[2023-05-31 18:38:55 - [TEST_SUITE][FAILED] - F6_EduQualification: Test Cases/PROJECT WEB/F6_Education Qualification/Add Education Level/EQ1_TC3_Not Enter Education Level (N) FAILED.
Reason:
com.kms.katalon.core.exception.StepFailedException: Unable to set text '' of object 'Object Repository/PROJECT WEB/Education Level/Page_OrangeHRM/input_Level_oxd-input oxd-input--focus'
	at com.kms.katalon.core.webui.keyword.internal.WebUIKeywordMain.stepFailed(WebUIKeywordMain.groovy:64)
	at com.kms.katalon.core.webui.keyword.internal.WebUIKeywordMain.runKeyword(WebUIKeywordMain.groovy:26)
	at com.kms.katalon.core.webui.keyword.builtin.SetTextKeyword.setText(SetTextKeyword.groovy:66)
	at com.kms.katalon.core.webui.keyword.builtin.SetTextKeyword.execute(SetTextKeyword.groovy:37)
	at com.kms.katalon.core.keyword.internal.KeywordExecutor.executeKeywordForPlatform(KeywordExecutor.groovy:74)
	at com.kms.katalon.core.webui.keyword.WebUiBuiltInKeywords.setText(WebUiBuiltInKeywords.groovy:980)
	at com.kms.katalon.core.webui.keyword.WebUiBuiltInKeywords$setText$2.call(Unknown Source)
	at EQ1_TC3_Not Enter Education Level (N).run(EQ1_TC3_Not Enter Education Level (N):33)
	at com.kms.katalon.core.main.ScriptEngine.run(ScriptEngine.java:194)
	at com.kms.katalon.core.main.ScriptEngine.runScriptAsRawText(ScriptEngine.java:119)
	at com.kms.katalon.core.main.TestCaseExecutor.runScript(TestCaseExecutor.java:448)
	at com.kms.katalon.core.main.TestCaseExecutor.doExecute(TestCaseExecutor.java:439)
	at com.kms.katalon.core.main.TestCaseExecutor.processExecutionPhase(TestCaseExecutor.java:418)
	at com.kms.katalon.core.main.TestCaseExecutor.accessMainPhase(TestCaseExecutor.java:410)
	at com.kms.katalon.core.main.TestCaseExecutor.execute(TestCaseExecutor.java:285)
	at com.kms.katalon.core.common.CommonExecutor.accessTestCaseMainPhase(CommonExecutor.java:65)
	at com.kms.katalon.core.main.TestSuiteExecutor.accessTestSuiteMainPhase(TestSuiteExecutor.java:148)
	at com.kms.katalon.core.main.TestSuiteExecutor.execute(TestSuiteExecutor.java:106)
	at com.kms.katalon.core.main.TestCaseMain.startTestSuite(TestCaseMain.java:187)
	at com.kms.katalon.core.main.TestCaseMain$startTestSuite$0.call(Unknown Source)
	at TempTestSuite1685529524017.run(TempTestSuite1685529524017.groovy:36)
Caused by: com.kms.katalon.core.webui.exception.WebElementNotFoundException: Web element with id: 'Object Repository/PROJECT WEB/Education Level/Page_OrangeHRM/input_Level_oxd-input oxd-input--focus' located by '//div[@id='app']/div/div[2]/div[2]/div/div/form/div/div/div[2]/input' not found
	at com.kms.katalon.core.webui.common.WebUiCommonHelper.findWebElement(WebUiCommonHelper.java:1376)
	at com.kms.katalon.core.webui.keyword.internal.WebUIAbstractKeyword.findWebElement(WebUIAbstractKeyword.groovy:27)
	at com.kms.katalon.core.webui.keyword.internal.WebUIAbstractKeyword.findWebElement(WebUIAbstractKeyword.groovy:26)
	at com.kms.katalon.core.webui.keyword.builtin.SetTextKeyword$_setText_closure1.doCall(SetTextKeyword.groovy:51)
	at com.kms.katalon.core.webui.keyword.builtin.SetTextKeyword$_setText_closure1.call(SetTextKeyword.groovy)
	at com.kms.katalon.core.webui.keyword.internal.WebUIKeywordMain.runKeyword(WebUIKeywordMain.groovy:20)
	... 19 more]]></system-err>
   </testsuite>
</testsuites>
